Soy Javier Ruiz y me dispongo a pimplar cerveza.
Soy Jose Manuel AvilÈs y me dispongo a pimplar cerveza.
Javier Ruiz se est√° bebiendo un vaso. Lleva bebidos 0.3 l. Su cerveza en sangre son 0.3 l y su tasa de alcoholemia UBE es de :0.10800002 En el barril quedan 9.7 l
Soy Daniel PÈrez y me dispongo a pimplar cerveza.
Soy Juanlu Ceacero y me dispongo a pimplar cerveza.
Soy Antonio Calvente y me dispongo a pimplar cerveza.
Soy Yuliia Melnyk y me dispongo a pimplar cerveza.
Javier Ruiz se ha terminado su vaso, va a por otro.
Jose Manuel AvilÈs se est√° bebiendo un vaso. Lleva bebidos 0.3 l. Su cerveza en sangre son 0.3 l y su tasa de alcoholemia UBE es de :0.10800002 En el barril quedan 9.4 l
Jose Manuel AvilÈs se ha terminado su vaso, va a por otro.
Daniel PÈrez se est√° bebiendo un vaso. Lleva bebidos 0.3 l. Su cerveza en sangre son 0.3 l y su tasa de alcoholemia UBE es de :0.10800002 En el barril quedan 9.099999 l
Soy Francisco EspaÒa y me dispongo a pimplar cerveza.
Daniel PÈrez se ha terminado su vaso, va a por otro.
Juanlu Ceacero se est√° bebiendo un vaso. Lleva bebidos 0.3 l. Su cerveza en sangre son 0.3 l y su tasa de alcoholemia UBE es de :0.10800002 En el barril quedan 8.799999 l
Juanlu Ceacero se ha terminado su vaso, va a por otro.
Antonio Calvente se est√° bebiendo un vaso. Lleva bebidos 0.3 l. Su cerveza en sangre son 0.3 l y su tasa de alcoholemia UBE es de :0.10800002 En el barril quedan 8.499999 l
Soy Norberto Vargas y me dispongo a pimplar cerveza.
Soy MarÌa Sanchez y me dispongo a pimplar cerveza.
Soy Nico Fern·ndez y me dispongo a pimplar cerveza.
Soy Ra˙l Gonz·lez Parra y me dispongo a pimplar cerveza.
Antonio Calvente se ha terminado su vaso, va a por otro.
Yuliia Melnyk se est√° bebiendo un vaso. Lleva bebidos 0.3 l. Su cerveza en sangre son 0.3 l y su tasa de alcoholemia UBE es de :0.10800002 En el barril quedan 8.199999 l
Soy Javier Alcalde y me dispongo a pimplar cerveza.
Soy Cristina Carrillo y me dispongo a pimplar cerveza.
Soy Jaime S·nchez y me dispongo a pimplar cerveza.
Soy Alex RÌos y me dispongo a pimplar cerveza.
Soy ¡lvaro Lopez y me dispongo a pimplar cerveza.
Yuliia Melnyk se ha terminado su vaso, va a por otro.
Javier Ruiz se est√° bebiendo un vaso. Lleva bebidos 0.6 l. Su cerveza en sangre son 0.6 l y su tasa de alcoholemia UBE es de :0.21600004 En el barril quedan 7.8999987 l
Javier Ruiz se ha terminado su vaso, va a por otro.
Jose Manuel AvilÈs se est√° bebiendo un vaso. Lleva bebidos 0.6 l. Su cerveza en sangre son 0.6 l y su tasa de alcoholemia UBE es de :0.21600004 En el barril quedan 7.5999985 l
Jose Manuel AvilÈs se ha terminado su vaso, va a por otro.
Francisco EspaÒa se est√° bebiendo un vaso. Lleva bebidos 0.3 l. Su cerveza en sangre son 0.3 l y su tasa de alcoholemia UBE es de :0.10800002 En el barril quedan 7.2999983 l
Francisco EspaÒa se ha terminado su vaso, va a por otro.
Daniel PÈrez se est√° bebiendo un vaso. Lleva bebidos 0.6 l. Su cerveza en sangre son 0.6 l y su tasa de alcoholemia UBE es de :0.21600004 En el barril quedan 6.999998 l
Daniel PÈrez se ha terminado su vaso, va a por otro.
Juanlu Ceacero se est√° bebiendo un vaso. Lleva bebidos 0.6 l. Su cerveza en sangre son 0.6 l y su tasa de alcoholemia UBE es de :0.21600004 En el barril quedan 6.699998 l
Juanlu Ceacero se ha terminado su vaso, va a por otro.
Norberto Vargas se est√° bebiendo un vaso. Lleva bebidos 0.3 l. Su cerveza en sangre son 0.3 l y su tasa de alcoholemia UBE es de :0.10800002 En el barril quedan 6.3999977 l
Norberto Vargas se ha terminado su vaso, va a por otro.
MarÌa Sanchez se est√° bebiendo un vaso. Lleva bebidos 0.3 l. Su cerveza en sangre son 0.3 l y su tasa de alcoholemia UBE es de :0.10800002 En el barril quedan 6.0999975 l
MarÌa Sanchez se ha terminado su vaso, va a por otro.
Nico Fern·ndez se est√° bebiendo un vaso. Lleva bebidos 0.3 l. Su cerveza en sangre son 0.3 l y su tasa de alcoholemia UBE es de :0.10800002 En el barril quedan 5.7999973 l
Nico Fern·ndez se ha terminado su vaso, va a por otro.
Ra˙l Gonz·lez Parra se est√° bebiendo un vaso. Lleva bebidos 0.3 l. Su cerveza en sangre son 0.3 l y su tasa de alcoholemia UBE es de :0.10800002 En el barril quedan 5.499997 l
Ra˙l Gonz·lez Parra se ha terminado su vaso, va a por otro.
Antonio Calvente se est√° bebiendo un vaso. Lleva bebidos 0.6 l. Su cerveza en sangre son 0.6 l y su tasa de alcoholemia UBE es de :0.21600004 En el barril quedan 5.199997 l
Antonio Calvente se ha terminado su vaso, va a por otro.
Javier Alcalde se est√° bebiendo un vaso. Lleva bebidos 0.3 l. Su cerveza en sangre son 0.3 l y su tasa de alcoholemia UBE es de :0.10800002 En el barril quedan 4.8999968 l
Javier Alcalde se ha terminado su vaso, va a por otro.
Cristina Carrillo se est√° bebiendo un vaso. Lleva bebidos 0.3 l. Su cerveza en sangre son 0.3 l y su tasa de alcoholemia UBE es de :0.10800002 En el barril quedan 4.5999966 l
Cristina Carrillo se ha terminado su vaso, va a por otro.
Jaime S·nchez se est√° bebiendo un vaso. Lleva bebidos 0.3 l. Su cerveza en sangre son 0.3 l y su tasa de alcoholemia UBE es de :0.10800002 En el barril quedan 4.2999964 l
Jaime S·nchez se ha terminado su vaso, va a por otro.
Alex RÌos se est√° bebiendo un vaso. Lleva bebidos 0.3 l. Su cerveza en sangre son 0.3 l y su tasa de alcoholemia UBE es de :0.10800002 En el barril quedan 3.9999964 l
Alex RÌos se ha terminado su vaso, va a por otro.
¡lvaro Lopez se est√° bebiendo un vaso. Lleva bebidos 0.3 l. Su cerveza en sangre son 0.3 l y su tasa de alcoholemia UBE es de :0.10800002 En el barril quedan 3.6999965 l
¡lvaro Lopez se ha terminado su vaso, va a por otro.
Yuliia Melnyk se est√° bebiendo un vaso. Lleva bebidos 0.6 l. Su cerveza en sangre son 0.6 l y su tasa de alcoholemia UBE es de :0.21600004 En el barril quedan 3.3999965 l
Yuliia Melnyk se ha terminado su vaso, va a por otro.
Javier Ruiz se est√° bebiendo un vaso. Lleva bebidos 0.90000004 l. Su cerveza en sangre son 0.90000004 l y su tasa de alcoholemia UBE es de :0.324 En el barril quedan 3.0999966 l
Javier Ruiz se ha terminado su vaso, va a por otro.
Jose Manuel AvilÈs se est√° bebiendo un vaso. Lleva bebidos 0.90000004 l. Su cerveza en sangre son 0.90000004 l y su tasa de alcoholemia UBE es de :0.324 En el barril quedan 2.7999966 l
Jose Manuel AvilÈs se ha terminado su vaso, va a por otro.
Francisco EspaÒa se est√° bebiendo un vaso. Lleva bebidos 0.6 l. Su cerveza en sangre son 0.6 l y su tasa de alcoholemia UBE es de :0.21600004 En el barril quedan 2.4999967 l
Francisco EspaÒa se ha terminado su vaso, va a por otro.
Daniel PÈrez se est√° bebiendo un vaso. Lleva bebidos 0.90000004 l. Su cerveza en sangre son 0.90000004 l y su tasa de alcoholemia UBE es de :0.324 En el barril quedan 2.1999967 l
Daniel PÈrez se ha terminado su vaso, va a por otro.
Juanlu Ceacero se est√° bebiendo un vaso. Lleva bebidos 0.90000004 l. Su cerveza en sangre son 0.90000004 l y su tasa de alcoholemia UBE es de :0.324 En el barril quedan 1.8999968 l
Juanlu Ceacero se ha terminado su vaso, va a por otro.
Norberto Vargas se est√° bebiendo un vaso. Lleva bebidos 0.6 l. Su cerveza en sangre son 0.6 l y su tasa de alcoholemia UBE es de :0.21600004 En el barril quedan 1.5999968 l
Norberto Vargas se ha terminado su vaso, va a por otro.
MarÌa Sanchez se est√° bebiendo un vaso. Lleva bebidos 0.6 l. Su cerveza en sangre son 0.6 l y su tasa de alcoholemia UBE es de :0.21600004 En el barril quedan 1.2999969 l
MarÌa Sanchez se ha terminado su vaso, va a por otro.
Nico Fern·ndez se est√° bebiendo un vaso. Lleva bebidos 0.6 l. Su cerveza en sangre son 0.6 l y su tasa de alcoholemia UBE es de :0.21600004 En el barril quedan 0.99999684 l
Nico Fern·ndez se ha terminado su vaso, va a por otro.
Ra˙l Gonz·lez Parra se est√° bebiendo un vaso. Lleva bebidos 0.6 l. Su cerveza en sangre son 0.6 l y su tasa de alcoholemia UBE es de :0.21600004 En el barril quedan 0.6999968 l
Ra˙l Gonz·lez Parra se ha terminado su vaso, va a por otro.
Antonio Calvente se est√° bebiendo un vaso. Lleva bebidos 0.90000004 l. Su cerveza en sangre son 0.90000004 l y su tasa de alcoholemia UBE es de :0.324 En el barril quedan 0.39999682 l
Antonio Calvente se ha terminado su vaso, va a por otro.
Javier Alcalde se est√° bebiendo un vaso. Lleva bebidos 0.6 l. Su cerveza en sangre son 0.39999682 l y su tasa de alcoholemia UBE es de :0.14399888 En el barril quedan 0.09999682 l
Javier Alcalde se ha terminado su vaso, va a por otro.
Cristina Carrillo se est√° bebiendo un vaso. Lleva bebidos 0.39999682 l. Su cerveza en sangre son 0.3 l y su tasa de alcoholemia UBE es de :0.10800002 En el barril quedan 0.0 l
Cristina Carrillo se ha terminado su vaso, va a por otro.
Jaime S·nchez se encuentra que el barril est√° vac√≠o. Espera a que lo llenen
El productor detecta que el barril est· vaciÛ, lo rellena.
Alex RÌos se encuentra que el barril est√° vac√≠o. Espera a que lo llenen
¡lvaro Lopez se encuentra que el barril est√° vac√≠o. Espera a que lo llenen
Yuliia Melnyk se encuentra que el barril est√° vac√≠o. Espera a que lo llenen
Javier Ruiz se encuentra que el barril est√° vac√≠o. Espera a que lo llenen
Jose Manuel AvilÈs se encuentra que el barril est√° vac√≠o. Espera a que lo llenen
Francisco EspaÒa se encuentra que el barril est√° vac√≠o. Espera a que lo llenen
Daniel PÈrez se encuentra que el barril est√° vac√≠o. Espera a que lo llenen
Juanlu Ceacero se encuentra que el barril est√° vac√≠o. Espera a que lo llenen
Norberto Vargas se encuentra que el barril est√° vac√≠o. Espera a que lo llenen
MarÌa Sanchez se encuentra que el barril est√° vac√≠o. Espera a que lo llenen
Nico Fern·ndez se encuentra que el barril est√° vac√≠o. Espera a que lo llenen
Ra˙l Gonz·lez Parra se encuentra que el barril est√° vac√≠o. Espera a que lo llenen
Antonio Calvente se encuentra que el barril est√° vac√≠o. Espera a que lo llenen
Javier Alcalde se encuentra que el barril est√° vac√≠o. Espera a que lo llenen
Cristina Carrillo se encuentra que el barril est√° vac√≠o. Espera a que lo llenen
Jaime S·nchez se est√° bebiendo un vaso. Lleva bebidos 0.6 l. Su cerveza en sangre son 0.6 l y su tasa de alcoholemia UBE es de :0.21600004 En el barril quedan 9.7 l
Jaime S·nchez se ha terminado su vaso, va a por otro.
Alex RÌos se est√° bebiendo un vaso. Lleva bebidos 0.6 l. Su cerveza en sangre son 0.6 l y su tasa de alcoholemia UBE es de :0.21600004 En el barril quedan 9.4 l
Alex RÌos se ha terminado su vaso, va a por otro.
¡lvaro Lopez se est√° bebiendo un vaso. Lleva bebidos 0.6 l. Su cerveza en sangre son 0.6 l y su tasa de alcoholemia UBE es de :0.21600004 En el barril quedan 9.099999 l
¡lvaro Lopez se ha terminado su vaso, va a por otro.
Yuliia Melnyk se est√° bebiendo un vaso. Lleva bebidos 0.90000004 l. Su cerveza en sangre son 0.90000004 l y su tasa de alcoholemia UBE es de :0.324 En el barril quedan 8.799999 l
Javier Alcalde se va a su casa, ha terminado aqu√≠.
Ra˙l Gonz·lez Parra se va a su casa, ha terminado aqu√≠.
Cristina Carrillo se va a su casa, ha terminado aqu√≠.
MarÌa Sanchez se va a su casa, ha terminado aqu√≠.
Antonio Calvente se va a su casa, ha terminado aqu√≠.
Jose Manuel AvilÈs se va a su casa, ha terminado aqu√≠.
Yuliia Melnyk se ha terminado su vaso, va a por otro.
Javier Ruiz se est√° bebiendo un vaso. Lleva bebidos 1.2 l. Su cerveza en sangre son 1.2 l y su tasa de alcoholemia UBE es de :0.43200007 En el barril quedan 8.499999 l
Yuliia Melnyk se va a su casa, ha terminado aqu√≠.
Norberto Vargas se va a su casa, ha terminado aqu√≠.
Javier Ruiz se ha terminado su vaso, va a por otro.
Javier Ruiz se va a su casa, ha terminado aqu√≠.
Francisco EspaÒa se va a su casa, ha terminado aqu√≠.
Daniel PÈrez se va a su casa, ha terminado aqu√≠.
Juanlu Ceacero se va a su casa, ha terminado aqu√≠.
Alex RÌos se va a su casa, ha terminado aqu√≠.
Jaime S·nchez se va a su casa, ha terminado aqu√≠.
¡lvaro Lopez se va a su casa, ha terminado aqu√≠.
Nico Fern·ndez se va a su casa, ha terminado aqu√≠.


----EJECUCI”N DE HIJOS TERMINADA------
Valor de salida del consumidor: Javier Alcalde : 0
Valor de salida del consumidor: Ra˙l Gonz·lez Parra : 0
Valor de salida del consumidor: Cristina Carrillo : 0
Valor de salida del consumidor: MarÌa Sanchez : 0
Valor de salida del consumidor: Antonio Calvente : 0
Valor de salida del consumidor: Jose Manuel AvilÈs : 0
Valor de salida del consumidor: Yuliia Melnyk : 0
Valor de salida del consumidor: Norberto Vargas : 0
Valor de salida del consumidor: Javier Ruiz : 0
Valor de salida del consumidor: Francisco EspaÒa : 0
Valor de salida del consumidor: Daniel PÈrez : 0
Valor de salida del consumidor: Juanlu Ceacero : 0
Valor de salida del consumidor: Alex RÌos : 0
Valor de salida del consumidor: Jaime S·nchez : 0
Valor de salida del consumidor: ¡lvaro Lopez : 0
Valor de salida del consumidor: Nico Fern·ndez : 0
----
Todos los hijos han terminado.
------------------------------
