Soy Mar眼 Sanchez y me dispongo a pimplar cerveza.
Mar眼 Sanchez se est치 bebiendo un vaso. Lleva bebidos 0.3 l. Su cerveza en sangre son 0.3 l y su tasa de alcoholemia UBE es de :0.10800002 En el barril quedan 8.799999 l
Mar眼 Sanchez se ha terminado su vaso, va a por otro.
Mar眼 Sanchez se est치 bebiendo un vaso. Lleva bebidos 0.6 l. Su cerveza en sangre son 0.6 l y su tasa de alcoholemia UBE es de :0.21600004 En el barril quedan 6.3999977 l
Mar眼 Sanchez se ha terminado su vaso, va a por otro.
Mar眼 Sanchez se est치 bebiendo un vaso. Lleva bebidos 0.90000004 l. Su cerveza en sangre son 0.90000004 l y su tasa de alcoholemia UBE es de :0.324 En el barril quedan 5.499997 l
Mar眼 Sanchez se ha terminado su vaso, va a por otro.
Mar眼 Sanchez se est치 bebiendo un vaso. Lleva bebidos 1.2 l. Su cerveza en sangre son 1.2 l y su tasa de alcoholemia UBE es de :0.43200007 En el barril quedan 4.2999964 l
Mar眼 Sanchez se ha terminado su vaso, va a por otro.
Mar眼 Sanchez se est치 bebiendo un vaso. Lleva bebidos 1.5 l. Su cerveza en sangre son 1.5 l y su tasa de alcoholemia UBE es de :0.54 En el barril quedan 1.2999969 l
Mar眼 Sanchez se ha terminado su vaso, va a por otro.
Mar眼 Sanchez se est치 bebiendo un vaso. Lleva bebidos 1.8 l. Su cerveza en sangre son 1.8 l y su tasa de alcoholemia UBE es de :0.648 En el barril quedan 9.4 l
Mar眼 Sanchez se ha terminado su vaso, va a por otro.
Mar眼 Sanchez se est치 bebiendo un vaso. Lleva bebidos 2.1 l. Su cerveza en sangre son 2.1 l y su tasa de alcoholemia UBE es de :0.7559999 En el barril quedan 8.499999 l
Mar眼 Sanchez se ha terminado su vaso, va a por otro.
Mar眼 Sanchez se est치 bebiendo un vaso. Lleva bebidos 2.3999999 l. Su cerveza en sangre son 2.3999999 l y su tasa de alcoholemia UBE es de :0.86399996 En el barril quedan 7.8999987 l
Mar眼 Sanchez se ha terminado su vaso, va a por otro.
Mar眼 Sanchez se est치 bebiendo un vaso. Lleva bebidos 2.6999998 l. Su cerveza en sangre son 2.6999998 l y su tasa de alcoholemia UBE es de :0.97199994 En el barril quedan 6.999998 l
Mar眼 Sanchez se ha terminado su vaso, va a por otro.
Mar眼 Sanchez se est치 bebiendo un vaso. Lleva bebidos 2.9999998 l. Su cerveza en sangre son 2.9999998 l y su tasa de alcoholemia UBE es de :1.0799999 En el barril quedan 6.0999975 l
Mar眼 Sanchez se ha terminado su vaso, va a por otro.
Mar眼 Sanchez se est치 bebiendo un vaso. Lleva bebidos 3.2999997 l. Su cerveza en sangre son 3.2999997 l y su tasa de alcoholemia UBE es de :1.1879998 En el barril quedan 5.499997 l
Mar眼 Sanchez se ha terminado su vaso, va a por otro.
Mar眼 Sanchez se ha pasado bebiendo. Tiene que reposar un poco antes de seguir
Mar眼 Sanchez se est치 bebiendo un vaso. Lleva bebidos 3.5999997 l. Su cerveza en sangre son 2.0999997 l y su tasa de alcoholemia UBE es de :0.7559999 En el barril quedan 6.3999977 l
Mar眼 Sanchez se ha terminado su vaso, va a por otro.
Mar眼 Sanchez se est치 bebiendo un vaso. Lleva bebidos 3.8999996 l. Su cerveza en sangre son 2.3999996 l y su tasa de alcoholemia UBE es de :0.86399996 En el barril quedan 5.199997 l
Mar眼 Sanchez se ha terminado su vaso, va a por otro.
Mar眼 Sanchez se est치 bebiendo un vaso. Lleva bebidos 4.2 l. Su cerveza en sangre son 2.6999996 l y su tasa de alcoholemia UBE es de :0.97199994 En el barril quedan 4.8999968 l
Mar眼 Sanchez se ha terminado su vaso, va a por otro.
Mar眼 Sanchez se est치 bebiendo un vaso. Lleva bebidos 4.5 l. Su cerveza en sangre son 2.9999995 l y su tasa de alcoholemia UBE es de :1.0799999 En el barril quedan 4.2999964 l
Mar眼 Sanchez se ha terminado su vaso, va a por otro.
Mar眼 Sanchez se est치 bebiendo un vaso. Lleva bebidos 4.8 l. Su cerveza en sangre son 3.2999995 l y su tasa de alcoholemia UBE es de :1.1879998 En el barril quedan 2.4999967 l
Mar眼 Sanchez se ha terminado su vaso, va a por otro.
Mar眼 Sanchez se ha pasado bebiendo. Tiene que reposar un poco antes de seguir
Mar眼 Sanchez se encuentra que el barril est치 vac칤o. Espera a que lo llenen
Mar眼 Sanchez se encuentra que el barril est치 vac칤o. Espera a que lo llenen
Mar眼 Sanchez se encuentra que el barril est치 vac칤o. Espera a que lo llenen
Mar眼 Sanchez se encuentra que el barril est치 vac칤o. Espera a que lo llenen
Soy Mar眼 Sanchez y me dispongo a pimplar cerveza.
Mar眼 Sanchez se est치 bebiendo un vaso. Lleva bebidos 0.3 l. Su cerveza en sangre son 0.3 l y su tasa de alcoholemia UBE es de :0.10800002 En el barril quedan 7.2999983 l
Mar眼 Sanchez se ha terminado su vaso, va a por otro.
Mar眼 Sanchez se est치 bebiendo un vaso. Lleva bebidos 0.6 l. Su cerveza en sangre son 0.6 l y su tasa de alcoholemia UBE es de :0.21600004 En el barril quedan 2.4999967 l
Mar眼 Sanchez se ha terminado su vaso, va a por otro.
Mar眼 Sanchez se encuentra que el barril est치 vac칤o. Espera a que lo llenen
Soy Mar眼 Sanchez y me dispongo a pimplar cerveza.
Mar眼 Sanchez se est치 bebiendo un vaso. Lleva bebidos 0.3 l. Su cerveza en sangre son 0.3 l y su tasa de alcoholemia UBE es de :0.10800002 En el barril quedan 9.4 l
Mar眼 Sanchez se ha terminado su vaso, va a por otro.
Mar眼 Sanchez se est치 bebiendo un vaso. Lleva bebidos 0.6 l. Su cerveza en sangre son 0.6 l y su tasa de alcoholemia UBE es de :0.21600004 En el barril quedan 7.2999983 l
Mar眼 Sanchez se ha terminado su vaso, va a por otro.
Mar眼 Sanchez se est치 bebiendo un vaso. Lleva bebidos 0.90000004 l. Su cerveza en sangre son 0.90000004 l y su tasa de alcoholemia UBE es de :0.324 En el barril quedan 2.4999967 l
Mar眼 Sanchez se ha terminado su vaso, va a por otro.
Mar眼 Sanchez se encuentra que el barril est치 vac칤o. Espera a que lo llenen
Soy Mar眼 Sanchez y me dispongo a pimplar cerveza.
Mar眼 Sanchez se est치 bebiendo un vaso. Lleva bebidos 0.3 l. Su cerveza en sangre son 0.3 l y su tasa de alcoholemia UBE es de :0.10800002 En el barril quedan 6.0999975 l
Mar眼 Sanchez se ha terminado su vaso, va a por otro.
Mar眼 Sanchez se est치 bebiendo un vaso. Lleva bebidos 0.6 l. Su cerveza en sangre son 0.6 l y su tasa de alcoholemia UBE es de :0.21600004 En el barril quedan 1.2999969 l
Mar眼 Sanchez se ha terminado su vaso, va a por otro.
Mar眼 Sanchez se encuentra que el barril est치 vac칤o. Espera a que lo llenen
