Soy Jose Manuel Avil乶 y me dispongo a pimplar cerveza.
Jose Manuel Avil乶 se est치 bebiendo un vaso. Lleva bebidos 0.3 l. Su cerveza en sangre son 0.3 l y su tasa de alcoholemia UBE es de :0.10800002 En el barril quedan 6.3999977 l
Jose Manuel Avil乶 se ha terminado su vaso, va a por otro.
Jose Manuel Avil乶 se est치 bebiendo un vaso. Lleva bebidos 0.6 l. Su cerveza en sangre son 0.6 l y su tasa de alcoholemia UBE es de :0.21600004 En el barril quedan 5.199997 l
Jose Manuel Avil乶 se ha terminado su vaso, va a por otro.
Jose Manuel Avil乶 se est치 bebiendo un vaso. Lleva bebidos 0.90000004 l. Su cerveza en sangre son 0.90000004 l y su tasa de alcoholemia UBE es de :0.324 En el barril quedan 1.5999968 l
Jose Manuel Avil乶 se ha terminado su vaso, va a por otro.
Jose Manuel Avil乶 se est치 bebiendo un vaso. Lleva bebidos 0.99999684 l. Su cerveza en sangre son 0.90000004 l y su tasa de alcoholemia UBE es de :0.324 En el barril quedan 0.0 l
Jose Manuel Avil乶 se ha terminado su vaso, va a por otro.
Jose Manuel Avil乶 se encuentra que el barril est치 vac칤o. Espera a que lo llenen
Jose Manuel Avil乶 se est치 bebiendo un vaso. Lleva bebidos 1.2999969 l. Su cerveza en sangre son 1.2 l y su tasa de alcoholemia UBE es de :0.43200007 En el barril quedan 4.2999964 l
Jose Manuel Avil乶 se ha terminado su vaso, va a por otro.
Jose Manuel Avil乶 se est치 bebiendo un vaso. Lleva bebidos 1.5999968 l. Su cerveza en sangre son 1.5 l y su tasa de alcoholemia UBE es de :0.54 En el barril quedan 3.3999965 l
Jose Manuel Avil乶 se ha terminado su vaso, va a por otro.
Jose Manuel Avil乶 se est치 bebiendo un vaso. Lleva bebidos 1.8999968 l. Su cerveza en sangre son 1.8 l y su tasa de alcoholemia UBE es de :0.648 En el barril quedan 0.6999968 l
Jose Manuel Avil乶 se ha terminado su vaso, va a por otro.
Jose Manuel Avil乶 se est치 bebiendo un vaso. Lleva bebidos 1.9999936 l. Su cerveza en sangre son 1.8 l y su tasa de alcoholemia UBE es de :0.648 En el barril quedan 0.0 l
Jose Manuel Avil乶 se ha terminado su vaso, va a por otro.
Jose Manuel Avil乶 se encuentra que el barril est치 vac칤o. Espera a que lo llenen
Jose Manuel Avil乶 se est치 bebiendo un vaso. Lleva bebidos 2.2999935 l. Su cerveza en sangre son 2.1 l y su tasa de alcoholemia UBE es de :0.7559999 En el barril quedan 9.4 l
Jose Manuel Avil乶 se ha terminado su vaso, va a por otro.
Jose Manuel Avil乶 se est치 bebiendo un vaso. Lleva bebidos 2.5999935 l. Su cerveza en sangre son 2.3999999 l y su tasa de alcoholemia UBE es de :0.86399996 En el barril quedan 8.199999 l
Jose Manuel Avil乶 se ha terminado su vaso, va a por otro.
Jose Manuel Avil乶 se est치 bebiendo un vaso. Lleva bebidos 2.8999934 l. Su cerveza en sangre son 2.6999998 l y su tasa de alcoholemia UBE es de :0.97199994 En el barril quedan 6.999998 l
Jose Manuel Avil乶 se ha terminado su vaso, va a por otro.
Jose Manuel Avil乶 se est치 bebiendo un vaso. Lleva bebidos 3.1999934 l. Su cerveza en sangre son 2.9999998 l y su tasa de alcoholemia UBE es de :1.0799999 En el barril quedan 4.5999966 l
Jose Manuel Avil乶 se ha terminado su vaso, va a por otro.
Jose Manuel Avil乶 se est치 bebiendo un vaso. Lleva bebidos 3.4999933 l. Su cerveza en sangre son 3.2999997 l y su tasa de alcoholemia UBE es de :1.1879998 En el barril quedan 3.3999965 l
Jose Manuel Avil乶 se ha terminado su vaso, va a por otro.
Jose Manuel Avil乶 se ha pasado bebiendo. Tiene que reposar un poco antes de seguir
Jose Manuel Avil乶 se encuentra que el barril est치 vac칤o. Espera a que lo llenen
Jose Manuel Avil乶 se encuentra que el barril est치 vac칤o. Espera a que lo llenen
Jose Manuel Avil乶 se encuentra que el barril est치 vac칤o. Espera a que lo llenen
Jose Manuel Avil乶 se encuentra que el barril est치 vac칤o. Espera a que lo llenen
Jose Manuel Avil乶 se encuentra que el barril est치 vac칤o. Espera a que lo llenen
Soy Jose Manuel Avil乶 y me dispongo a pimplar cerveza.
Jose Manuel Avil乶 se est치 bebiendo un vaso. Lleva bebidos 0.3 l. Su cerveza en sangre son 0.3 l y su tasa de alcoholemia UBE es de :0.10800002 En el barril quedan 8.499999 l
Jose Manuel Avil乶 se ha terminado su vaso, va a por otro.
Jose Manuel Avil乶 se est치 bebiendo un vaso. Lleva bebidos 0.6 l. Su cerveza en sangre son 0.6 l y su tasa de alcoholemia UBE es de :0.21600004 En el barril quedan 5.499997 l
Jose Manuel Avil乶 se ha terminado su vaso, va a por otro.
Jose Manuel Avil乶 se est치 bebiendo un vaso. Lleva bebidos 0.90000004 l. Su cerveza en sangre son 0.90000004 l y su tasa de alcoholemia UBE es de :0.324 En el barril quedan 0.6999968 l
Jose Manuel Avil乶 se ha terminado su vaso, va a por otro.
Jose Manuel Avil乶 se encuentra que el barril est치 vac칤o. Espera a que lo llenen
Soy Jose Manuel Avil乶 y me dispongo a pimplar cerveza.
Jose Manuel Avil乶 se est치 bebiendo un vaso. Lleva bebidos 0.3 l. Su cerveza en sangre son 0.3 l y su tasa de alcoholemia UBE es de :0.10800002 En el barril quedan 5.199997 l
Jose Manuel Avil乶 se ha terminado su vaso, va a por otro.
Jose Manuel Avil乶 se est치 bebiendo un vaso. Lleva bebidos 0.6 l. Su cerveza en sangre son 0.6 l y su tasa de alcoholemia UBE es de :0.21600004 En el barril quedan 0.39999682 l
Jose Manuel Avil乶 se ha terminado su vaso, va a por otro.
Jose Manuel Avil乶 se encuentra que el barril est치 vac칤o. Espera a que lo llenen
Soy Jose Manuel Avil乶 y me dispongo a pimplar cerveza.
Jose Manuel Avil乶 se est치 bebiendo un vaso. Lleva bebidos 0.3 l. Su cerveza en sangre son 0.3 l y su tasa de alcoholemia UBE es de :0.10800002 En el barril quedan 9.4 l
Jose Manuel Avil乶 se ha terminado su vaso, va a por otro.
Jose Manuel Avil乶 se est치 bebiendo un vaso. Lleva bebidos 0.6 l. Su cerveza en sangre son 0.6 l y su tasa de alcoholemia UBE es de :0.21600004 En el barril quedan 7.5999985 l
Jose Manuel Avil乶 se ha terminado su vaso, va a por otro.
Jose Manuel Avil乶 se est치 bebiendo un vaso. Lleva bebidos 0.90000004 l. Su cerveza en sangre son 0.90000004 l y su tasa de alcoholemia UBE es de :0.324 En el barril quedan 2.7999966 l
Jose Manuel Avil乶 se ha terminado su vaso, va a por otro.
Jose Manuel Avil乶 se encuentra que el barril est치 vac칤o. Espera a que lo llenen
