Soy Javier Alcalde y me dispongo a pimplar cerveza.
Javier Alcalde se está bebiendo un vaso. Lleva bebidos 0.3 l. Su cerveza en sangre son 0.3 l y su tasa de alcoholemia UBE es de :0.10800002 En el barril quedan 8.499999 l
Javier Alcalde se ha terminado su vaso, va a por otro.
Soy Javier Alcalde y me dispongo a pimplar cerveza.
Javier Alcalde se está bebiendo un vaso. Lleva bebidos 0.3 l. Su cerveza en sangre son 0.3 l y su tasa de alcoholemia UBE es de :0.10800002 En el barril quedan 9.7 l
Javier Alcalde se ha terminado su vaso, va a por otro.
Javier Alcalde se está bebiendo un vaso. Lleva bebidos 0.6 l. Su cerveza en sangre son 0.6 l y su tasa de alcoholemia UBE es de :0.21600004 En el barril quedan 3.9999964 l
Javier Alcalde se ha terminado su vaso, va a por otro.
Javier Alcalde se está bebiendo un vaso. Lleva bebidos 0.90000004 l. Su cerveza en sangre son 0.90000004 l y su tasa de alcoholemia UBE es de :0.324 En el barril quedan 0.6999968 l
Javier Alcalde se ha terminado su vaso, va a por otro.
Javier Alcalde se está bebiendo un vaso. Lleva bebidos 1.2 l. Su cerveza en sangre son 0.99999684 l y su tasa de alcoholemia UBE es de :0.35999888 En el barril quedan 0.09999682 l
Javier Alcalde se ha terminado su vaso, va a por otro.
Javier Alcalde se encuentra que el barril está vacío. Espera a que lo llenen
Javier Alcalde se está bebiendo un vaso. Lleva bebidos 1.5 l. Su cerveza en sangre son 1.2999969 l y su tasa de alcoholemia UBE es de :0.46799883 En el barril quedan 4.8999968 l
Javier Alcalde se ha terminado su vaso, va a por otro.
Javier Alcalde se está bebiendo un vaso. Lleva bebidos 1.8 l. Su cerveza en sangre son 1.5999968 l y su tasa de alcoholemia UBE es de :0.57599884 En el barril quedan 3.6999965 l
Javier Alcalde se ha terminado su vaso, va a por otro.
Javier Alcalde se está bebiendo un vaso. Lleva bebidos 2.1 l. Su cerveza en sangre son 1.8999968 l y su tasa de alcoholemia UBE es de :0.6839988 En el barril quedan 0.99999684 l
Javier Alcalde se ha terminado su vaso, va a por otro.
Javier Alcalde se encuentra que el barril está vacío. Espera a que lo llenen
Javier Alcalde se está bebiendo un vaso. Lleva bebidos 2.3999999 l. Su cerveza en sangre son 2.1999967 l y su tasa de alcoholemia UBE es de :0.7919988 En el barril quedan 8.499999 l
Javier Alcalde se ha terminado su vaso, va a por otro.
Javier Alcalde se está bebiendo un vaso. Lleva bebidos 2.6999998 l. Su cerveza en sangre son 2.4999967 l y su tasa de alcoholemia UBE es de :0.89999884 En el barril quedan 7.2999983 l
Javier Alcalde se ha terminado su vaso, va a por otro.
Javier Alcalde se está bebiendo un vaso. Lleva bebidos 2.9999998 l. Su cerveza en sangre son 2.7999966 l y su tasa de alcoholemia UBE es de :1.0079988 En el barril quedan 5.499997 l
Javier Alcalde se ha terminado su vaso, va a por otro.
Javier Alcalde se está bebiendo un vaso. Lleva bebidos 3.2999997 l. Su cerveza en sangre son 3.0999966 l y su tasa de alcoholemia UBE es de :1.1159989 En el barril quedan 3.6999965 l
Javier Alcalde se ha terminado su vaso, va a por otro.
Javier Alcalde se ha pasado bebiendo. Tiene que reposar un poco antes de seguir
Javier Alcalde se encuentra que el barril está vacío. Espera a que lo llenen
Javier Alcalde se encuentra que el barril está vacío. Espera a que lo llenen
Javier Alcalde se encuentra que el barril está vacío. Espera a que lo llenen
Javier Alcalde se encuentra que el barril está vacío. Espera a que lo llenen
Soy Javier Alcalde y me dispongo a pimplar cerveza.
Javier Alcalde se está bebiendo un vaso. Lleva bebidos 0.3 l. Su cerveza en sangre son 0.3 l y su tasa de alcoholemia UBE es de :0.10800002 En el barril quedan 9.099999 l
Javier Alcalde se ha terminado su vaso, va a por otro.
Javier Alcalde se está bebiendo un vaso. Lleva bebidos 0.6 l. Su cerveza en sangre son 0.6 l y su tasa de alcoholemia UBE es de :0.21600004 En el barril quedan 7.5999985 l
Javier Alcalde se ha terminado su vaso, va a por otro.
Javier Alcalde se está bebiendo un vaso. Lleva bebidos 0.90000004 l. Su cerveza en sangre son 0.90000004 l y su tasa de alcoholemia UBE es de :0.324 En el barril quedan 2.7999966 l
Javier Alcalde se ha terminado su vaso, va a por otro.
Javier Alcalde se encuentra que el barril está vacío. Espera a que lo llenen
Soy Javier Alcalde y me dispongo a pimplar cerveza.
Javier Alcalde se está bebiendo un vaso. Lleva bebidos 0.3 l. Su cerveza en sangre son 0.3 l y su tasa de alcoholemia UBE es de :0.10800002 En el barril quedan 9.7 l
Javier Alcalde se ha terminado su vaso, va a por otro.
Javier Alcalde se está bebiendo un vaso. Lleva bebidos 0.6 l. Su cerveza en sangre son 0.6 l y su tasa de alcoholemia UBE es de :0.21600004 En el barril quedan 8.199999 l
Javier Alcalde se ha terminado su vaso, va a por otro.
Javier Alcalde se está bebiendo un vaso. Lleva bebidos 0.90000004 l. Su cerveza en sangre son 0.90000004 l y su tasa de alcoholemia UBE es de :0.324 En el barril quedan 3.3999965 l
Javier Alcalde se ha terminado su vaso, va a por otro.
Javier Alcalde se encuentra que el barril está vacío. Espera a que lo llenen
Javier Alcalde se está bebiendo un vaso. Lleva bebidos 1.2 l. Su cerveza en sangre son 1.2 l y su tasa de alcoholemia UBE es de :0.43200007 En el barril quedan 8.799999 l
Javier Alcalde se ha terminado su vaso, va a por otro.
Soy Javier Alcalde y me dispongo a pimplar cerveza.
Javier Alcalde se está bebiendo un vaso. Lleva bebidos 0.3 l. Su cerveza en sangre son 0.3 l y su tasa de alcoholemia UBE es de :0.10800002 En el barril quedan 4.8999968 l
Javier Alcalde se ha terminado su vaso, va a por otro.
Javier Alcalde se está bebiendo un vaso. Lleva bebidos 0.6 l. Su cerveza en sangre son 0.39999682 l y su tasa de alcoholemia UBE es de :0.14399888 En el barril quedan 0.09999682 l
Javier Alcalde se ha terminado su vaso, va a por otro.
Javier Alcalde se encuentra que el barril está vacío. Espera a que lo llenen
