Soy Francisco Espa人 y me dispongo a pimplar cerveza.
Francisco Espa人 se est치 bebiendo un vaso. Lleva bebidos 0.3 l. Su cerveza en sangre son 0.3 l y su tasa de alcoholemia UBE es de :0.10800002 En el barril quedan 8.499999 l
Francisco Espa人 se ha terminado su vaso, va a por otro.
Francisco Espa人 se est치 bebiendo un vaso. Lleva bebidos 0.6 l. Su cerveza en sangre son 0.6 l y su tasa de alcoholemia UBE es de :0.21600004 En el barril quedan 8.199999 l
Francisco Espa人 se ha terminado su vaso, va a por otro.
Francisco Espa人 se est치 bebiendo un vaso. Lleva bebidos 0.90000004 l. Su cerveza en sangre son 0.90000004 l y su tasa de alcoholemia UBE es de :0.324 En el barril quedan 7.5999985 l
Francisco Espa人 se ha terminado su vaso, va a por otro.
Francisco Espa人 se est치 bebiendo un vaso. Lleva bebidos 1.2 l. Su cerveza en sangre son 1.2 l y su tasa de alcoholemia UBE es de :0.43200007 En el barril quedan 3.6999965 l
Francisco Espa人 se ha terminado su vaso, va a por otro.
Francisco Espa人 se est치 bebiendo un vaso. Lleva bebidos 1.5 l. Su cerveza en sangre son 1.5 l y su tasa de alcoholemia UBE es de :0.54 En el barril quedan 1.2999969 l
Francisco Espa人 se ha terminado su vaso, va a por otro.
Francisco Espa人 se encuentra que el barril est치 vac칤o. Espera a que lo llenen
Francisco Espa人 se est치 bebiendo un vaso. Lleva bebidos 1.8 l. Su cerveza en sangre son 1.8 l y su tasa de alcoholemia UBE es de :0.648 En el barril quedan 4.5999966 l
Francisco Espa人 se ha terminado su vaso, va a por otro.
Francisco Espa人 se est치 bebiendo un vaso. Lleva bebidos 2.1 l. Su cerveza en sangre son 2.1 l y su tasa de alcoholemia UBE es de :0.7559999 En el barril quedan 2.7999966 l
Francisco Espa人 se ha terminado su vaso, va a por otro.
Francisco Espa人 se est치 bebiendo un vaso. Lleva bebidos 2.1999967 l. Su cerveza en sangre son 2.1 l y su tasa de alcoholemia UBE es de :0.7559999 En el barril quedan 0.0 l
Francisco Espa人 se ha terminado su vaso, va a por otro.
Francisco Espa人 se encuentra que el barril est치 vac칤o. Espera a que lo llenen
Francisco Espa人 se est치 bebiendo un vaso. Lleva bebidos 2.4999967 l. Su cerveza en sangre son 2.3999999 l y su tasa de alcoholemia UBE es de :0.86399996 En el barril quedan 9.4 l
Francisco Espa人 se ha terminado su vaso, va a por otro.
Francisco Espa人 se est치 bebiendo un vaso. Lleva bebidos 2.7999966 l. Su cerveza en sangre son 2.6999998 l y su tasa de alcoholemia UBE es de :0.97199994 En el barril quedan 7.5999985 l
Francisco Espa人 se ha terminado su vaso, va a por otro.
Francisco Espa人 se est치 bebiendo un vaso. Lleva bebidos 3.0999966 l. Su cerveza en sangre son 2.9999998 l y su tasa de alcoholemia UBE es de :1.0799999 En el barril quedan 6.699998 l
Francisco Espa人 se ha terminado su vaso, va a por otro.
Francisco Espa人 se est치 bebiendo un vaso. Lleva bebidos 3.3999965 l. Su cerveza en sangre son 3.2999997 l y su tasa de alcoholemia UBE es de :1.1879998 En el barril quedan 5.7999973 l
Francisco Espa人 se ha terminado su vaso, va a por otro.
Francisco Espa人 se ha pasado bebiendo. Tiene que reposar un poco antes de seguir
Francisco Espa人 se encuentra que el barril est치 vac칤o. Espera a que lo llenen
Francisco Espa人 se encuentra que el barril est치 vac칤o. Espera a que lo llenen
Francisco Espa人 se encuentra que el barril est치 vac칤o. Espera a que lo llenen
Francisco Espa人 se encuentra que el barril est치 vac칤o. Espera a que lo llenen
Soy Francisco Espa人 y me dispongo a pimplar cerveza.
Francisco Espa人 se est치 bebiendo un vaso. Lleva bebidos 0.3 l. Su cerveza en sangre son 0.3 l y su tasa de alcoholemia UBE es de :0.10800002 En el barril quedan 6.699998 l
Francisco Espa人 se ha terminado su vaso, va a por otro.
Francisco Espa人 se est치 bebiendo un vaso. Lleva bebidos 0.6 l. Su cerveza en sangre son 0.6 l y su tasa de alcoholemia UBE es de :0.21600004 En el barril quedan 1.8999968 l
Francisco Espa人 se ha terminado su vaso, va a por otro.
Francisco Espa人 se encuentra que el barril est치 vac칤o. Espera a que lo llenen
Soy Francisco Espa人 y me dispongo a pimplar cerveza.
Francisco Espa人 se est치 bebiendo un vaso. Lleva bebidos 0.3 l. Su cerveza en sangre son 0.3 l y su tasa de alcoholemia UBE es de :0.10800002 En el barril quedan 7.8999987 l
Francisco Espa人 se ha terminado su vaso, va a por otro.
Francisco Espa人 se est치 bebiendo un vaso. Lleva bebidos 0.6 l. Su cerveza en sangre son 0.6 l y su tasa de alcoholemia UBE es de :0.21600004 En el barril quedan 3.0999966 l
Francisco Espa人 se ha terminado su vaso, va a por otro.
Francisco Espa人 se encuentra que el barril est치 vac칤o. Espera a que lo llenen
Francisco Espa人 se est치 bebiendo un vaso. Lleva bebidos 0.90000004 l. Su cerveza en sangre son 0.90000004 l y su tasa de alcoholemia UBE es de :0.324 En el barril quedan 8.499999 l
Francisco Espa人 se ha terminado su vaso, va a por otro.
Soy Francisco Espa人 y me dispongo a pimplar cerveza.
Francisco Espa人 se est치 bebiendo un vaso. Lleva bebidos 0.3 l. Su cerveza en sangre son 0.3 l y su tasa de alcoholemia UBE es de :0.10800002 En el barril quedan 7.2999983 l
Francisco Espa人 se ha terminado su vaso, va a por otro.
Francisco Espa人 se est치 bebiendo un vaso. Lleva bebidos 0.6 l. Su cerveza en sangre son 0.6 l y su tasa de alcoholemia UBE es de :0.21600004 En el barril quedan 2.4999967 l
Francisco Espa人 se ha terminado su vaso, va a por otro.
Francisco Espa人 se encuentra que el barril est치 vac칤o. Espera a que lo llenen
