Soy Javier Ruiz y me dispongo a pimplar cerveza.
Javier Ruiz se está bebiendo un vaso. Lleva bebidos 0.3 l. Su cerveza en sangre son 0.3 l y su tasa de alcoholemia UBE es de :0.10800002 En el barril quedan 6.699998 l
Javier Ruiz se ha terminado su vaso, va a por otro.
Javier Ruiz se está bebiendo un vaso. Lleva bebidos 0.6 l. Su cerveza en sangre son 0.6 l y su tasa de alcoholemia UBE es de :0.21600004 En el barril quedan 6.0999975 l
Javier Ruiz se ha terminado su vaso, va a por otro.
Javier Ruiz se está bebiendo un vaso. Lleva bebidos 0.90000004 l. Su cerveza en sangre son 0.90000004 l y su tasa de alcoholemia UBE es de :0.324 En el barril quedan 5.499997 l
Javier Ruiz se ha terminado su vaso, va a por otro.
Javier Ruiz se está bebiendo un vaso. Lleva bebidos 1.2 l. Su cerveza en sangre son 1.2 l y su tasa de alcoholemia UBE es de :0.43200007 En el barril quedan 5.199997 l
Javier Ruiz se ha terminado su vaso, va a por otro.
Javier Ruiz se está bebiendo un vaso. Lleva bebidos 1.5 l. Su cerveza en sangre son 1.5 l y su tasa de alcoholemia UBE es de :0.54 En el barril quedan 4.2999964 l
Javier Ruiz se ha terminado su vaso, va a por otro.
Javier Ruiz se está bebiendo un vaso. Lleva bebidos 1.8 l. Su cerveza en sangre son 1.8 l y su tasa de alcoholemia UBE es de :0.648 En el barril quedan 3.0999966 l
Javier Ruiz se ha terminado su vaso, va a por otro.
Javier Ruiz se está bebiendo un vaso. Lleva bebidos 2.1 l. Su cerveza en sangre son 2.1 l y su tasa de alcoholemia UBE es de :0.7559999 En el barril quedan 1.8999968 l
Javier Ruiz se ha terminado su vaso, va a por otro.
Javier Ruiz se está bebiendo un vaso. Lleva bebidos 2.3999999 l. Su cerveza en sangre son 2.3999999 l y su tasa de alcoholemia UBE es de :0.86399996 En el barril quedan 1.5999968 l
Javier Ruiz se ha terminado su vaso, va a por otro.
Javier Ruiz se está bebiendo un vaso. Lleva bebidos 2.6999998 l. Su cerveza en sangre son 2.6999998 l y su tasa de alcoholemia UBE es de :0.97199994 En el barril quedan 1.2999969 l
Javier Ruiz se ha terminado su vaso, va a por otro.
Javier Ruiz se está bebiendo un vaso. Lleva bebidos 2.9999998 l. Su cerveza en sangre son 2.7999966 l y su tasa de alcoholemia UBE es de :1.0079988 En el barril quedan 0.09999682 l
Javier Ruiz se ha terminado su vaso, va a por otro.
Javier Ruiz se encuentra que el barril está vacío. Espera a que lo llenen
Javier Ruiz se está bebiendo un vaso. Lleva bebidos 3.2999997 l. Su cerveza en sangre son 3.0999966 l y su tasa de alcoholemia UBE es de :1.1159989 En el barril quedan 9.4 l
Javier Ruiz se ha terminado su vaso, va a por otro.
Javier Ruiz se ha pasado bebiendo. Tiene que reposar un poco antes de seguir
Javier Ruiz se está bebiendo un vaso. Lleva bebidos 3.5999997 l. Su cerveza en sangre son 1.8999965 l y su tasa de alcoholemia UBE es de :0.6839987 En el barril quedan 6.999998 l
Javier Ruiz se ha terminado su vaso, va a por otro.
Javier Ruiz se está bebiendo un vaso. Lleva bebidos 3.8999996 l. Su cerveza en sangre son 2.1999965 l y su tasa de alcoholemia UBE es de :0.79199874 En el barril quedan 6.0999975 l
Javier Ruiz se ha terminado su vaso, va a por otro.
Javier Ruiz se está bebiendo un vaso. Lleva bebidos 4.2 l. Su cerveza en sangre son 2.4999964 l y su tasa de alcoholemia UBE es de :0.8999987 En el barril quedan 4.8999968 l
Javier Ruiz se ha terminado su vaso, va a por otro.
Javier Ruiz se está bebiendo un vaso. Lleva bebidos 4.5 l. Su cerveza en sangre son 2.7999964 l y su tasa de alcoholemia UBE es de :1.0079987 En el barril quedan 4.5999966 l
Javier Ruiz se ha terminado su vaso, va a por otro.
Javier Ruiz se está bebiendo un vaso. Lleva bebidos 4.8 l. Su cerveza en sangre son 3.0999963 l y su tasa de alcoholemia UBE es de :1.1159986 En el barril quedan 3.6999965 l
Javier Ruiz se ha terminado su vaso, va a por otro.
Javier Ruiz se ha pasado bebiendo. Tiene que reposar un poco antes de seguir
Javier Ruiz se está bebiendo un vaso. Lleva bebidos 5.1000004 l. Su cerveza en sangre son 1.8999963 l y su tasa de alcoholemia UBE es de :0.6839987 En el barril quedan 2.1999967 l
Javier Ruiz se ha terminado su vaso, va a por otro.
Javier Ruiz se está bebiendo un vaso. Lleva bebidos 5.4000006 l. Su cerveza en sangre son 2.1999962 l y su tasa de alcoholemia UBE es de :0.7919987 En el barril quedan 1.2999969 l
Javier Ruiz se ha terminado su vaso, va a por otro.
Javier Ruiz se está bebiendo un vaso. Lleva bebidos 5.700001 l. Su cerveza en sangre son 2.4999962 l y su tasa de alcoholemia UBE es de :0.89999866 En el barril quedan 0.99999684 l
Javier Ruiz se ha terminado su vaso, va a por otro.
Javier Ruiz se está bebiendo un vaso. Lleva bebidos 6.000001 l. Su cerveza en sangre son 2.599993 l y su tasa de alcoholemia UBE es de :0.9359975 En el barril quedan 0.09999682 l
Javier Ruiz se ha terminado su vaso, va a por otro.
Javier Ruiz se encuentra que el barril está vacío. Espera a que lo llenen
Javier Ruiz se encuentra que el barril está vacío. Espera a que lo llenen
Javier Ruiz se encuentra que el barril está vacío. Espera a que lo llenen
Soy Javier Ruiz y me dispongo a pimplar cerveza.
Javier Ruiz se está bebiendo un vaso. Lleva bebidos 0.3 l. Su cerveza en sangre son 0.3 l y su tasa de alcoholemia UBE es de :0.10800002 En el barril quedan 6.699998 l
Javier Ruiz se ha terminado su vaso, va a por otro.
Javier Ruiz se está bebiendo un vaso. Lleva bebidos 0.6 l. Su cerveza en sangre son 0.6 l y su tasa de alcoholemia UBE es de :0.21600004 En el barril quedan 5.7999973 l
Javier Ruiz se ha terminado su vaso, va a por otro.
Javier Ruiz se está bebiendo un vaso. Lleva bebidos 0.90000004 l. Su cerveza en sangre son 0.90000004 l y su tasa de alcoholemia UBE es de :0.324 En el barril quedan 4.8999968 l
Javier Ruiz se ha terminado su vaso, va a por otro.
Javier Ruiz se está bebiendo un vaso. Lleva bebidos 1.2 l. Su cerveza en sangre son 1.2 l y su tasa de alcoholemia UBE es de :0.43200007 En el barril quedan 3.3999965 l
Javier Ruiz se ha terminado su vaso, va a por otro.
Javier Ruiz se está bebiendo un vaso. Lleva bebidos 1.5 l. Su cerveza en sangre son 1.5 l y su tasa de alcoholemia UBE es de :0.54 En el barril quedan 2.7999966 l
Javier Ruiz se ha terminado su vaso, va a por otro.
Soy Javier Ruiz y me dispongo a pimplar cerveza.
Javier Ruiz se está bebiendo un vaso. Lleva bebidos 0.3 l. Su cerveza en sangre son 0.3 l y su tasa de alcoholemia UBE es de :0.10800002 En el barril quedan 4.8999968 l
Javier Ruiz se ha terminado su vaso, va a por otro.
Javier Ruiz se está bebiendo un vaso. Lleva bebidos 0.6 l. Su cerveza en sangre son 0.39999682 l y su tasa de alcoholemia UBE es de :0.14399888 En el barril quedan 0.09999682 l
Javier Ruiz se ha terminado su vaso, va a por otro.
Javier Ruiz se encuentra que el barril está vacío. Espera a que lo llenen
Soy Javier Ruiz y me dispongo a pimplar cerveza.
Javier Ruiz se está bebiendo un vaso. Lleva bebidos 0.3 l. Su cerveza en sangre son 0.3 l y su tasa de alcoholemia UBE es de :0.10800002 En el barril quedan 6.699998 l
Javier Ruiz se ha terminado su vaso, va a por otro.
Javier Ruiz se está bebiendo un vaso. Lleva bebidos 0.6 l. Su cerveza en sangre son 0.6 l y su tasa de alcoholemia UBE es de :0.21600004 En el barril quedan 1.8999968 l
Javier Ruiz se ha terminado su vaso, va a por otro.
Javier Ruiz se encuentra que el barril está vacío. Espera a que lo llenen
Soy Javier Ruiz y me dispongo a pimplar cerveza.
Javier Ruiz se está bebiendo un vaso. Lleva bebidos 0.3 l. Su cerveza en sangre son 0.3 l y su tasa de alcoholemia UBE es de :0.10800002 En el barril quedan 9.7 l
Javier Ruiz se ha terminado su vaso, va a por otro.
Javier Ruiz se está bebiendo un vaso. Lleva bebidos 0.6 l. Su cerveza en sangre son 0.6 l y su tasa de alcoholemia UBE es de :0.21600004 En el barril quedan 7.8999987 l
Javier Ruiz se ha terminado su vaso, va a por otro.
Javier Ruiz se está bebiendo un vaso. Lleva bebidos 0.90000004 l. Su cerveza en sangre son 0.90000004 l y su tasa de alcoholemia UBE es de :0.324 En el barril quedan 3.0999966 l
Javier Ruiz se ha terminado su vaso, va a por otro.
Javier Ruiz se encuentra que el barril está vacío. Espera a que lo llenen
Javier Ruiz se está bebiendo un vaso. Lleva bebidos 1.2 l. Su cerveza en sangre son 1.2 l y su tasa de alcoholemia UBE es de :0.43200007 En el barril quedan 8.499999 l
Javier Ruiz se ha terminado su vaso, va a por otro.
