Soy Yuliia Melnyk y me dispongo a pimplar cerveza.
Soy Yuliia Melnyk y me dispongo a pimplar cerveza.
Yuliia Melnyk se está bebiendo un vaso. Lleva bebidos 0.3 l. Su cerveza en sangre son 0.3 l y su tasa de alcoholemia UBE es de :0.10800002 En el barril quedan 6.3999977 l
Yuliia Melnyk se ha terminado su vaso, va a por otro.
Yuliia Melnyk se está bebiendo un vaso. Lleva bebidos 0.6 l. Su cerveza en sangre son 0.6 l y su tasa de alcoholemia UBE es de :0.21600004 En el barril quedan 5.7999973 l
Yuliia Melnyk se ha terminado su vaso, va a por otro.
Yuliia Melnyk se está bebiendo un vaso. Lleva bebidos 0.90000004 l. Su cerveza en sangre son 0.90000004 l y su tasa de alcoholemia UBE es de :0.324 En el barril quedan 2.4999967 l
Yuliia Melnyk se ha terminado su vaso, va a por otro.
Yuliia Melnyk se está bebiendo un vaso. Lleva bebidos 1.2 l. Su cerveza en sangre son 1.2 l y su tasa de alcoholemia UBE es de :0.43200007 En el barril quedan 2.1999967 l
Yuliia Melnyk se ha terminado su vaso, va a por otro.
Yuliia Melnyk se encuentra que el barril está vacío. Espera a que lo llenen
Yuliia Melnyk se está bebiendo un vaso. Lleva bebidos 1.5 l. Su cerveza en sangre son 1.5 l y su tasa de alcoholemia UBE es de :0.54 En el barril quedan 4.8999968 l
Yuliia Melnyk se ha terminado su vaso, va a por otro.
Yuliia Melnyk se está bebiendo un vaso. Lleva bebidos 1.8 l. Su cerveza en sangre son 1.8 l y su tasa de alcoholemia UBE es de :0.648 En el barril quedan 3.0999966 l
Yuliia Melnyk se ha terminado su vaso, va a por otro.
Yuliia Melnyk se está bebiendo un vaso. Lleva bebidos 2.1 l. Su cerveza en sangre son 2.1 l y su tasa de alcoholemia UBE es de :0.7559999 En el barril quedan 1.5999968 l
Yuliia Melnyk se ha terminado su vaso, va a por otro.
Yuliia Melnyk se está bebiendo un vaso. Lleva bebidos 2.3999999 l. Su cerveza en sangre son 2.1999967 l y su tasa de alcoholemia UBE es de :0.7919988 En el barril quedan 0.09999682 l
Yuliia Melnyk se ha terminado su vaso, va a por otro.
Yuliia Melnyk se encuentra que el barril está vacío. Espera a que lo llenen
Yuliia Melnyk se está bebiendo un vaso. Lleva bebidos 2.6999998 l. Su cerveza en sangre son 2.4999967 l y su tasa de alcoholemia UBE es de :0.89999884 En el barril quedan 9.4 l
Yuliia Melnyk se ha terminado su vaso, va a por otro.
Yuliia Melnyk se está bebiendo un vaso. Lleva bebidos 2.9999998 l. Su cerveza en sangre son 2.7999966 l y su tasa de alcoholemia UBE es de :1.0079988 En el barril quedan 8.799999 l
Yuliia Melnyk se ha terminado su vaso, va a por otro.
Yuliia Melnyk se está bebiendo un vaso. Lleva bebidos 3.2999997 l. Su cerveza en sangre son 3.0999966 l y su tasa de alcoholemia UBE es de :1.1159989 En el barril quedan 8.499999 l
Yuliia Melnyk se ha terminado su vaso, va a por otro.
Yuliia Melnyk se ha pasado bebiendo. Tiene que reposar un poco antes de seguir
Yuliia Melnyk se está bebiendo un vaso. Lleva bebidos 3.5999997 l. Su cerveza en sangre son 1.8999965 l y su tasa de alcoholemia UBE es de :0.6839987 En el barril quedan 0.99999684 l
Yuliia Melnyk se ha terminado su vaso, va a por otro.
Yuliia Melnyk se está bebiendo un vaso. Lleva bebidos 3.8999996 l. Su cerveza en sangre son 2.1999965 l y su tasa de alcoholemia UBE es de :0.79199874 En el barril quedan 0.6999968 l
Yuliia Melnyk se ha terminado su vaso, va a por otro.
Yuliia Melnyk se está bebiendo un vaso. Lleva bebidos 4.2 l. Su cerveza en sangre son 2.4999964 l y su tasa de alcoholemia UBE es de :0.8999987 En el barril quedan 0.39999682 l
Yuliia Melnyk se ha terminado su vaso, va a por otro.
Yuliia Melnyk se está bebiendo un vaso. Lleva bebidos 4.5 l. Su cerveza en sangre son 2.5999932 l y su tasa de alcoholemia UBE es de :0.93599755 En el barril quedan 0.09999682 l
Yuliia Melnyk se ha terminado su vaso, va a por otro.
Yuliia Melnyk se encuentra que el barril está vacío. Espera a que lo llenen
Yuliia Melnyk se encuentra que el barril está vacío. Espera a que lo llenen
Yuliia Melnyk se encuentra que el barril está vacío. Espera a que lo llenen
Yuliia Melnyk se encuentra que el barril está vacío. Espera a que lo llenen
Soy Yuliia Melnyk y me dispongo a pimplar cerveza.
Yuliia Melnyk se está bebiendo un vaso. Lleva bebidos 0.3 l. Su cerveza en sangre son 0.3 l y su tasa de alcoholemia UBE es de :0.10800002 En el barril quedan 4.5999966 l
Yuliia Melnyk se ha terminado su vaso, va a por otro.
Yuliia Melnyk se está bebiendo un vaso. Lleva bebidos 0.39999682 l. Su cerveza en sangre son 0.3 l y su tasa de alcoholemia UBE es de :0.10800002 En el barril quedan 0.0 l
Yuliia Melnyk se ha terminado su vaso, va a por otro.
Yuliia Melnyk se encuentra que el barril está vacío. Espera a que lo llenen
Soy Yuliia Melnyk y me dispongo a pimplar cerveza.
Yuliia Melnyk se está bebiendo un vaso. Lleva bebidos 0.3 l. Su cerveza en sangre son 0.3 l y su tasa de alcoholemia UBE es de :0.10800002 En el barril quedan 5.499997 l
Yuliia Melnyk se ha terminado su vaso, va a por otro.
Yuliia Melnyk se está bebiendo un vaso. Lleva bebidos 0.6 l. Su cerveza en sangre son 0.6 l y su tasa de alcoholemia UBE es de :0.21600004 En el barril quedan 0.6999968 l
Yuliia Melnyk se ha terminado su vaso, va a por otro.
Yuliia Melnyk se encuentra que el barril está vacío. Espera a que lo llenen
Soy Yuliia Melnyk y me dispongo a pimplar cerveza.
Yuliia Melnyk se está bebiendo un vaso. Lleva bebidos 0.3 l. Su cerveza en sangre son 0.3 l y su tasa de alcoholemia UBE es de :0.10800002 En el barril quedan 8.199999 l
Yuliia Melnyk se ha terminado su vaso, va a por otro.
Yuliia Melnyk se está bebiendo un vaso. Lleva bebidos 0.6 l. Su cerveza en sangre son 0.6 l y su tasa de alcoholemia UBE es de :0.21600004 En el barril quedan 3.3999965 l
Yuliia Melnyk se ha terminado su vaso, va a por otro.
Yuliia Melnyk se encuentra que el barril está vacío. Espera a que lo llenen
Yuliia Melnyk se está bebiendo un vaso. Lleva bebidos 0.90000004 l. Su cerveza en sangre son 0.90000004 l y su tasa de alcoholemia UBE es de :0.324 En el barril quedan 8.799999 l
Yuliia Melnyk se ha terminado su vaso, va a por otro.
