El productor detecta que el barril est· vaciÛ, lo rellena.
Javier Alcalde se va a su casa, ha terminado aqu√≠.
Ra˙l Gonz·lez Parra se va a su casa, ha terminado aqu√≠.
Cristina Carrillo se va a su casa, ha terminado aqu√≠.
MarÌa Sanchez se va a su casa, ha terminado aqu√≠.
Antonio Calvente se va a su casa, ha terminado aqu√≠.
Jose Manuel AvilÈs se va a su casa, ha terminado aqu√≠.
Yuliia Melnyk se va a su casa, ha terminado aqu√≠.
Norberto Vargas se va a su casa, ha terminado aqu√≠.
Javier Ruiz se va a su casa, ha terminado aqu√≠.
Francisco EspaÒa se va a su casa, ha terminado aqu√≠.
Daniel PÈrez se va a su casa, ha terminado aqu√≠.
Juanlu Ceacero se va a su casa, ha terminado aqu√≠.
Alex RÌos se va a su casa, ha terminado aqu√≠.
Jaime S·nchez se va a su casa, ha terminado aqu√≠.
¡lvaro Lopez se va a su casa, ha terminado aqu√≠.
Nico Fern·ndez se va a su casa, ha terminado aqu√≠.


----EJECUCI”N DE HIJOS TERMINADA------
Valor de salida del consumidor: Javier Alcalde : 0
Valor de salida del consumidor: Ra˙l Gonz·lez Parra : 0
Valor de salida del consumidor: Cristina Carrillo : 0
Valor de salida del consumidor: MarÌa Sanchez : 0
Valor de salida del consumidor: Antonio Calvente : 0
Valor de salida del consumidor: Jose Manuel AvilÈs : 0
Valor de salida del consumidor: Yuliia Melnyk : 0
Valor de salida del consumidor: Norberto Vargas : 0
Valor de salida del consumidor: Javier Ruiz : 0
Valor de salida del consumidor: Francisco EspaÒa : 0
Valor de salida del consumidor: Daniel PÈrez : 0
Valor de salida del consumidor: Juanlu Ceacero : 0
Valor de salida del consumidor: Alex RÌos : 0
Valor de salida del consumidor: Jaime S·nchez : 0
Valor de salida del consumidor: ¡lvaro Lopez : 0
Valor de salida del consumidor: Nico Fern·ndez : 0
----
Todos los hijos han terminado.
------------------------------
