[2020-11-29T18:53:07.084338200] Lanzando barrera 1
[2020-11-29T18:53:07.091319800] La barrera 1 recibe un coche: 7931 SHJ
[2020-11-29T18:53:07.095310] La barrera 1 tiene un coche en espera (7931 SHJ) Plazas libres: 119
[2020-11-29T18:53:07.097304] La barrera 1 deja pasar un coche: 7931 SHJ Quedan 118 plazas.
[2020-11-29T18:53:07.100308] La barrera 1 recibe un coche: 4552 ZGT
[2020-11-29T18:53:07.102291] La barrera 1 tiene un coche en espera (4552 ZGT) Plazas libres: 118
[2020-11-29T18:53:07.103288200] La barrera 1 deja pasar un coche: 4552 ZGT Quedan 117 plazas.
[2020-11-29T18:53:07.105282700] La barrera 1 recibe un coche: 5029 RSR
[2020-11-29T18:53:07.107278200] La barrera 1 tiene un coche en espera (5029 RSR) Plazas libres: 117
[2020-11-29T18:53:07.109272400] La barrera 1 deja pasar un coche: 5029 RSR Quedan 116 plazas.
[2020-11-29T18:53:07.111802400] La barrera 1 recibe un coche: 5814 VTT
[2020-11-29T18:53:07.113312600] La barrera 1 tiene un coche en espera (5814 VTT) Plazas libres: 116
[2020-11-29T18:53:07.115306] La barrera 1 deja pasar un coche: 5814 VTT Quedan 115 plazas.
[2020-11-29T18:53:07.118297600] La barrera 1 recibe un coche: 3941 GCM
[2020-11-29T18:53:07.120291800] La barrera 1 tiene un coche en espera (3941 GCM) Plazas libres: 115
[2020-11-29T18:53:07.122286] La barrera 1 deja pasar un coche: 3941 GCM Quedan 114 plazas.
[2020-11-29T18:53:07.126278500] La barrera 1 recibe un coche: 3804 PCG
[2020-11-29T18:53:07.128272400] La barrera 1 tiene un coche en espera (3804 PCG) Plazas libres: 114
[2020-11-29T18:53:07.131845900] La barrera 1 deja pasar un coche: 3804 PCG Quedan 113 plazas.
[2020-11-29T18:53:07.137355100] La barrera 1 recibe un coche: 0555 CHR
[2020-11-29T18:53:07.156553500] La barrera 1 tiene un coche en espera (0555 CHR) Plazas libres: 113
[2020-11-29T18:53:07.161538600] La barrera 1 deja pasar un coche: 0555 CHR Quedan 112 plazas.
[2020-11-29T18:53:07.167520800] La barrera 1 recibe un coche: 2160 LHV
[2020-11-29T18:53:07.169517] La barrera 1 tiene un coche en espera (2160 LHV) Plazas libres: 112
[2020-11-29T18:53:07.171511800] La barrera 1 deja pasar un coche: 2160 LHV Quedan 111 plazas.
[2020-11-29T18:53:07.174502300] La barrera 1 recibe un coche: 6746 VRT
[2020-11-29T18:53:07.175500300] La barrera 1 tiene un coche en espera (6746 VRT) Plazas libres: 111
[2020-11-29T18:53:07.177494200] La barrera 1 deja pasar un coche: 6746 VRT Quedan 110 plazas.
[2020-11-29T18:53:07.180486700] La barrera 1 recibe un coche: 0787 SHT
[2020-11-29T18:53:07.182481700] La barrera 1 tiene un coche en espera (0787 SHT) Plazas libres: 110
[2020-11-29T18:53:07.184479] La barrera 1 deja pasar un coche: 0787 SHT Quedan 109 plazas.
[2020-11-29T18:53:07.186470300] La barrera 1 recibe un coche: 8279 TDG
[2020-11-29T18:53:07.188466] La barrera 1 tiene un coche en espera (8279 TDG) Plazas libres: 109
[2020-11-29T18:53:07.190460300] La barrera 1 deja pasar un coche: 8279 TDG Quedan 108 plazas.
[2020-11-29T18:53:07.192454800] La barrera 1 recibe un coche: 2346 RFQ
[2020-11-29T18:53:07.193467600] La barrera 1 tiene un coche en espera (2346 RFQ) Plazas libres: 108
[2020-11-29T18:53:07.194448900] La barrera 1 deja pasar un coche: 2346 RFQ Quedan 107 plazas.
[2020-11-29T18:53:07.198439100] La barrera 1 recibe un coche: 3767 BZZ
