[2020-11-29T18:53:07.203425700] Lanzando barrera 3
[2020-11-29T18:53:07.276401300] La barrera 3 recibe un coche: 2602 NCS
[2020-11-29T18:53:07.280391200] La barrera 3 tiene un coche en espera (2602 NCS) Plazas libres: 103
[2020-11-29T18:53:07.282385100] La barrera 3 deja pasar un coche: 2602 NCS Quedan 102 plazas.
[2020-11-29T18:53:07.284379700] La barrera 3 recibe un coche: 2205 LDT
[2020-11-29T18:53:07.287371400] La barrera 3 tiene un coche en espera (2205 LDT) Plazas libres: 102
[2020-11-29T18:53:07.290364100] La barrera 3 deja pasar un coche: 2205 LDT Quedan 101 plazas.
[2020-11-29T18:53:07.293396] La barrera 3 recibe un coche: 7366 QKQ
[2020-11-29T18:53:07.295391100] La barrera 3 tiene un coche en espera (7366 QKQ) Plazas libres: 101
[2020-11-29T18:53:07.297388900] La barrera 3 deja pasar un coche: 7366 QKQ Quedan 100 plazas.
[2020-11-29T18:53:07.301906500] La barrera 3 recibe un coche: 0168 PVF
[2020-11-29T18:53:07.308410500] La barrera 3 tiene un coche en espera (0168 PVF) Plazas libres: 100
[2020-11-29T18:53:07.317395200] La barrera 3 deja pasar un coche: 0168 PVF Quedan 99 plazas.
[2020-11-29T18:53:07.320382700] La barrera 3 recibe un coche: 7216 NHH
[2020-11-29T18:53:07.321892400] La barrera 3 tiene un coche en espera (7216 NHH) Plazas libres: 99
[2020-11-29T18:53:07.336422600] La barrera 3 deja pasar un coche: 7216 NHH Quedan 98 plazas.
[2020-11-29T18:53:07.341408700] La barrera 3 recibe un coche: 2186 XFZ
[2020-11-29T18:53:07.348391900] La barrera 3 tiene un coche en espera (2186 XFZ) Plazas libres: 98
[2020-11-29T18:53:07.355417300] La barrera 3 deja pasar un coche: 2186 XFZ Quedan 97 plazas.
[2020-11-29T18:53:07.361928300] La barrera 3 recibe un coche: 3509 RCT
[2020-11-29T18:53:07.364440] La barrera 3 tiene un coche en espera (3509 RCT) Plazas libres: 97
[2020-11-29T18:53:07.366433400] La barrera 3 deja pasar un coche: 3509 RCT Quedan 96 plazas.
[2020-11-29T18:53:07.373539500] La barrera 3 recibe un coche: 8227 LTJ
[2020-11-29T18:53:07.382516600] La barrera 3 tiene un coche en espera (8227 LTJ) Plazas libres: 95
[2020-11-29T18:53:07.384513500] La barrera 3 deja pasar un coche: 8227 LTJ Quedan 94 plazas.
[2020-11-29T18:53:07.398484900] La barrera 3 recibe un coche: 7027 LMJ
