[2020-11-29T18:53:06.977187700] Lanzando barrera 0
[2020-11-29T18:53:06.987253700] La barrera 0 recibe un coche: 4561 XLN
[2020-11-29T18:53:06.990228900] La barrera 0 tiene un coche en espera (4561 XLN) Plazas libres: 127
[2020-11-29T18:53:06.991226] La barrera 0 deja pasar un coche: 4561 XLN Quedan 126 plazas.
[2020-11-29T18:53:06.994217700] La barrera 0 recibe un coche: 5819 YQJ
[2020-11-29T18:53:06.995216200] La barrera 0 tiene un coche en espera (5819 YQJ) Plazas libres: 126
[2020-11-29T18:53:06.997210100] La barrera 0 deja pasar un coche: 5819 YQJ Quedan 125 plazas.
[2020-11-29T18:53:06.999204800] La barrera 0 recibe un coche: 8371 TVN
[2020-11-29T18:53:07.003194] La barrera 0 tiene un coche en espera (8371 TVN) Plazas libres: 125
[2020-11-29T18:53:07.024203400] La barrera 0 deja pasar un coche: 8371 TVN Quedan 124 plazas.
[2020-11-29T18:53:07.032222900] La barrera 0 recibe un coche: 1777 MHT
[2020-11-29T18:53:07.037218400] La barrera 0 tiene un coche en espera (1777 MHT) Plazas libres: 124
[2020-11-29T18:53:07.040210500] La barrera 0 deja pasar un coche: 1777 MHT Quedan 123 plazas.
[2020-11-29T18:53:07.055371700] La barrera 0 recibe un coche: 4656 GPH
[2020-11-29T18:53:07.062415700] La barrera 0 tiene un coche en espera (4656 GPH) Plazas libres: 123
[2020-11-29T18:53:07.064392100] La barrera 0 deja pasar un coche: 4656 GPH Quedan 122 plazas.
[2020-11-29T18:53:07.066402] La barrera 0 recibe un coche: 7504 RQB
[2020-11-29T18:53:07.068381700] La barrera 0 tiene un coche en espera (7504 RQB) Plazas libres: 122
[2020-11-29T18:53:07.069379800] La barrera 0 deja pasar un coche: 7504 RQB Quedan 121 plazas.
[2020-11-29T18:53:07.073367900] La barrera 0 recibe un coche: 9799 QNH
[2020-11-29T18:53:07.075364200] La barrera 0 tiene un coche en espera (9799 QNH) Plazas libres: 121
[2020-11-29T18:53:07.076361400] La barrera 0 deja pasar un coche: 9799 QNH Quedan 120 plazas.
[2020-11-29T18:53:07.079354500] La barrera 0 recibe un coche: 5612 GKJ
[2020-11-29T18:53:07.085336900] La barrera 0 tiene un coche en espera (5612 GKJ) Plazas libres: 120
[2020-11-29T18:53:07.087331400] La barrera 0 deja pasar un coche: 5612 GKJ Quedan 119 plazas.
[2020-11-29T18:53:07.091319800] La barrera 0 recibe un coche: 8872 MGJ
[2020-11-29T18:53:07.093315300] La barrera 0 tiene un coche en espera (8872 MGJ) Plazas libres: 119
[2020-11-29T18:53:07.096306900] La barrera 0 deja pasar un coche: 8872 MGJ Quedan 118 plazas.
[2020-11-29T18:53:07.098301200] La barrera 0 recibe un coche: 2007 LNQ
[2020-11-29T18:53:07.101293] La barrera 0 tiene un coche en espera (2007 LNQ) Plazas libres: 118
[2020-11-29T18:53:07.103288200] La barrera 0 deja pasar un coche: 2007 LNQ Quedan 117 plazas.
[2020-11-29T18:53:07.105282700] La barrera 0 recibe un coche: 9952 VCT
[2020-11-29T18:53:07.107278200] La barrera 0 tiene un coche en espera (9952 VCT) Plazas libres: 117
[2020-11-29T18:53:07.110270800] La barrera 0 deja pasar un coche: 9952 VCT Quedan 116 plazas.
[2020-11-29T18:53:07.112332200] La barrera 0 recibe un coche: 4554 BQD
[2020-11-29T18:53:07.113312600] La barrera 0 tiene un coche en espera (4554 BQD) Plazas libres: 116
[2020-11-29T18:53:07.115306] La barrera 0 deja pasar un coche: 4554 BQD Quedan 115 plazas.
[2020-11-29T18:53:07.118297600] La barrera 0 recibe un coche: 0868 VYT
[2020-11-29T18:53:07.138354900] La barrera 0 tiene un coche en espera (0868 VYT) Plazas libres: 115
[2020-11-29T18:53:07.140347600] La barrera 0 deja pasar un coche: 0868 VYT Quedan 114 plazas.
[2020-11-29T18:53:07.146577800] La barrera 0 recibe un coche: 9216 CFK
[2020-11-29T18:53:07.147574900] La barrera 0 tiene un coche en espera (9216 CFK) Plazas libres: 114
[2020-11-29T18:53:07.149571400] La barrera 0 deja pasar un coche: 9216 CFK Quedan 113 plazas.
[2020-11-29T18:53:07.152564600] La barrera 0 recibe un coche: 0354 LQK
[2020-11-29T18:53:07.168518800] La barrera 0 tiene un coche en espera (0354 LQK) Plazas libres: 113
[2020-11-29T18:53:07.169517] La barrera 0 deja pasar un coche: 0354 LQK Quedan 112 plazas.
[2020-11-29T18:53:07.171511800] La barrera 0 recibe un coche: 3193 THS
[2020-11-29T18:53:07.175500300] La barrera 0 tiene un coche en espera (3193 THS) Plazas libres: 111
[2020-11-29T18:53:07.177494200] La barrera 0 deja pasar un coche: 3193 THS Quedan 110 plazas.
[2020-11-29T18:53:07.179489] La barrera 0 recibe un coche: 1900 PPB
[2020-11-29T18:53:07.181483800] La barrera 0 tiene un coche en espera (1900 PPB) Plazas libres: 110
[2020-11-29T18:53:07.183481700] La barrera 0 deja pasar un coche: 1900 PPB Quedan 109 plazas.
[2020-11-29T18:53:07.186470300] La barrera 0 recibe un coche: 6389 FGN
[2020-11-29T18:53:07.187467400] La barrera 0 tiene un coche en espera (6389 FGN) Plazas libres: 109
[2020-11-29T18:53:07.189462300] La barrera 0 deja pasar un coche: 6389 FGN Quedan 108 plazas.
[2020-11-29T18:53:07.191458200] La barrera 0 recibe un coche: 8628 XPY
[2020-11-29T18:53:07.193467600] La barrera 0 tiene un coche en espera (8628 XPY) Plazas libres: 108
[2020-11-29T18:53:07.194448900] La barrera 0 deja pasar un coche: 8628 XPY Quedan 107 plazas.
[2020-11-29T18:53:07.200433700] La barrera 0 recibe un coche: 6062 ZWC
[2020-11-29T18:53:07.201431200] La barrera 0 tiene un coche en espera (6062 ZWC) Plazas libres: 107
[2020-11-29T18:53:07.203425700] La barrera 0 deja pasar un coche: 6062 ZWC Quedan 106 plazas.
[2020-11-29T18:53:07.206418] La barrera 0 recibe un coche: 9082 VNX
[2020-11-29T18:53:07.208417] La barrera 0 tiene un coche en espera (9082 VNX) Plazas libres: 106
[2020-11-29T18:53:07.209409800] La barrera 0 deja pasar un coche: 9082 VNX Quedan 105 plazas.
[2020-11-29T18:53:07.252439500] La barrera 0 recibe un coche: 9841 YXH
[2020-11-29T18:53:07.254415100] La barrera 0 tiene un coche en espera (9841 YXH) Plazas libres: 107
[2020-11-29T18:53:07.255412900] La barrera 0 deja pasar un coche: 9841 YXH Quedan 106 plazas.
[2020-11-29T18:53:07.257407100] La barrera 0 recibe un coche: 3506 PJZ
[2020-11-29T18:53:07.260398400] La barrera 0 tiene un coche en espera (3506 PJZ) Plazas libres: 106
[2020-11-29T18:53:07.262463] La barrera 0 deja pasar un coche: 3506 PJZ Quedan 105 plazas.
[2020-11-29T18:53:07.266428400] La barrera 0 recibe un coche: 4791 XBM
[2020-11-29T18:53:07.267424600] La barrera 0 tiene un coche en espera (4791 XBM) Plazas libres: 105
[2020-11-29T18:53:07.269419900] La barrera 0 deja pasar un coche: 4791 XBM Quedan 104 plazas.
[2020-11-29T18:53:07.272412800] La barrera 0 recibe un coche: 8493 XKM
[2020-11-29T18:53:07.274407500] La barrera 0 tiene un coche en espera (8493 XKM) Plazas libres: 104
[2020-11-29T18:53:07.276401300] La barrera 0 deja pasar un coche: 8493 XKM Quedan 103 plazas.
[2020-11-29T18:53:07.278396400] La barrera 0 recibe un coche: 9718 HRB
[2020-11-29T18:53:07.280391200] La barrera 0 tiene un coche en espera (9718 HRB) Plazas libres: 103
[2020-11-29T18:53:07.281387700] La barrera 0 deja pasar un coche: 9718 HRB Quedan 102 plazas.
[2020-11-29T18:53:07.283382900] La barrera 0 recibe un coche: 9589 WGZ
