#
# A fatal error has been detected by the Java Runtime Environment:
#
#  Internal Error (constantTag.cpp:59), pid=26344, tid=0x0000000000002dbc
#  Error: ShouldNotReachHere()
#
# JRE version: Java(TM) SE Runtime Environment (8.0_271-b09) (build 1.8.0_271-b09)
# Java VM: Java HotSpot(TM) 64-Bit Server VM (25.271-b09 mixed mode windows-amd64 compressed oops)
# Failed to write core dump. Minidumps are not enabled by default on client versions of Windows
#
# If you would like to submit a bug report, please visit:
#   http://bugreport.java.com/bugreport/crash.jsp
#

---------------  T H R E A D  ---------------

Current thread (0x000001e5fe8d4000):  VMThread [stack: 0x000000c2d6700000,0x000000c2d6800000] [id=11708]

Stack: [0x000000c2d6700000,0x000000c2d6800000]
Native frames: (J=compiled Java code, j=interpreted, Vv=VM code, C=native code)
V  [jvm.dll+0x33f6c9]
V  [jvm.dll+0x286122]
V  [jvm.dll+0x286dcd]
V  [jvm.dll+0x27d6a2]
V  [jvm.dll+0x27c22f]
V  [jvm.dll+0xc8aea]
V  [jvm.dll+0x117b06]
V  [jvm.dll+0x11957e]
V  [jvm.dll+0x116bea]
V  [jvm.dll+0x115d7a]
V  [jvm.dll+0xdd69b]
V  [jvm.dll+0xde244]
V  [jvm.dll+0x122b84]
V  [jvm.dll+0x145e40]
V  [jvm.dll+0x1c9df1]
V  [jvm.dll+0x256557]
V  [jvm.dll+0x254cc5]
V  [jvm.dll+0x25543c]
V  [jvm.dll+0x25574c]
V  [jvm.dll+0x2a2dcc]
C  [ucrtbase.dll+0x214c2]
C  [KERNEL32.DLL+0x17034]
C  [ntdll.dll+0x4d0d1]

VM_Operation (0x000000c2d6cff250): GetOrSetLocal, mode: safepoint, requested by thread 0x000001e5fe948000


---------------  P R O C E S S  ---------------

Java Threads: ( => current thread )
  0x000001e597ae4800 JavaThread "Thread-4" [_thread_blocked, id=26568, stack(0x000000c2d7900000,0x000000c2d7a00000)]
  0x000001e5fe992800 JavaThread "Thread-3" [_thread_blocked, id=22488, stack(0x000000c2d7800000,0x000000c2d7900000)]
  0x000001e5fe98f000 JavaThread "Thread-2" [_thread_blocked, id=17156, stack(0x000000c2d7700000,0x000000c2d7800000)]
  0x000001e5fe98e000 JavaThread "Thread-1" [_thread_blocked, id=24588, stack(0x000000c2d7600000,0x000000c2d7700000)]
  0x000001e5fe98b800 JavaThread "Thread-0" [_thread_blocked, id=13336, stack(0x000000c2d7500000,0x000000c2d7600000)]
  0x000001e597ad5000 JavaThread "Service Thread" daemon [_thread_blocked, id=10916, stack(0x000000c2d7300000,0x000000c2d7400000)]
  0x000001e597ac8000 JavaThread "C1 CompilerThread3" daemon [_thread_blocked, id=9944, stack(0x000000c2d7200000,0x000000c2d7300000)]
  0x000001e597ac7800 JavaThread "C2 CompilerThread2" daemon [_thread_blocked, id=7160, stack(0x000000c2d7100000,0x000000c2d7200000)]
  0x000001e597ac6800 JavaThread "C2 CompilerThread1" daemon [_thread_blocked, id=12608, stack(0x000000c2d7000000,0x000000c2d7100000)]
  0x000001e597ac4000 JavaThread "C2 CompilerThread0" daemon [_thread_blocked, id=12744, stack(0x000000c2d6f00000,0x000000c2d7000000)]
  0x000001e5fe954000 JavaThread "JDWP Command Reader" daemon [_thread_in_native, id=15640, stack(0x000000c2d6e00000,0x000000c2d6f00000)]
  0x000001e5fe94e000 JavaThread "JDWP Event Helper Thread" daemon [_thread_blocked, id=26588, stack(0x000000c2d6d00000,0x000000c2d6e00000)]
  0x000001e5fe948000 JavaThread "JDWP Transport Listener: dt_socket" daemon [_thread_blocked, id=16124, stack(0x000000c2d6c00000,0x000000c2d6d00000)]
  0x000001e5fe924000 JavaThread "Attach Listener" daemon [_thread_blocked, id=4804, stack(0x000000c2d6b00000,0x000000c2d6c00000)]
  0x000001e5fe922800 JavaThread "Signal Dispatcher" daemon [_thread_blocked, id=22452, stack(0x000000c2d6a00000,0x000000c2d6b00000)]
  0x000001e5fe903000 JavaThread "Finalizer" daemon [_thread_blocked, id=23248, stack(0x000000c2d6900000,0x000000c2d6a00000)]
  0x000001e5fe8da000 JavaThread "Reference Handler" daemon [_thread_blocked, id=18076, stack(0x000000c2d6800000,0x000000c2d6900000)]
  0x000001e5fab48800 JavaThread "main" [_thread_blocked, id=14648, stack(0x000000c2d5e00000,0x000000c2d5f00000)]

Other Threads:
=>0x000001e5fe8d4000 VMThread [stack: 0x000000c2d6700000,0x000000c2d6800000] [id=11708]
  0x000001e597c0d000 WatcherThread [stack: 0x000000c2d7400000,0x000000c2d7500000] [id=21556]

VM state:at safepoint (normal execution)

VM Mutex/Monitor currently owned by a thread:  ([mutex/lock_event])
[0x000001e5fab46e50] Threads_lock - owner thread: 0x000001e5fe8d4000

heap address: 0x00000006c3600000, size: 4042 MB, Compressed Oops mode: Zero based, Oop shift amount: 3
Narrow klass base: 0x0000000000000000, Narrow klass shift: 3
Compressed class space size: 1073741824 Address: 0x00000007c0000000

Heap:
 PSYoungGen      total 75776K, used 15614K [0x000000076bd00000, 0x0000000771180000, 0x00000007c0000000)
  eden space 65024K, 24% used [0x000000076bd00000,0x000000076cc3f8d8,0x000000076fc80000)
  from space 10752K, 0% used [0x0000000770700000,0x0000000770700000,0x0000000771180000)
  to   space 10752K, 0% used [0x000000076fc80000,0x000000076fc80000,0x0000000770700000)
 ParOldGen       total 173568K, used 0K [0x00000006c3600000, 0x00000006cdf80000, 0x000000076bd00000)
  object space 173568K, 0% used [0x00000006c3600000,0x00000006c3600000,0x00000006cdf80000)
 Metaspace       used 5652K, capacity 5806K, committed 6144K, reserved 1056768K
  class space    used 620K, capacity 661K, committed 768K, reserved 1048576K

Card table byte_map: [0x000001e5fc980000,0x000001e5fd170000] byte_map_base: 0x000001e5f9365000

Marking Bits: (ParMarkBitMap*) 0x00000000727e7fe0
 Begin Bits: [0x000001e58f000000, 0x000001e592f28000)
 End Bits:   [0x000001e592f28000, 0x000001e596e50000)

Polling page: 0x000001e5fad60000

CodeCache: size=245760Kb used=1596Kb max_used=1606Kb free=244163Kb
 bounds [0x000001e580000000, 0x000001e580270000, 0x000001e58f000000]
 total_blobs=504 nmethods=206 adapters=219
 compilation: enabled

Compilation events (10 events):
Event: 1985.753 Thread 0x000001e597ac6800  204       4       org.eclipse.jdt.launching.internal.org.objectweb.asm.ByteVector::putUTF8 (144 bytes)
Event: 1985.753 Thread 0x000001e597ac8000  202       3       org.eclipse.jdt.launching.internal.org.objectweb.asm.Label::addLineNumber (89 bytes)
Event: 1985.754 Thread 0x000001e597ac8000 nmethod 202 0x000001e58018f310 code [0x000001e58018f4a0, 0x000001e58018f950]
Event: 1985.754 Thread 0x000001e597ac8000  203       3       org.eclipse.jdt.launching.internal.org.objectweb.asm.MethodWriter::visitLineNumber (50 bytes)
Event: 1985.754 Thread 0x000001e597ac8000 nmethod 203 0x000001e58018eb10 code [0x000001e58018eca0, 0x000001e58018f100]
Event: 1985.770 Thread 0x000001e597ac6800 nmethod 204 0x000001e58018c890 code [0x000001e58018ca00, 0x000001e58018d178]
Event: 2021.680 Thread 0x000001e597ac8000  205       3       org.eclipse.jdt.launching.internal.org.objectweb.asm.ByteVector::putByteArray (49 bytes)
Event: 2021.682 Thread 0x000001e597ac8000 nmethod 205 0x000001e58018c2d0 code [0x000001e58018c440, 0x000001e58018c760]
Event: 2235.424 Thread 0x000001e597ac8000  206       3       org.eclipse.jdt.launching.internal.org.objectweb.asm.ClassReader::readShort (27 bytes)
Event: 2235.425 Thread 0x000001e597ac8000 nmethod 206 0x000001e580181510 code [0x000001e580181660, 0x000001e580181818]

GC Heap History (0 events):
No events

Deoptimization events (0 events):
No events

Classes redefined (10 events):
Event: 453.202 Thread 0x000001e5fe8d4000 redefined class name=clases.Nave, count=6
Event: 681.458 Thread 0x000001e5fe8d4000 redefined class name=clases.Nave, count=7
Event: 741.656 Thread 0x000001e5fe8d4000 redefined class name=clases.Nave, count=8
Event: 808.827 Thread 0x000001e5fe8d4000 redefined class name=clases.GestionDeDesechos, count=1
Event: 936.797 Thread 0x000001e5fe8d4000 redefined class name=clases.GestionDeDesechos, count=2
Event: 1458.357 Thread 0x000001e5fe8d4000 redefined class name=clases.Nave, count=9
Event: 1626.934 Thread 0x000001e5fe8d4000 redefined class name=clases.PlanetExpress, count=1
Event: 2021.681 Thread 0x000001e5fe8d4000 redefined class name=clases.GestionDeDesechos, count=3
Event: 2114.701 Thread 0x000001e5fe8d4000 redefined class name=clases.Nave, count=10
Event: 2235.426 Thread 0x000001e5fe8d4000 redefined class name=clases.Nave, count=11

Internal exceptions (6 events):
Event: 0.034 Thread 0x000001e5fab48800 Exception <a 'java/lang/NoSuchMethodError': Method sun.misc.Unsafe.defineClass(Ljava/lang/String;[BII)Ljava/lang/Class; name or signature does not match> (0x000000076bd07cc0) thrown at [C:\jenkins\workspace\8-2-build-windows-amd64-cygwin\jdk8u271\605\hots
Event: 0.034 Thread 0x000001e5fab48800 Exception <a 'java/lang/NoSuchMethodError': Method sun.misc.Unsafe.prefetchRead(Ljava/lang/Object;J)V name or signature does not match> (0x000000076bd07fa8) thrown at [C:\jenkins\workspace\8-2-build-windows-amd64-cygwin\jdk8u271\605\hotspot\src\share\vm\p
Event: 0.289 Thread 0x000001e5fab48800 Exception <a 'java/security/PrivilegedActionException'> (0x000000076c486360) thrown at [C:\jenkins\workspace\8-2-build-windows-amd64-cygwin\jdk8u271\605\hotspot\src\share\vm\prims\jvm.cpp, line 1512]
Event: 0.289 Thread 0x000001e5fab48800 Exception <a 'java/security/PrivilegedActionException'> (0x000000076c486758) thrown at [C:\jenkins\workspace\8-2-build-windows-amd64-cygwin\jdk8u271\605\hotspot\src\share\vm\prims\jvm.cpp, line 1512]
Event: 0.290 Thread 0x000001e5fab48800 Exception <a 'java/security/PrivilegedActionException'> (0x000000076c48a5b0) thrown at [C:\jenkins\workspace\8-2-build-windows-amd64-cygwin\jdk8u271\605\hotspot\src\share\vm\prims\jvm.cpp, line 1512]
Event: 0.290 Thread 0x000001e5fab48800 Exception <a 'java/security/PrivilegedActionException'> (0x000000076c48a9a8) thrown at [C:\jenkins\workspace\8-2-build-windows-amd64-cygwin\jdk8u271\605\hotspot\src\share\vm\prims\jvm.cpp, line 1512]

Events (10 events):
Event: 2235.524 Executing VM operation: GetCurrentContendedMonitor done
Event: 2235.524 Executing VM operation: GetOwnedMonitorInfo
Event: 2235.524 Executing VM operation: GetOwnedMonitorInfo done
Event: 2235.524 Executing VM operation: GetCurrentContendedMonitor
Event: 2235.524 Executing VM operation: GetCurrentContendedMonitor done
Event: 2235.529 Executing VM operation: GetCurrentContendedMonitor
Event: 2235.529 Executing VM operation: GetCurrentContendedMonitor done
Event: 2235.529 Executing VM operation: GetOwnedMonitorInfo
Event: 2235.529 Executing VM operation: GetOwnedMonitorInfo done
Event: 2235.905 Executing VM operation: GetOrSetLocal


Dynamic libraries:
0x00007ff789d40000 - 0x00007ff789d87000 	C:\Program Files\Java\jre1.8.0_271\bin\javaw.exe
0x00007ffb980d0000 - 0x00007ffb982c6000 	C:\WINDOWS\SYSTEM32\ntdll.dll
0x00007ffb96c60000 - 0x00007ffb96d1d000 	C:\WINDOWS\System32\KERNEL32.DLL
0x00007ffb95c00000 - 0x00007ffb95ec9000 	C:\WINDOWS\System32\KERNELBASE.dll
0x00007ffb97fe0000 - 0x00007ffb9808c000 	C:\WINDOWS\System32\ADVAPI32.dll
0x00007ffb97e80000 - 0x00007ffb97f1e000 	C:\WINDOWS\System32\msvcrt.dll
0x00007ffb96d20000 - 0x00007ffb96dbc000 	C:\WINDOWS\System32\sechost.dll
0x00007ffb97030000 - 0x00007ffb9715b000 	C:\WINDOWS\System32\RPCRT4.dll
0x00007ffb97cc0000 - 0x00007ffb97e60000 	C:\WINDOWS\System32\USER32.dll
0x00007ffb95f50000 - 0x00007ffb95f72000 	C:\WINDOWS\System32\win32u.dll
0x00007ffb97f20000 - 0x00007ffb97f4a000 	C:\WINDOWS\System32\GDI32.dll
0x00007ffb95ac0000 - 0x00007ffb95bcb000 	C:\WINDOWS\System32\gdi32full.dll
0x00007ffb95870000 - 0x00007ffb9590d000 	C:\WINDOWS\System32\msvcp_win.dll
0x00007ffb959c0000 - 0x00007ffb95ac0000 	C:\WINDOWS\System32\ucrtbase.dll
0x00007ffb7a570000 - 0x00007ffb7a80b000 	C:\WINDOWS\WinSxS\amd64_microsoft.windows.common-controls_6595b64144ccf1df_6.0.19041.746_none_ca02b4b61b8320a4\COMCTL32.dll
0x00007ffb97f50000 - 0x00007ffb97f80000 	C:\WINDOWS\System32\IMM32.DLL
0x00007ffb91400000 - 0x00007ffb91415000 	C:\Program Files\Java\jre1.8.0_271\bin\vcruntime140.dll
0x00007ffb24690000 - 0x00007ffb2472b000 	C:\Program Files\Java\jre1.8.0_271\bin\msvcp140.dll
0x0000000071ff0000 - 0x000000007285f000 	C:\Program Files\Java\jre1.8.0_271\bin\server\jvm.dll
0x00007ffb96b80000 - 0x00007ffb96b88000 	C:\WINDOWS\System32\PSAPI.DLL
0x00007ffb7a9c0000 - 0x00007ffb7a9e7000 	C:\WINDOWS\SYSTEM32\WINMM.dll
0x00007ffb8e6a0000 - 0x00007ffb8e6aa000 	C:\WINDOWS\SYSTEM32\VERSION.dll
0x00007ffb4b480000 - 0x00007ffb4b489000 	C:\WINDOWS\SYSTEM32\WSOCK32.dll
0x00007ffb97270000 - 0x00007ffb972db000 	C:\WINDOWS\System32\WS2_32.dll
0x00007ffb93770000 - 0x00007ffb93782000 	C:\WINDOWS\SYSTEM32\kernel.appcore.dll
0x00007ffb91360000 - 0x00007ffb91370000 	C:\Program Files\Java\jre1.8.0_271\bin\verify.dll
0x00007ffb8f070000 - 0x00007ffb8f09b000 	C:\Program Files\Java\jre1.8.0_271\bin\java.dll
0x00007ffb8d130000 - 0x00007ffb8d166000 	C:\Program Files\Java\jre1.8.0_271\bin\jdwp.dll
0x00007ffb90660000 - 0x00007ffb90669000 	C:\Program Files\Java\jre1.8.0_271\bin\npt.dll
0x00007ffb4ae60000 - 0x00007ffb4ae90000 	C:\Program Files\Java\jre1.8.0_271\bin\instrument.dll
0x00007ffb8cee0000 - 0x00007ffb8cef8000 	C:\Program Files\Java\jre1.8.0_271\bin\zip.dll
0x00007ffb972e0000 - 0x00007ffb97a23000 	C:\WINDOWS\System32\SHELL32.dll
0x00007ffb93970000 - 0x00007ffb940ff000 	C:\WINDOWS\SYSTEM32\windows.storage.dll
0x00007ffb96130000 - 0x00007ffb96486000 	C:\WINDOWS\System32\combase.dll
0x00007ffb95270000 - 0x00007ffb9529c000 	C:\WINDOWS\SYSTEM32\Wldp.dll
0x00007ffb97160000 - 0x00007ffb9720e000 	C:\WINDOWS\System32\SHCORE.dll
0x00007ffb97b50000 - 0x00007ffb97ba5000 	C:\WINDOWS\System32\shlwapi.dll
0x00007ffb95740000 - 0x00007ffb95766000 	C:\WINDOWS\SYSTEM32\profapi.dll
0x00007ffb8f060000 - 0x00007ffb8f06a000 	C:\Program Files\Java\jre1.8.0_271\bin\dt_socket.dll
0x00007ffb4be10000 - 0x00007ffb4be27000 	C:\WINDOWS\system32\napinsp.dll
0x00007ffb4b700000 - 0x00007ffb4b71b000 	C:\WINDOWS\system32\pnrpnsp.dll
0x00007ffb90770000 - 0x00007ffb90785000 	C:\WINDOWS\system32\wshbth.dll
0x00007ffb911c0000 - 0x00007ffb911dd000 	C:\WINDOWS\system32\NLAapi.dll
0x00007ffb94c90000 - 0x00007ffb94ccb000 	C:\WINDOWS\SYSTEM32\IPHLPAPI.DLL
0x00007ffb94ff0000 - 0x00007ffb9505a000 	C:\WINDOWS\System32\mswsock.dll
0x00007ffb94cd0000 - 0x00007ffb94d9b000 	C:\WINDOWS\SYSTEM32\DNSAPI.dll
0x00007ffb96620000 - 0x00007ffb96628000 	C:\WINDOWS\System32\NSI.dll
0x00007ffb4b580000 - 0x00007ffb4b592000 	C:\WINDOWS\System32\winrnr.dll
0x00007ffb7c990000 - 0x00007ffb7ca0f000 	C:\WINDOWS\System32\fwpuclnt.dll
0x00007ffb95bd0000 - 0x00007ffb95bf7000 	C:\WINDOWS\System32\bcrypt.dll
0x00007ffb7cdd0000 - 0x00007ffb7cdda000 	C:\Windows\System32\rasadhlp.dll
0x00007ffb81560000 - 0x00007ffb81744000 	C:\WINDOWS\SYSTEM32\dbghelp.dll
0x00007ffb95ed0000 - 0x00007ffb95f50000 	C:\WINDOWS\System32\bcryptPrimitives.dll

VM Arguments:
jvm_args: -agentlib:jdwp=transport=dt_socket,suspend=y,address=localhost:62957 -javaagent:C:\Users\34650\eclipse\java-2020-03\eclipse\configuration\org.eclipse.osgi\223\0\.cp\lib\javaagent-shaded.jar -Dfile.encoding=Cp1252 
java_command: clases.PlanetExpress
java_class_path (initial): C:\Users\34650\OneDrive\Documentos\GitHub\PROGRAMACION_DE_SERVICIOS_Y_PROCESOS\EjercicioHilosLock\bin;C:\Users\34650\eclipse\java-2020-03\eclipse\configuration\org.eclipse.osgi\223\0\.cp\lib\javaagent-shaded.jar
Launcher Type: SUN_STANDARD

Environment Variables:
PATH=C:/Program Files/AdoptOpenJDK/jdk-11.0.9.101-hotspot/bin/client;C:/Program Files/AdoptOpenJDK/jdk-11.0.9.101-hotspot/bin;C:\Program Files\AdoptOpenJDK\jdk-11.0.9.101-hotspot\bin;C:\oraclexe\app\oracle\product\11.2.0\server\bin;C:\Program Files (x86)\Common Files\Oracle\Java\javapath;C:\windows\system32;C:\windows;C:\windows\System32\Wbem;C:\windows\System32\WindowsPowerShell\v1.0\;C:\windows\System32\OpenSSH\;C:\Program Files (x86)\NVIDIA Corporation\PhysX\Common;C:\Program Files\NVIDIA Corporation\NVIDIA NvDLISR;C:\Program Files\Microsoft SQL Server\130\Tools\Binn\;C:\Program Files\Microsoft SQL Server\Client SDK\ODBC\170\Tools\Binn\;C:\Program Files\Microsoft SQL Server\Client SDK\ODBC\130\Tools\Binn\;C:\Program Files (x86)\Microsoft SQL Server\130\Tools\Binn\;C:\Program Files\Microsoft SQL Server\130\DTS\Binn\;C:\Program Files\Java\JLayer1.0.1;C:\Program Files\Git\cmd;C:\WINDOWS\system32;C:\WINDOWS;C:\WINDOWS\System32\Wbem;C:\WINDOWS\System32\WindowsPowerShell\v1.0\;C:\WINDOWS\System32\OpenSSH\;C:\Program Files\dotnet\;C:\Program Files\Azure Data Studio\bin;C:\Program Files (x86)\Microsoft SQL Server\150\Tools\Binn\;C:\Program Files\Microsoft SQL Server\150\Tools\Binn\;C:\Program Files\Microsoft SQL Server\150\DTS\Binn\;C:\Program Files (x86)\Microsoft SQL Server\150\DTS\Binn\;C:\Program Files (x86)\dotnet\;C:\Users\34650\AppData\Local\Microsoft\WindowsApps;C:\Users\34650\AppData\Local\Microsoft\WindowsApps;C:\Users\34650\.dotnet\tools;C:\Program Files\MongoDB\Server\4.4\bin;C:\Program Files\Azure Data Studio\bin;C:\Users\34650\AppData\Local\GitHubDesktop\bin;C:\WINDOWS\system32;
USERNAME=34650
OS=Windows_NT
PROCESSOR_IDENTIFIER=Intel64 Family 6 Model 126 Stepping 5, GenuineIntel



---------------  S Y S T E M  ---------------

OS: Windows 10.0 , 64 bit Build 19041 (10.0.19041.662)

CPU:total 8 (initial active 8) (4 cores per cpu, 2 threads per core) family 6 model 126 stepping 5, cmov, cx8, fxsr, mmx, sse, sse2, sse3, ssse3, sse4.1, sse4.2, popcnt, avx, avx2, aes, clmul, erms, 3dnowpref, lzcnt, ht, tsc, tscinvbit, bmi1, bmi2, adx

Memory: 4k page, physical 16553776k(8386288k free), swap 31830916k(3422492k free)

vm_info: Java HotSpot(TM) 64-Bit Server VM (25.271-b09) for windows-amd64 JRE (1.8.0_271-b09), built on Sep 16 2020 19:14:59 by "" with MS VC++ 15.9 (VS2017)

time: Fri Feb  5 19:49:22 2021
timezone: Hora estándar romance
elapsed time: 2235.922188 seconds (0d 0h 37m 15s)

