[2020-12-03T22:01:25.308168100] Hola, tu procesador tiene 4 núcleos. Voy a crear una interfaz con una matriz de JLabel 5 veces más grande, de 8x8
[2020-12-03T22:01:26.018930800] Quedan 9.936 segundos de ejecución del programa
[2020-12-03T22:01:26.025898900] Posiciones con Morty: 
[2020-12-03T22:01:26.102843300] Quedan 9.844 segundos de ejecución del programa
[2020-12-03T22:01:26.108810800] Posiciones con Morty: 
[2020-12-03T22:01:26.194580600] Quedan 9.752 segundos de ejecución del programa
[2020-12-03T22:01:26.199568100] Posiciones con Morty: 
[2020-12-03T22:01:26.268504400] Quedan 9.675 segundos de ejecución del programa
[2020-12-03T22:01:26.269501600] Posiciones con Morty: 
[2020-12-03T22:01:26.330542300] Quedan 9.614 segundos de ejecución del programa
[2020-12-03T22:01:26.331534800] Posiciones con Morty: 
[2020-12-03T22:01:26.391538800] Quedan 9.552 segundos de ejecución del programa
[2020-12-03T22:01:26.392538200] Posiciones con Morty: 
[2020-12-03T22:01:26.452568900] Quedan 9.49 segundos de ejecución del programa
[2020-12-03T22:01:26.454562500] Posiciones con Morty: 
[2020-12-03T22:01:26.514627900] Quedan 9.4279995 segundos de ejecución del programa
[2020-12-03T22:01:26.516571] Posiciones con Morty: 
[2020-12-03T22:01:26.576571600] Quedan 9.366 segundos de ejecución del programa
[2020-12-03T22:01:26.578559700] Posiciones con Morty: 
[2020-12-03T22:01:26.638572800] Quedan 9.305 segundos de ejecución del programa
[2020-12-03T22:01:26.640569300] Posiciones con Morty: 
[2020-12-03T22:01:26.699563100] Quedan 9.243 segundos de ejecución del programa
[2020-12-03T22:01:26.701556300] Posiciones con Morty: 
[2020-12-03T22:01:26.762558600] Quedan 9.18 segundos de ejecución del programa
[2020-12-03T22:01:26.764607400] Posiciones con Morty: 
[2020-12-03T22:01:26.824649600] Quedan 9.118 segundos de ejecución del programa
[2020-12-03T22:01:26.825624600] Posiciones con Morty: 
[2020-12-03T22:01:26.886862500] Quedan 9.057 segundos de ejecución del programa
[2020-12-03T22:01:26.888855] Posiciones con Morty: 
[2020-12-03T22:01:26.946701900] Quedan 8.996 segundos de ejecución del programa
[2020-12-03T22:01:26.948696500] Posiciones con Morty: 
[2020-12-03T22:01:27.008708400] Quedan 8.934 segundos de ejecución del programa
[2020-12-03T22:01:27.010701300] Posiciones con Morty: 
[2020-12-03T22:01:27.072621100] Quedan 8.87 segundos de ejecución del programa
[2020-12-03T22:01:27.074677400] Posiciones con Morty: 
[2020-12-03T22:01:27.134680800] Quedan 8.809 segundos de ejecución del programa
[2020-12-03T22:01:27.135687200] Posiciones con Morty: 
[2020-12-03T22:01:27.183646100] Lanzando Morty nº 0
[2020-12-03T22:01:27.198691700] Quedan 8.746 segundos de ejecución del programa
[2020-12-03T22:01:27.203636500] Posiciones con Morty: (7,6)
[2020-12-03T22:01:27.269676500] Lanzando Morty nº 3
[2020-12-03T22:01:27.304210300] Quedan 8.639 segundos de ejecución del programa
[2020-12-03T22:01:27.305718900] Posiciones con Morty: (7,5)(0,0)(0,0)(5,7)
[2020-12-03T22:01:27.396708100] Quedan 8.546 segundos de ejecución del programa
[2020-12-03T22:01:27.398705800] Posiciones con Morty: (7,5)(0,0)(0,0)(5,7)
[2020-12-03T22:01:27.472686900] Quedan 8.47 segundos de ejecución del programa
[2020-12-03T22:01:27.474723700] Posiciones con Morty: (7,5)(0,0)(0,0)(5,7)
[2020-12-03T22:01:27.543708500] Lanzando Morty nº 6
[2020-12-03T22:01:27.552698400] Quedan 8.393 segundos de ejecución del programa
[2020-12-03T22:01:27.597694900] Lanzando Morty nº 2
[2020-12-03T22:01:27.601684900] Posiciones con Morty: (7,5)(0,0)(0,0)(4,7)
[2020-12-03T22:01:27.641658500] Lanzando Morty nº 7
[2020-12-03T22:01:27.650680200] Lanzando Morty nº 1
[2020-12-03T22:01:27.687657900] Quedan 8.255 segundos de ejecución del programa
[2020-12-03T22:01:27.690650] Posiciones con Morty: (7,5)(7,3)(1,5)(4,7)(0,0)(0,0)(0,0)(3,3)
[2020-12-03T22:01:27.738689100] Lanzando Morty nº 5
[2020-12-03T22:01:27.779661800] Quedan 8.164 segundos de ejecución del programa
[2020-12-03T22:01:27.781655600] Posiciones con Morty: (7,6)(6,3)(1,4)(5,7)(0,0)(7,6)(6,4)(3,3)
[2020-12-03T22:01:27.871665100] Quedan 8.071 segundos de ejecución del programa
[2020-12-03T22:01:27.874657600] Posiciones con Morty: (7,7)(7,3)(2,4)(5,7)(0,0)(7,5)(7,4)(3,4)
[2020-12-03T22:01:27.885673200] Lanzando Morty nº 4
[2020-12-03T22:01:27.978621900] Quedan 7.965 segundos de ejecución del programa
[2020-12-03T22:01:27.980614300] Posiciones con Morty: (6,7)(7,4)(1,4)(6,6)(6,2)(7,5)(7,5)(5,4)
[2020-12-03T22:01:28.070219300] Quedan 7.873 segundos de ejecución del programa
[2020-12-03T22:01:28.072213900] Posiciones con Morty: (7,7)(7,3)(1,4)(5,6)(6,3)(7,3)(7,6)(4,4)
[2020-12-03T22:01:28.164316500] Quedan 7.781 segundos de ejecución del programa
[2020-12-03T22:01:28.172301] Posiciones con Morty: (7,6)(7,3)(1,3)(5,5)(4,3)(6,3)(6,5)(3,3)
[2020-12-03T22:01:28.285887100] Quedan 7.657 segundos de ejecución del programa
[2020-12-03T22:01:28.288877900] Posiciones con Morty: (7,7)(7,4)(0,3)(5,5)(3,3)(6,4)(7,5)(3,2)
[2020-12-03T22:01:28.378778800] Quedan 7.565 segundos de ejecución del programa
[2020-12-03T22:01:28.380773200] Posiciones con Morty: (7,7)(7,5)(1,2)(4,5)(3,2)(6,5)(6,5)(3,3)
[2020-12-03T22:01:28.469298100] Quedan 7.473 segundos de ejecución del programa
[2020-12-03T22:01:28.471288600] Posiciones con Morty: (6,7)(5,5)(1,3)(4,5)(4,3)(5,5)(7,5)(4,3)
[2020-12-03T22:01:28.562049800] Quedan 7.381 segundos de ejecución del programa
[2020-12-03T22:01:28.564048400] Posiciones con Morty: (6,5)(6,5)(0,2)(5,5)(3,3)(5,6)(7,6)(4,4)
[2020-12-03T22:01:28.656824600] Quedan 7.2860003 segundos de ejecución del programa
[2020-12-03T22:01:28.659818] Posiciones con Morty: (5,5)(7,5)(0,2)(6,4)(2,4)(6,7)(7,7)(5,5)
[2020-12-03T22:01:28.752541500] Quedan 7.192 segundos de ejecución del programa
[2020-12-03T22:01:28.754535900] Posiciones con Morty: (6,4)(7,6)(2,2)(6,5)(2,3)(6,7)(6,7)(6,5)
[2020-12-03T22:01:28.847515900] Quedan 7.097 segundos de ejecución del programa
[2020-12-03T22:01:28.852499800] Posiciones con Morty: (6,3)(7,6)(2,1)(6,5)(2,1)(6,7)(6,5)(6,5)
[2020-12-03T22:01:28.940952400] Quedan 7.0030003 segundos de ejecución del programa
[2020-12-03T22:01:28.942961400] Posiciones con Morty: (7,2)(6,6)(1,1)(6,4)(1,1)(5,7)(5,5)(6,4)
[2020-12-03T22:01:29.033932600] Quedan 6.91 segundos de ejecución del programa
[2020-12-03T22:01:29.038921300] Posiciones con Morty: (7,2)(5,6)(3,1)(7,4)(1,0)(5,7)(5,5)(7,3)
[2020-12-03T22:01:29.144242300] Quedan 6.799 segundos de ejecución del programa
[2020-12-03T22:01:29.147235800] Posiciones con Morty: (7,2)(5,6)(3,1)(7,3)(1,0)(6,6)(5,7)(7,4)
[2020-12-03T22:01:29.237084500] Quedan 6.705 segundos de ejecución del programa
[2020-12-03T22:01:29.240077700] Posiciones con Morty: (7,3)(5,7)(3,2)(6,3)(0,0)(6,5)(4,7)(6,4)
[2020-12-03T22:01:29.330044700] Quedan 6.612 segundos de ejecución del programa
[2020-12-03T22:01:29.333038600] Posiciones con Morty: (7,2)(4,7)(2,2)(6,4)(0,0)(5,5)(3,6)(6,3)
[2020-12-03T22:01:29.438755] Quedan 6.5039997 segundos de ejecución del programa
[2020-12-03T22:01:29.440750] Posiciones con Morty: (7,1)(4,5)(1,1)(6,6)(1,0)(6,6)(4,6)(7,4)
[2020-12-03T22:01:29.532547700] Quedan 6.4110003 segundos de ejecución del programa
[2020-12-03T22:01:29.534545] Posiciones con Morty: (6,1)(5,5)(1,0)(6,5)(0,0)(6,7)(5,6)(7,3)
[2020-12-03T22:01:29.624950900] Quedan 6.3199997 segundos de ejecución del programa
[2020-12-03T22:01:29.627940600] Posiciones con Morty: (7,0)(6,4)(2,1)(6,5)(1,1)(6,5)(5,7)(6,2)
[2020-12-03T22:01:29.729666800] Quedan 6.2130003 segundos de ejecución del programa
[2020-12-03T22:01:29.731661700] Posiciones con Morty: (7,0)(6,5)(2,0)(5,5)(0,1)(7,5)(6,7)(7,2)
[2020-12-03T22:01:29.824413200] Quedan 6.118 segundos de ejecución del programa
[2020-12-03T22:01:29.826407700] Posiciones con Morty: (6,0)(7,4)(1,0)(5,5)(0,3)(6,6)(7,6)(6,3)
[2020-12-03T22:01:29.919590800] Quedan 6.023 segundos de ejecución del programa
[2020-12-03T22:01:29.921585100] Posiciones con Morty: (7,0)(7,3)(2,0)(4,5)(1,3)(6,5)(7,5)(6,2)
[2020-12-03T22:01:30.012341700] Quedan 5.93 segundos de ejecución del programa
[2020-12-03T22:01:30.015334700] Posiciones con Morty: (7,0)(7,2)(1,0)(6,5)(2,4)(7,5)(7,5)(7,1)
[2020-12-03T22:01:30.120922100] Quedan 5.822 segundos de ejecución del programa
[2020-12-03T22:01:30.122918200] Posiciones con Morty: (7,0)(7,3)(1,0)(7,5)(3,4)(7,5)(6,5)(7,1)
[2020-12-03T22:01:30.197716900] Quedan 5.745 segundos de ejecución del programa
[2020-12-03T22:01:30.199714400] Posiciones con Morty: (7,0)(7,3)(1,0)(7,5)(2,3)(6,5)(5,5)(7,1)
[2020-12-03T22:01:30.291931100] Quedan 5.652 segundos de ejecución del programa
[2020-12-03T22:01:30.295922400] Posiciones con Morty: (7,0)(5,3)(2,1)(7,5)(3,3)(6,6)(5,7)(7,1)
[2020-12-03T22:01:30.381704400] Quedan 5.561 segundos de ejecución del programa
[2020-12-03T22:01:30.384682600] Posiciones con Morty: (7,0)(4,3)(2,3)(7,4)(5,3)(5,5)(4,7)(7,0)
[2020-12-03T22:01:30.473446300] Quedan 5.47 segundos de ejecución del programa
[2020-12-03T22:01:30.478437900] Posiciones con Morty: (7,1)(4,4)(2,4)(7,4)(6,3)(6,5)(4,7)(6,0)
[2020-12-03T22:01:30.569199200] Quedan 5.375 segundos de ejecución del programa
[2020-12-03T22:01:30.579168800] Posiciones con Morty: (6,1)(3,4)(2,3)(6,4)(6,2)(6,6)(3,7)(7,0)
[2020-12-03T22:01:30.671914400] Quedan 5.271 segundos de ejecución del programa
[2020-12-03T22:01:30.673910800] Posiciones con Morty: (6,2)(2,4)(2,2)(7,4)(5,2)(6,5)(4,7)(7,0)
[2020-12-03T22:01:30.784614600] Quedan 5.162 segundos de ejecución del programa
[2020-12-03T22:01:30.786611700] Posiciones con Morty: (5,3)(1,3)(3,1)(6,5)(5,2)(7,4)(5,7)(7,0)
[2020-12-03T22:01:30.873946300] Quedan 5.07 segundos de ejecución del programa
[2020-12-03T22:01:30.877938300] Posiciones con Morty: (5,4)(1,4)(3,2)(5,5)(4,2)(7,5)(5,7)(7,1)
[2020-12-03T22:01:30.982215300] Quedan 4.961 segundos de ejecución del programa
[2020-12-03T22:01:30.984208800] Posiciones con Morty: (4,5)(1,3)(2,2)(4,5)(5,2)(7,6)(4,7)(7,1)
[2020-12-03T22:01:31.073575300] Quedan 4.87 segundos de ejecución del programa
[2020-12-03T22:01:31.075570600] Posiciones con Morty: (4,4)(2,4)(1,3)(4,3)(3,2)(5,6)(5,7)(7,0)
[2020-12-03T22:01:31.165546] Quedan 4.778 segundos de ejecución del programa
[2020-12-03T22:01:31.170531200] Posiciones con Morty: (4,3)(3,3)(1,4)(3,3)(4,2)(5,5)(5,7)(7,0)
[2020-12-03T22:01:31.258306600] Quedan 4.685 segundos de ejecución del programa
[2020-12-03T22:01:31.261295900] Posiciones con Morty: (5,4)(3,2)(1,6)(3,2)(5,1)(4,6)(5,7)(7,0)
[2020-12-03T22:01:31.349168] Quedan 4.593 segundos de ejecución del programa
[2020-12-03T22:01:31.351162200] Posiciones con Morty: (5,3)(3,3)(1,7)(1,2)(5,0)(4,5)(6,7)(7,0)
[2020-12-03T22:01:31.441918100] Quedan 4.501 segundos de ejecución del programa
[2020-12-03T22:01:31.444923500] Posiciones con Morty: (4,3)(1,3)(0,7)(1,3)(6,0)(4,4)(6,6)(6,0)
[2020-12-03T22:01:31.535667400] Quedan 4.407 segundos de ejecución del programa
[2020-12-03T22:01:31.537663600] Posiciones con Morty: (4,2)(1,4)(0,6)(1,4)(7,0)(5,4)(5,6)(5,0)
[2020-12-03T22:01:31.617452400] Quedan 4.329 segundos de ejecución del programa
[2020-12-03T22:01:31.619446200] Posiciones con Morty: (4,1)(0,4)(1,7)(1,3)(7,1)(5,4)(4,6)(6,0)
[2020-12-03T22:01:31.707210500] Quedan 4.235 segundos de ejecución del programa
[2020-12-03T22:01:31.709205100] Posiciones con Morty: (3,0)(0,5)(1,6)(1,2)(6,1)(5,5)(3,6)(5,0)
[2020-12-03T22:01:31.800977600] Quedan 4.142 segundos de ejecución del programa
[2020-12-03T22:01:31.802959700] Posiciones con Morty: (4,0)(0,5)(1,7)(1,2)(7,0)(6,4)(3,4)(4,0)
[2020-12-03T22:01:31.878750800] Quedan 4.065 segundos de ejecución del programa
[2020-12-03T22:01:31.880745600] Posiciones con Morty: (5,0)(0,6)(2,7)(0,2)(7,0)(6,3)(3,3)(4,1)
[2020-12-03T22:01:31.969041900] Quedan 3.973 segundos de ejecución del programa
[2020-12-03T22:01:31.972021900] Posiciones con Morty: (6,0)(0,6)(1,7)(0,1)(7,0)(6,4)(3,4)(3,0)
[2020-12-03T22:01:32.063325400] Quedan 3.88 segundos de ejecución del programa
[2020-12-03T22:01:32.065318700] Posiciones con Morty: (5,0)(0,6)(0,7)(0,0)(7,0)(6,3)(3,5)(2,0)
[2020-12-03T22:01:32.157045300] Quedan 3.7849998 segundos de ejecución del programa
[2020-12-03T22:01:32.159042300] Posiciones con Morty: (6,0)(0,7)(0,6)(1,0)(7,1)(7,3)(2,5)(2,0)
[2020-12-03T22:01:32.248801100] Quedan 3.6939998 segundos de ejecución del programa
[2020-12-03T22:01:32.258777900] Posiciones con Morty: (6,1)(0,7)(0,6)(0,0)(7,0)(7,4)(2,7)(2,1)
[2020-12-03T22:01:32.353522100] Quedan 3.5890002 segundos de ejecución del programa
[2020-12-03T22:01:32.355518500] Posiciones con Morty: (6,1)(0,7)(0,6)(0,0)(7,0)(7,4)(2,7)(2,1)
[2020-12-03T22:01:32.446291600] Quedan 3.4970002 segundos de ejecución del programa
[2020-12-03T22:01:32.448268900] Posiciones con Morty: (5,1)(0,6)(0,7)(1,0)(7,0)(7,5)(1,7)(2,2)
[2020-12-03T22:01:32.536033300] Quedan 3.4060001 segundos de ejecución del programa
[2020-12-03T22:01:32.559970] Posiciones con Morty: (5,1)(0,6)(0,7)(2,0)(7,0)(7,5)(1,7)(2,3)
[2020-12-03T22:01:32.643751100] Quedan 3.2989998 segundos de ejecución del programa
[2020-12-03T22:01:32.647738800] Posiciones con Morty: (5,0)(1,6)(0,6)(1,0)(6,0)(7,4)(0,7)(2,4)
[2020-12-03T22:01:32.735849600] Quedan 3.2069998 segundos de ejecución del programa
[2020-12-03T22:01:32.737845400] Posiciones con Morty: (6,0)(1,7)(0,6)(1,1)(6,1)(7,4)(0,7)(2,5)
[2020-12-03T22:01:32.827170300] Quedan 3.1149998 segundos de ejecución del programa
[2020-12-03T22:01:32.829167400] Posiciones con Morty: (6,0)(1,7)(0,6)(1,1)(7,1)(7,4)(0,7)(2,5)
[2020-12-03T22:01:32.919922200] Quedan 3.0229998 segundos de ejecución del programa
[2020-12-03T22:01:32.921916500] Posiciones con Morty: (6,0)(2,7)(0,5)(1,0)(7,0)(7,4)(0,7)(2,6)
[2020-12-03T22:01:33.014345900] Quedan 2.929 segundos de ejecución del programa
[2020-12-03T22:01:33.018845600] Posiciones con Morty: (6,1)(1,7)(1,5)(1,1)(7,1)(7,3)(0,6)(1,6)
[2020-12-03T22:01:33.106718800] Quedan 2.836 segundos de ejecución del programa
[2020-12-03T22:01:33.108707900] Posiciones con Morty: (5,2)(2,7)(2,4)(1,1)(7,0)(7,4)(2,6)(0,5)
[2020-12-03T22:01:33.183508900] Quedan 2.7589998 segundos de ejecución del programa
[2020-12-03T22:01:33.186501100] Posiciones con Morty: (4,2)(2,7)(1,4)(1,2)(7,0)(7,3)(3,6)(0,6)
[2020-12-03T22:01:33.275260900] Quedan 2.6669998 segundos de ejecución del programa
[2020-12-03T22:01:33.277257500] Posiciones con Morty: (5,1)(2,6)(2,4)(1,1)(6,0)(7,2)(4,6)(1,6)
[2020-12-03T22:01:33.366028100] Quedan 2.5760002 segundos de ejecución del programa
[2020-12-03T22:01:33.369799400] Posiciones con Morty: (5,0)(3,6)(2,4)(1,0)(6,0)(6,2)(4,5)(2,6)
[2020-12-03T22:01:33.459559800] Quedan 2.4829998 segundos de ejecución del programa
[2020-12-03T22:01:33.471525900] Posiciones con Morty: (5,1)(4,5)(3,4)(0,1)(6,0)(7,1)(4,5)(2,7)
[2020-12-03T22:01:33.552312300] Quedan 2.3899999 segundos de ejecución del programa
[2020-12-03T22:01:33.554306200] Posiciones con Morty: (5,0)(4,6)(2,4)(0,1)(5,0)(6,1)(4,6)(2,7)
[2020-12-03T22:01:33.630103800] Quedan 2.3130002 segundos de ejecución del programa
[2020-12-03T22:01:33.631100800] Posiciones con Morty: (4,0)(4,7)(3,4)(0,1)(4,0)(7,1)(4,5)(1,7)
[2020-12-03T22:01:33.707895300] Quedan 2.2350001 segundos de ejecución del programa
[2020-12-03T22:01:33.710887700] Posiciones con Morty: (4,0)(5,7)(3,3)(1,1)(5,0)(7,0)(4,6)(2,7)
[2020-12-03T22:01:33.799694800] Quedan 2.144 segundos de ejecución del programa
[2020-12-03T22:01:33.800691900] Posiciones con Morty: (4,1)(6,7)(3,2)(0,1)(5,0)(7,0)(5,6)(1,7)
[2020-12-03T22:01:33.892452300] Quedan 2.051 segundos de ejecución del programa
[2020-12-03T22:01:33.897435300] Posiciones con Morty: (3,1)(5,6)(3,3)(0,1)(5,1)(7,1)(5,5)(1,7)
[2020-12-03T22:01:33.997687100] Quedan 1.9449997 segundos de ejecución del programa
[2020-12-03T22:01:33.999681300] Posiciones con Morty: (3,0)(5,6)(3,3)(0,2)(4,1)(7,1)(5,6)(1,7)
[2020-12-03T22:01:34.074823700] Quedan 1.868 segundos de ejecución del programa
[2020-12-03T22:01:34.076819500] Posiciones con Morty: (3,0)(4,6)(3,2)(1,2)(4,1)(7,2)(4,6)(0,7)
[2020-12-03T22:01:34.152615600] Quedan 1.79 segundos de ejecución del programa
[2020-12-03T22:01:34.154612] Posiciones con Morty: (3,1)(4,7)(3,3)(1,3)(4,2)(7,3)(4,5)(0,7)
[2020-12-03T22:01:34.246365600] Quedan 1.6960001 segundos de ejecución del programa
[2020-12-03T22:01:34.248361800] Posiciones con Morty: (3,2)(3,7)(2,3)(0,3)(4,3)(6,3)(4,4)(1,7)
[2020-12-03T22:01:34.339181300] Quedan 1.6049995 segundos de ejecución del programa
[2020-12-03T22:01:34.344161900] Posiciones con Morty: (2,2)(2,7)(1,3)(1,3)(5,3)(7,3)(3,4)(1,6)
[2020-12-03T22:01:34.428933400] Quedan 1.5139999 segundos de ejecución del programa
[2020-12-03T22:01:34.430930] Posiciones con Morty: (1,3)(2,7)(3,3)(0,3)(4,3)(7,4)(3,6)(2,7)
[2020-12-03T22:01:34.521198100] Quedan 1.4209995 segundos de ejecución del programa
[2020-12-03T22:01:34.523199100] Posiciones con Morty: (1,4)(3,7)(3,4)(0,4)(5,3)(7,4)(4,6)(3,7)
[2020-12-03T22:01:34.597450] Quedan 1.3450003 segundos de ejecución del programa
[2020-12-03T22:01:34.600445500] Posiciones con Morty: (2,3)(3,7)(4,4)(1,4)(3,3)(5,4)(4,6)(2,7)
[2020-12-03T22:01:34.691376900] Quedan 1.2510004 segundos de ejecución del programa
[2020-12-03T22:01:34.693371300] Posiciones con Morty: (2,2)(3,6)(3,5)(2,3)(4,3)(6,4)(5,6)(3,7)
[2020-12-03T22:01:34.783172400] Quedan 1.1599998 segundos de ejecución del programa
[2020-12-03T22:01:34.785126300] Posiciones con Morty: (2,1)(3,7)(3,4)(1,3)(4,4)(6,3)(6,6)(2,7)
[2020-12-03T22:01:34.874885900] Quedan 1.0679998 segundos de ejecución del programa
[2020-12-03T22:01:34.876881600] Posiciones con Morty: (1,0)(2,6)(3,3)(2,3)(5,5)(7,2)(5,7)(2,6)
[2020-12-03T22:01:34.966226900] Quedan 0.97599983 segundos de ejecución del programa
[2020-12-03T22:01:34.968224300] Posiciones con Morty: (1,0)(2,5)(2,4)(2,5)(5,4)(6,2)(6,7)(1,5)
[2020-12-03T22:01:35.043020200] Quedan 0.89900017 segundos de ejecución del programa
[2020-12-03T22:01:35.046013400] Posiciones con Morty: (2,0)(3,5)(3,4)(2,4)(7,4)(6,3)(6,7)(1,4)
[2020-12-03T22:01:35.152051400] Quedan 0.78999996 segundos de ejecución del programa
[2020-12-03T22:01:35.171996700] Posiciones con Morty: (3,1)(3,3)(3,4)(3,3)(6,4)(6,3)(6,7)(1,5)
[2020-12-03T22:01:35.392407700] Quedan 0.55099964 segundos de ejecución del programa
[2020-12-03T22:01:35.396400400] Posiciones con Morty: (3,0)(3,2)(4,4)(3,4)(6,3)(7,3)(5,7)(2,6)
[2020-12-03T22:01:35.484163200] Quedan 0.45899963 segundos de ejecución del programa
[2020-12-03T22:01:35.486156600] Posiciones con Morty: (3,0)(3,2)(4,5)(3,5)(6,4)(7,4)(5,6)(2,7)
[2020-12-03T22:01:35.561518400] Quedan 0.38099957 segundos de ejecución del programa
[2020-12-03T22:01:35.563513100] Posiciones con Morty: (2,0)(3,1)(4,4)(2,5)(5,3)(6,4)(4,6)(2,6)
[2020-12-03T22:01:35.655266800] Quedan 0.2869997 segundos de ejecución del programa
[2020-12-03T22:01:35.657263200] Posiciones con Morty: (2,1)(4,1)(3,4)(3,5)(5,2)(5,4)(5,6)(0,6)
[2020-12-03T22:01:35.748022700] Quedan 0.19400024 segundos de ejecución del programa
[2020-12-03T22:01:35.750016700] Posiciones con Morty: (2,2)(5,1)(4,3)(3,4)(4,2)(7,4)(5,5)(0,6)
[2020-12-03T22:01:35.855734300] Quedan 0.08699989 segundos de ejecución del programa
[2020-12-03T22:01:35.857726200] Posiciones con Morty: (1,1)(4,0)(4,4)(3,6)(5,3)(7,3)(5,5)(0,6)
[2020-12-03T22:01:35.950993400] Quedan -0.0069999695 segundos de ejecución del programa
[2020-12-03T22:01:35.952988700] Posiciones con Morty: (2,1)(4,0)(3,4)(4,6)(4,3)(7,4)(6,5)(0,5)
[2020-12-03T22:01:35.987896400] 
----
ESPERANDO A QUE LOS MORTYS TERMINEN.
------------------------------
[2020-12-03T22:01:35.988891300] ¿Está el Morty nº0 vivo? true
[2020-12-03T22:01:37.255691100] ¿Está el Morty nº1 vivo? true
[2020-12-03T22:01:37.754288] ¿Está el Morty nº2 vivo? false
[2020-12-03T22:01:37.756283500] ¿Está el Morty nº3 vivo? false
[2020-12-03T22:01:37.757281100] ¿Está el Morty nº4 vivo? true
[2020-12-03T22:01:37.979685900] ¿Está el Morty nº5 vivo? false
[2020-12-03T22:01:37.980683200] ¿Está el Morty nº6 vivo? false
[2020-12-03T22:01:37.981680500] ¿Está el Morty nº7 vivo? false
[2020-12-03T22:01:37.982678200] 

----EJECUCIÓN DE MORTYS TERMINADA------
[2020-12-03T22:01:37.983675100] Valor de salida del Morty nº0: Correcto (0)
[2020-12-03T22:01:37.984673600] Valor de salida del Morty nº1: Correcto (0)
[2020-12-03T22:01:37.985670800] Valor de salida del Morty nº2: Correcto (0)
[2020-12-03T22:01:37.985670800] Valor de salida del Morty nº3: Correcto (0)
[2020-12-03T22:01:37.986668] Valor de salida del Morty nº4: Correcto (0)
[2020-12-03T22:01:37.987664900] Valor de salida del Morty nº5: Correcto (0)
[2020-12-03T22:01:37.988662400] Valor de salida del Morty nº6: Correcto (0)
[2020-12-03T22:01:37.989660500] Valor de salida del Morty nº7: Correcto (0)
[2020-12-03T22:01:37.990663700] 
----
ESTUPIDÓMETRO DE MORTYs.
------------------------------
[2020-12-03T22:01:37.992651500] 
Los mortys han vuelto sobre sus pasos un total de 776 veces.
