SoyMaría Sánchez me dispongo a pimplar cerveza
SoyYuliia Melnyk me dispongo a pimplar cerveza
Yuliia Melnyk se ha bebido un vaso. Lleva bebidos 0.3 l, y su cerveza en sangre es  : 0.3su tasa de alcoholemia es: 0.10800002 En el barril quedan 29.7 l
Yuliia Melnyk se ha terminado su vaso, va a por otro.
SoyRaul Gonzalez Parra me dispongo a pimplar cerveza
Yuliia Melnyk se ha bebido un vaso. Lleva bebidos 0.6 l, y su cerveza en sangre es  : 0.6su tasa de alcoholemia es: 0.21600004 En el barril quedan 29.400002 l
Raul Gonzalez Parra se ha bebido un vaso. Lleva bebidos 0.3 l, y su cerveza en sangre es  : 0.3su tasa de alcoholemia es: 0.10800002 En el barril quedan 29.400002 l
María Sánchez se ha bebido un vaso. Lleva bebidos 0.3 l, y su cerveza en sangre es  : 0.3su tasa de alcoholemia es: 0.10800002 En el barril quedan 29.7 l
Raul Gonzalez Parra se ha terminado su vaso, va a por otro.
Raul Gonzalez Parra se ha bebido un vaso. Lleva bebidos 0.6 l, y su cerveza en sangre es  : 0.6su tasa de alcoholemia es: 0.21600004 En el barril quedan 29.400002 l
SoyJose Manuel Aviles me dispongo a pimplar cerveza
Jose Manuel Aviles se ha bebido un vaso. Lleva bebidos 0.3 l, y su cerveza en sangre es  : 0.3su tasa de alcoholemia es: 0.10800002 En el barril quedan 29.100002 l
Yuliia Melnyk se ha terminado su vaso, va a por otro.
SoyFrancisco España me dispongo a pimplar cerveza
Raul Gonzalez Parra se ha terminado su vaso, va a por otro.
SoyAlez Ríos me dispongo a pimplar cerveza
María Sánchez se ha terminado su vaso, va a por otro.
SoyAlvaro Lopez me dispongo a pimplar cerveza
Alvaro Lopez se ha bebido un vaso. Lleva bebidos 0.3 l, y su cerveza en sangre es  : 0.3su tasa de alcoholemia es: 0.10800002 En el barril quedan 28.800003 l
Alez Ríos se ha bebido un vaso. Lleva bebidos 0.3 l, y su cerveza en sangre es  : 0.3su tasa de alcoholemia es: 0.10800002 En el barril quedan 28.800003 l
SoyDaniel Perez, me dispongo a pimplar cerveza
Daniel Perez, se ha bebido un vaso. Lleva bebidos 0.3 l, y su cerveza en sangre es  : 0.3su tasa de alcoholemia es: 0.10800002 En el barril quedan 28.500004 l
Alez Ríos se ha terminado su vaso, va a por otro.
Alez Ríos se ha bebido un vaso. Lleva bebidos 0.6 l, y su cerveza en sangre es  : 0.6su tasa de alcoholemia es: 0.21600004 En el barril quedan 28.200005 l
SoyJavier Alcalde me dispongo a pimplar cerveza
Javier Alcalde se ha bebido un vaso. Lleva bebidos 0.3 l, y su cerveza en sangre es  : 0.3su tasa de alcoholemia es: 0.10800002 En el barril quedan 27.900005 l
María Sánchez se ha bebido un vaso. Lleva bebidos 0.6 l, y su cerveza en sangre es  : 0.6su tasa de alcoholemia es: 0.21600004 En el barril quedan 27.600006 l
Raul Gonzalez Parra se ha bebido un vaso. Lleva bebidos 0.90000004 l, y su cerveza en sangre es  : 0.90000004su tasa de alcoholemia es: 0.324 En el barril quedan 27.300007 l
Jose Manuel Aviles se ha terminado su vaso, va a por otro.
SoyJaime Sánchez me dispongo a pimplar cerveza
SoyAntonio Calvente me dispongo a pimplar cerveza
Antonio Calvente se ha bebido un vaso. Lleva bebidos 0.3 l, y su cerveza en sangre es  : 0.3su tasa de alcoholemia es: 0.10800002 En el barril quedan 27.000008 l
Jaime Sánchez se ha bebido un vaso. Lleva bebidos 0.3 l, y su cerveza en sangre es  : 0.3su tasa de alcoholemia es: 0.10800002 En el barril quedan 27.000008 l
SoyJualu  Ceacero me dispongo a pimplar cerveza
Jualu  Ceacero se ha bebido un vaso. Lleva bebidos 0.3 l, y su cerveza en sangre es  : 0.3su tasa de alcoholemia es: 0.10800002 En el barril quedan 26.700008 l
Francisco España se ha bebido un vaso. Lleva bebidos 0.3 l, y su cerveza en sangre es  : 0.3su tasa de alcoholemia es: 0.10800002 En el barril quedan 26.700008 l
Jaime Sánchez se ha terminado su vaso, va a por otro.
Raul Gonzalez Parra se ha terminado su vaso, va a por otro.
Daniel Perez, se ha terminado su vaso, va a por otro.
Alez Ríos se ha terminado su vaso, va a por otro.
Jaime Sánchez se ha bebido un vaso. Lleva bebidos 0.6 l, y su cerveza en sangre es  : 0.6su tasa de alcoholemia es: 0.21600004 En el barril quedan 26.40001 l
Daniel Perez, se ha bebido un vaso. Lleva bebidos 0.6 l, y su cerveza en sangre es  : 0.6su tasa de alcoholemia es: 0.21600004 En el barril quedan 26.40001 l
Jose Manuel Aviles se ha bebido un vaso. Lleva bebidos 0.6 l, y su cerveza en sangre es  : 0.6su tasa de alcoholemia es: 0.21600004 En el barril quedan 26.40001 l
Daniel Perez, se ha terminado su vaso, va a por otro.
SoyNoberto Vargas me dispongo a pimplar cerveza
Daniel Perez, se ha bebido un vaso. Lleva bebidos 0.90000004 l, y su cerveza en sangre es  : 0.90000004su tasa de alcoholemia es: 0.324 En el barril quedan 26.10001 l
Alez Ríos se ha bebido un vaso. Lleva bebidos 0.90000004 l, y su cerveza en sangre es  : 0.90000004su tasa de alcoholemia es: 0.324 En el barril quedan 26.10001 l
Noberto Vargas se ha bebido un vaso. Lleva bebidos 0.3 l, y su cerveza en sangre es  : 0.3su tasa de alcoholemia es: 0.10800002 En el barril quedan 25.80001 l
SoyJavier Ruiz me dispongo a pimplar cerveza
SoyCristina Carrillo me dispongo a pimplar cerveza
María Sánchez se ha terminado su vaso, va a por otro.
Jose Manuel Aviles se ha terminado su vaso, va a por otro.
María Sánchez se ha bebido un vaso. Lleva bebidos 0.90000004 l, y su cerveza en sangre es  : 0.90000004su tasa de alcoholemia es: 0.324 En el barril quedan 25.80001 l
Javier Alcalde se ha terminado su vaso, va a por otro.
María Sánchez se ha terminado su vaso, va a por otro.
Javier Alcalde se ha bebido un vaso. Lleva bebidos 0.6 l, y su cerveza en sangre es  : 0.6su tasa de alcoholemia es: 0.21600004 En el barril quedan 25.500011 l
Alvaro Lopez se ha terminado su vaso, va a por otro.
María Sánchez se ha bebido un vaso. Lleva bebidos 1.2 l, y su cerveza en sangre es  : 1.2su tasa de alcoholemia es: 0.43200007 En el barril quedan 25.500011 l
Alvaro Lopez se ha bebido un vaso. Lleva bebidos 0.6 l, y su cerveza en sangre es  : 0.6su tasa de alcoholemia es: 0.21600004 En el barril quedan 25.200012 l
Francisco España se ha terminado su vaso, va a por otro.
Francisco España se ha bebido un vaso. Lleva bebidos 0.6 l, y su cerveza en sangre es  : 0.6su tasa de alcoholemia es: 0.21600004 En el barril quedan 24.900013 l
Javier Ruiz se ha bebido un vaso. Lleva bebidos 0.3 l, y su cerveza en sangre es  : 0.3su tasa de alcoholemia es: 0.10800002 En el barril quedan 25.500011 l
María Sánchez se ha terminado su vaso, va a por otro.
Noberto Vargas se ha terminado su vaso, va a por otro.
Jualu  Ceacero se ha terminado su vaso, va a por otro.
Daniel Perez, se ha terminado su vaso, va a por otro.
Antonio Calvente se ha terminado su vaso, va a por otro.
María Sánchez se ha bebido un vaso. Lleva bebidos 1.5 l, y su cerveza en sangre es  : 1.5su tasa de alcoholemia es: 0.54 En el barril quedan 25.200012 l
Jualu  Ceacero se ha bebido un vaso. Lleva bebidos 0.6 l, y su cerveza en sangre es  : 0.6su tasa de alcoholemia es: 0.21600004 En el barril quedan 25.200012 l
Jaime Sánchez se ha terminado su vaso, va a por otro.
Daniel Perez, se ha bebido un vaso. Lleva bebidos 1.2 l, y su cerveza en sangre es  : 1.2su tasa de alcoholemia es: 0.43200007 En el barril quedan 24.900013 l
Jaime Sánchez se ha bebido un vaso. Lleva bebidos 0.90000004 l, y su cerveza en sangre es  : 0.90000004su tasa de alcoholemia es: 0.324 En el barril quedan 24.900013 l
SoyNico Fernández me dispongo a pimplar cerveza
Antonio Calvente se ha bebido un vaso. Lleva bebidos 0.6 l, y su cerveza en sangre es  : 0.6su tasa de alcoholemia es: 0.21600004 En el barril quedan 24.600014 l
Cristina Carrillo se ha bebido un vaso. Lleva bebidos 0.3 l, y su cerveza en sangre es  : 0.3su tasa de alcoholemia es: 0.10800002 En el barril quedan 25.200012 l
Raul Gonzalez Parra se ha bebido un vaso. Lleva bebidos 1.2 l, y su cerveza en sangre es  : 1.2su tasa de alcoholemia es: 0.43200007 En el barril quedan 24.600014 l
Francisco España se ha terminado su vaso, va a por otro.
Daniel Perez, se ha terminado su vaso, va a por otro.
Daniel Perez, se ha bebido un vaso. Lleva bebidos 1.5 l, y su cerveza en sangre es  : 1.5su tasa de alcoholemia es: 0.54 En el barril quedan 24.300014 l
Francisco España se ha bebido un vaso. Lleva bebidos 0.90000004 l, y su cerveza en sangre es  : 0.90000004su tasa de alcoholemia es: 0.324 En el barril quedan 24.300014 l
Yuliia Melnyk se ha bebido un vaso. Lleva bebidos 0.90000004 l, y su cerveza en sangre es  : 0.90000004su tasa de alcoholemia es: 0.324 En el barril quedan 24.300014 l
Noberto Vargas se ha bebido un vaso. Lleva bebidos 0.6 l, y su cerveza en sangre es  : 0.6su tasa de alcoholemia es: 0.21600004 En el barril quedan 24.000015 l
Nico Fernández se ha bebido un vaso. Lleva bebidos 0.3 l, y su cerveza en sangre es  : 0.3su tasa de alcoholemia es: 0.10800002 En el barril quedan 24.600014 l
Alez Ríos se ha terminado su vaso, va a por otro.
Alez Ríos se ha bebido un vaso. Lleva bebidos 1.2 l, y su cerveza en sangre es  : 1.2su tasa de alcoholemia es: 0.43200007 En el barril quedan 24.300014 l
Cristina Carrillo se ha terminado su vaso, va a por otro.
Cristina Carrillo se ha bebido un vaso. Lleva bebidos 0.6 l, y su cerveza en sangre es  : 0.6su tasa de alcoholemia es: 0.21600004 En el barril quedan 24.000015 l
Daniel Perez, se ha terminado su vaso, va a por otro.
Daniel Perez, se ha bebido un vaso. Lleva bebidos 1.8 l, y su cerveza en sangre es  : 1.8su tasa de alcoholemia es: 0.648 En el barril quedan 23.700016 l
Javier Ruiz se ha terminado su vaso, va a por otro.
Javier Alcalde se ha terminado su vaso, va a por otro.
Javier Alcalde se ha bebido un vaso. Lleva bebidos 0.90000004 l, y su cerveza en sangre es  : 0.90000004su tasa de alcoholemia es: 0.324 En el barril quedan 23.400017 l
Alvaro Lopez se ha terminado su vaso, va a por otro.
Jaime Sánchez se ha terminado su vaso, va a por otro.
Jaime Sánchez se ha bebido un vaso. Lleva bebidos 1.2 l, y su cerveza en sangre es  : 1.2su tasa de alcoholemia es: 0.43200007 En el barril quedan 23.100018 l
Alvaro Lopez se ha bebido un vaso. Lleva bebidos 0.90000004 l, y su cerveza en sangre es  : 0.90000004su tasa de alcoholemia es: 0.324 En el barril quedan 23.100018 l
Jualu  Ceacero se ha terminado su vaso, va a por otro.
Jualu  Ceacero se ha bebido un vaso. Lleva bebidos 0.90000004 l, y su cerveza en sangre es  : 0.90000004su tasa de alcoholemia es: 0.324 En el barril quedan 22.800018 l
Alvaro Lopez se ha terminado su vaso, va a por otro.
Alvaro Lopez se ha bebido un vaso. Lleva bebidos 1.2 l, y su cerveza en sangre es  : 1.2su tasa de alcoholemia es: 0.43200007 En el barril quedan 22.50002 l
Francisco España se ha terminado su vaso, va a por otro.
Francisco España se ha bebido un vaso. Lleva bebidos 1.2 l, y su cerveza en sangre es  : 1.2su tasa de alcoholemia es: 0.43200007 En el barril quedan 22.20002 l
María Sánchez se ha terminado su vaso, va a por otro.
Yuliia Melnyk se ha terminado su vaso, va a por otro.
María Sánchez se ha bebido un vaso. Lleva bebidos 1.8 l, y su cerveza en sangre es  : 1.8su tasa de alcoholemia es: 0.648 En el barril quedan 21.90002 l
Antonio Calvente se ha terminado su vaso, va a por otro.
Antonio Calvente se ha bebido un vaso. Lleva bebidos 0.90000004 l, y su cerveza en sangre es  : 0.90000004su tasa de alcoholemia es: 0.324 En el barril quedan 21.600021 l
Yuliia Melnyk se ha bebido un vaso. Lleva bebidos 1.2 l, y su cerveza en sangre es  : 1.2su tasa de alcoholemia es: 0.43200007 En el barril quedan 21.90002 l
Jaime Sánchez se ha terminado su vaso, va a por otro.
Jaime Sánchez se ha bebido un vaso. Lleva bebidos 1.5 l, y su cerveza en sangre es  : 1.5su tasa de alcoholemia es: 0.54 En el barril quedan 21.600021 l
Alvaro Lopez se ha terminado su vaso, va a por otro.
Nico Fernández se ha terminado su vaso, va a por otro.
Alvaro Lopez se ha bebido un vaso. Lleva bebidos 1.5 l, y su cerveza en sangre es  : 1.5su tasa de alcoholemia es: 0.54 En el barril quedan 21.300022 l
Daniel Perez, se ha terminado su vaso, va a por otro.
Nico Fernández se ha bebido un vaso. Lleva bebidos 0.6 l, y su cerveza en sangre es  : 0.6su tasa de alcoholemia es: 0.21600004 En el barril quedan 21.000023 l
Javier Alcalde se ha terminado su vaso, va a por otro.
Noberto Vargas se ha terminado su vaso, va a por otro.
Raul Gonzalez Parra se ha terminado su vaso, va a por otro.
Raul Gonzalez Parra se ha bebido un vaso. Lleva bebidos 1.5 l, y su cerveza en sangre es  : 1.5su tasa de alcoholemia es: 0.54 En el barril quedan 20.700024 l
Daniel Perez, se ha bebido un vaso. Lleva bebidos 2.1 l, y su cerveza en sangre es  : 2.1su tasa de alcoholemia es: 0.7559999 En el barril quedan 20.700024 l
Noberto Vargas se ha bebido un vaso. Lleva bebidos 0.90000004 l, y su cerveza en sangre es  : 0.90000004su tasa de alcoholemia es: 0.324 En el barril quedan 20.700024 l
Javier Alcalde se ha bebido un vaso. Lleva bebidos 1.2 l, y su cerveza en sangre es  : 1.2su tasa de alcoholemia es: 0.43200007 En el barril quedan 20.400024 l
María Sánchez se ha terminado su vaso, va a por otro.
María Sánchez se ha bebido un vaso. Lleva bebidos 2.1 l, y su cerveza en sangre es  : 2.1su tasa de alcoholemia es: 0.7559999 En el barril quedan 20.100025 l
Raul Gonzalez Parra se ha terminado su vaso, va a por otro.
Daniel Perez, se ha terminado su vaso, va a por otro.
Daniel Perez, se ha bebido un vaso. Lleva bebidos 2.3999999 l, y su cerveza en sangre es  : 2.3999999su tasa de alcoholemia es: 0.86399996 En el barril quedan 19.800026 l
Cristina Carrillo se ha terminado su vaso, va a por otro.
Jualu  Ceacero se ha terminado su vaso, va a por otro.
Cristina Carrillo se ha bebido un vaso. Lleva bebidos 0.90000004 l, y su cerveza en sangre es  : 0.90000004su tasa de alcoholemia es: 0.324 En el barril quedan 19.500027 l
Jaime Sánchez se ha terminado su vaso, va a por otro.
Jualu  Ceacero se ha bebido un vaso. Lleva bebidos 1.2 l, y su cerveza en sangre es  : 1.2su tasa de alcoholemia es: 0.43200007 En el barril quedan 19.500027 l
Alez Ríos se ha terminado su vaso, va a por otro.
Antonio Calvente se ha terminado su vaso, va a por otro.
Alez Ríos se ha bebido un vaso. Lleva bebidos 1.5 l, y su cerveza en sangre es  : 1.5su tasa de alcoholemia es: 0.54 En el barril quedan 19.200027 l
Antonio Calvente se ha bebido un vaso. Lleva bebidos 1.2 l, y su cerveza en sangre es  : 1.2su tasa de alcoholemia es: 0.43200007 En el barril quedan 19.200027 l
Jualu  Ceacero se ha terminado su vaso, va a por otro.
Nico Fernández se ha terminado su vaso, va a por otro.
Jualu  Ceacero se ha bebido un vaso. Lleva bebidos 1.5 l, y su cerveza en sangre es  : 1.5su tasa de alcoholemia es: 0.54 En el barril quedan 18.900028 l
Nico Fernández se ha bebido un vaso. Lleva bebidos 0.90000004 l, y su cerveza en sangre es  : 0.90000004su tasa de alcoholemia es: 0.324 En el barril quedan 18.900028 l
Alvaro Lopez se ha terminado su vaso, va a por otro.
Alvaro Lopez se ha bebido un vaso. Lleva bebidos 1.8 l, y su cerveza en sangre es  : 1.8su tasa de alcoholemia es: 0.648 En el barril quedan 18.600029 l
Yuliia Melnyk se ha terminado su vaso, va a por otro.
Alvaro Lopez se ha terminado su vaso, va a por otro.
Nico Fernández se ha terminado su vaso, va a por otro.
Yuliia Melnyk se ha bebido un vaso. Lleva bebidos 1.5 l, y su cerveza en sangre es  : 1.5su tasa de alcoholemia es: 0.54 En el barril quedan 18.30003 l
Alvaro Lopez se ha bebido un vaso. Lleva bebidos 2.1 l, y su cerveza en sangre es  : 2.1su tasa de alcoholemia es: 0.7559999 En el barril quedan 18.30003 l
Javier Alcalde se ha terminado su vaso, va a por otro.
Javier Alcalde se ha bebido un vaso. Lleva bebidos 1.5 l, y su cerveza en sangre es  : 1.5su tasa de alcoholemia es: 0.54 En el barril quedan 18.00003 l
Francisco España se ha terminado su vaso, va a por otro.
Francisco España se ha bebido un vaso. Lleva bebidos 1.5 l, y su cerveza en sangre es  : 1.5su tasa de alcoholemia es: 0.54 En el barril quedan 17.700031 l
Cristina Carrillo se ha terminado su vaso, va a por otro.
Cristina Carrillo se ha bebido un vaso. Lleva bebidos 1.2 l, y su cerveza en sangre es  : 1.2su tasa de alcoholemia es: 0.43200007 En el barril quedan 17.400032 l
Jualu  Ceacero se ha terminado su vaso, va a por otro.
Javier Alcalde se ha terminado su vaso, va a por otro.
Javier Alcalde se ha bebido un vaso. Lleva bebidos 1.8 l, y su cerveza en sangre es  : 1.8su tasa de alcoholemia es: 0.648 En el barril quedan 17.100033 l
Alez Ríos se ha terminado su vaso, va a por otro.
Cristina Carrillo se ha terminado su vaso, va a por otro.
Jualu  Ceacero se ha bebido un vaso. Lleva bebidos 1.8 l, y su cerveza en sangre es  : 1.8su tasa de alcoholemia es: 0.648 En el barril quedan 16.800034 l
Alez Ríos se ha bebido un vaso. Lleva bebidos 1.8 l, y su cerveza en sangre es  : 1.8su tasa de alcoholemia es: 0.648 En el barril quedan 16.800034 l
Noberto Vargas se ha terminado su vaso, va a por otro.
Cristina Carrillo se ha bebido un vaso. Lleva bebidos 1.5 l, y su cerveza en sangre es  : 1.5su tasa de alcoholemia es: 0.54 En el barril quedan 16.500034 l
Noberto Vargas se ha bebido un vaso. Lleva bebidos 1.2 l, y su cerveza en sangre es  : 1.2su tasa de alcoholemia es: 0.43200007 En el barril quedan 16.500034 l
María Sánchez se ha terminado su vaso, va a por otro.
María Sánchez se ha bebido un vaso. Lleva bebidos 2.3999999 l, y su cerveza en sangre es  : 2.3999999su tasa de alcoholemia es: 0.86399996 En el barril quedan 16.200035 l
Yuliia Melnyk se ha terminado su vaso, va a por otro.
Daniel Perez, se ha terminado su vaso, va a por otro.
Francisco España se ha terminado su vaso, va a por otro.
Antonio Calvente se ha terminado su vaso, va a por otro.
Daniel Perez, se ha bebido un vaso. Lleva bebidos 2.6999998 l, y su cerveza en sangre es  : 2.6999998su tasa de alcoholemia es: 0.97199994 En el barril quedan 15.900035 l
Yuliia Melnyk se ha bebido un vaso. Lleva bebidos 1.8 l, y su cerveza en sangre es  : 1.8su tasa de alcoholemia es: 0.648 En el barril quedan 15.900035 l
Antonio Calvente se ha bebido un vaso. Lleva bebidos 1.5 l, y su cerveza en sangre es  : 1.5su tasa de alcoholemia es: 0.54 En el barril quedan 15.900035 l
Jualu  Ceacero se ha terminado su vaso, va a por otro.
Jualu  Ceacero se ha bebido un vaso. Lleva bebidos 2.1 l, y su cerveza en sangre es  : 2.1su tasa de alcoholemia es: 0.7559999 En el barril quedan 15.600035 l
Alvaro Lopez se ha terminado su vaso, va a por otro.
Cristina Carrillo se ha terminado su vaso, va a por otro.
Alvaro Lopez se ha bebido un vaso. Lleva bebidos 2.3999999 l, y su cerveza en sangre es  : 2.3999999su tasa de alcoholemia es: 0.86399996 En el barril quedan 15.3000345 l
Cristina Carrillo se ha bebido un vaso. Lleva bebidos 1.8 l, y su cerveza en sangre es  : 1.8su tasa de alcoholemia es: 0.648 En el barril quedan 15.3000345 l
Noberto Vargas se ha terminado su vaso, va a por otro.
Noberto Vargas se ha bebido un vaso. Lleva bebidos 1.5 l, y su cerveza en sangre es  : 1.5su tasa de alcoholemia es: 0.54 En el barril quedan 15.000034 l
Daniel Perez, se ha terminado su vaso, va a por otro.
Yuliia Melnyk se ha terminado su vaso, va a por otro.
Yuliia Melnyk se ha bebido un vaso. Lleva bebidos 2.1 l, y su cerveza en sangre es  : 2.1su tasa de alcoholemia es: 0.7559999 En el barril quedan 14.700034 l
Daniel Perez, se ha bebido un vaso. Lleva bebidos 2.9999998 l, y su cerveza en sangre es  : 2.9999998su tasa de alcoholemia es: 1.0799999 En el barril quedan 14.700034 l
Antonio Calvente se ha terminado su vaso, va a por otro.
Antonio Calvente se ha bebido un vaso. Lleva bebidos 1.8 l, y su cerveza en sangre es  : 1.8su tasa de alcoholemia es: 0.648 En el barril quedan 14.400034 l
Cristina Carrillo se ha terminado su vaso, va a por otro.
Cristina Carrillo se ha bebido un vaso. Lleva bebidos 2.1 l, y su cerveza en sangre es  : 2.1su tasa de alcoholemia es: 0.7559999 En el barril quedan 14.100034 l
Javier Alcalde se ha terminado su vaso, va a por otro.
Javier Alcalde se ha bebido un vaso. Lleva bebidos 2.1 l, y su cerveza en sangre es  : 2.1su tasa de alcoholemia es: 0.7559999 En el barril quedan 13.800034 l
Alez Ríos se ha terminado su vaso, va a por otro.
Alez Ríos se ha bebido un vaso. Lleva bebidos 2.1 l, y su cerveza en sangre es  : 2.1su tasa de alcoholemia es: 0.7559999 En el barril quedan 13.500033 l
María Sánchez se ha terminado su vaso, va a por otro.
Alvaro Lopez se ha terminado su vaso, va a por otro.
Yuliia Melnyk se ha terminado su vaso, va a por otro.
María Sánchez se ha bebido un vaso. Lleva bebidos 2.6999998 l, y su cerveza en sangre es  : 2.6999998su tasa de alcoholemia es: 0.97199994 En el barril quedan 13.200033 l
Alvaro Lopez se ha bebido un vaso. Lleva bebidos 2.6999998 l, y su cerveza en sangre es  : 2.6999998su tasa de alcoholemia es: 0.97199994 En el barril quedan 13.200033 l
Jualu  Ceacero se ha terminado su vaso, va a por otro.
Jualu  Ceacero se ha bebido un vaso. Lleva bebidos 2.3999999 l, y su cerveza en sangre es  : 2.3999999su tasa de alcoholemia es: 0.86399996 En el barril quedan 12.900033 l
Javier Alcalde se ha terminado su vaso, va a por otro.
Alez Ríos se ha terminado su vaso, va a por otro.
Javier Alcalde se ha bebido un vaso. Lleva bebidos 2.3999999 l, y su cerveza en sangre es  : 2.3999999su tasa de alcoholemia es: 0.86399996 En el barril quedan 12.600033 l
Antonio Calvente se ha terminado su vaso, va a por otro.
Antonio Calvente se ha bebido un vaso. Lleva bebidos 2.1 l, y su cerveza en sangre es  : 2.1su tasa de alcoholemia es: 0.7559999 En el barril quedan 12.300033 l
Alvaro Lopez se ha terminado su vaso, va a por otro.
Alvaro Lopez se ha bebido un vaso. Lleva bebidos 2.9999998 l, y su cerveza en sangre es  : 2.9999998su tasa de alcoholemia es: 1.0799999 En el barril quedan 12.000032 l
Cristina Carrillo se ha terminado su vaso, va a por otro.
Cristina Carrillo se ha bebido un vaso. Lleva bebidos 2.3999999 l, y su cerveza en sangre es  : 2.3999999su tasa de alcoholemia es: 0.86399996 En el barril quedan 11.700032 l
Noberto Vargas se ha terminado su vaso, va a por otro.
Noberto Vargas se ha bebido un vaso. Lleva bebidos 1.8 l, y su cerveza en sangre es  : 1.8su tasa de alcoholemia es: 0.648 En el barril quedan 11.400032 l
Daniel Perez, se ha terminado su vaso, va a por otro.
Daniel Perez, se ha bebido un vaso. Lleva bebidos 3.2999997 l, y su cerveza en sangre es  : 3.2999997su tasa de alcoholemia es: 1.1879998 En el barril quedan 11.100032 l
Jualu  Ceacero se ha terminado su vaso, va a por otro.
Jualu  Ceacero se ha bebido un vaso. Lleva bebidos 2.6999998 l, y su cerveza en sangre es  : 2.6999998su tasa de alcoholemia es: 0.97199994 En el barril quedan 10.800032 l
Javier Alcalde se ha terminado su vaso, va a por otro.
Javier Alcalde se ha bebido un vaso. Lleva bebidos 2.6999998 l, y su cerveza en sangre es  : 2.6999998su tasa de alcoholemia es: 0.97199994 En el barril quedan 10.500031 l
María Sánchez se ha terminado su vaso, va a por otro.
María Sánchez se ha bebido un vaso. Lleva bebidos 2.9999998 l, y su cerveza en sangre es  : 2.9999998su tasa de alcoholemia es: 1.0799999 En el barril quedan 10.200031 l
Cristina Carrillo se ha terminado su vaso, va a por otro.
Cristina Carrillo se ha bebido un vaso. Lleva bebidos 2.6999998 l, y su cerveza en sangre es  : 2.6999998su tasa de alcoholemia es: 0.97199994 En el barril quedan 9.900031 l
Jualu  Ceacero se ha terminado su vaso, va a por otro.
Jualu  Ceacero se ha bebido un vaso. Lleva bebidos 2.9999998 l, y su cerveza en sangre es  : 2.9999998su tasa de alcoholemia es: 1.0799999 En el barril quedan 9.600031 l
Antonio Calvente se ha terminado su vaso, va a por otro.
Jualu  Ceacero se ha terminado su vaso, va a por otro.
Antonio Calvente se ha bebido un vaso. Lleva bebidos 2.3999999 l, y su cerveza en sangre es  : 2.3999999su tasa de alcoholemia es: 0.86399996 En el barril quedan 9.300031 l
Jualu  Ceacero se ha bebido un vaso. Lleva bebidos 3.2999997 l, y su cerveza en sangre es  : 3.2999997su tasa de alcoholemia es: 1.1879998 En el barril quedan 9.300031 l
Noberto Vargas se ha terminado su vaso, va a por otro.
Noberto Vargas se ha bebido un vaso. Lleva bebidos 2.1 l, y su cerveza en sangre es  : 2.1su tasa de alcoholemia es: 0.7559999 En el barril quedan 9.0000305 l
Cristina Carrillo se ha terminado su vaso, va a por otro.
Alvaro Lopez se ha terminado su vaso, va a por otro.
Jualu  Ceacero se ha terminado su vaso, va a por otro.
Alvaro Lopez se ha bebido un vaso. Lleva bebidos 3.2999997 l, y su cerveza en sangre es  : 3.2999997su tasa de alcoholemia es: 1.1879998 En el barril quedan 8.70003 l
Jualu  Ceacero se ha pasado bebiendo. Tiene que reposra un poco antes de seguir
Daniel Perez, se ha terminado su vaso, va a por otro.
Daniel Perez, se ha pasado bebiendo. Tiene que reposra un poco antes de seguir
María Sánchez se ha terminado su vaso, va a por otro.
Javier Alcalde se ha terminado su vaso, va a por otro.
María Sánchez se ha bebido un vaso. Lleva bebidos 3.2999997 l, y su cerveza en sangre es  : 3.2999997su tasa de alcoholemia es: 1.1879998 En el barril quedan 8.40003 l
Javier Alcalde se ha bebido un vaso. Lleva bebidos 2.9999998 l, y su cerveza en sangre es  : 2.9999998su tasa de alcoholemia es: 1.0799999 En el barril quedan 8.40003 l
Antonio Calvente se ha terminado su vaso, va a por otro.
Antonio Calvente se ha bebido un vaso. Lleva bebidos 2.6999998 l, y su cerveza en sangre es  : 2.6999998su tasa de alcoholemia es: 0.97199994 En el barril quedan 8.10003 l
María Sánchez se ha terminado su vaso, va a por otro.
María Sánchez se ha pasado bebiendo. Tiene que reposra un poco antes de seguir
Antonio Calvente se ha terminado su vaso, va a por otro.
Antonio Calvente se ha bebido un vaso. Lleva bebidos 2.9999998 l, y su cerveza en sangre es  : 2.9999998su tasa de alcoholemia es: 1.0799999 En el barril quedan 7.8000298 l
Javier Alcalde se ha terminado su vaso, va a por otro.
Javier Alcalde se ha bebido un vaso. Lleva bebidos 3.2999997 l, y su cerveza en sangre es  : 3.2999997su tasa de alcoholemia es: 1.1879998 En el barril quedan 7.5000296 l
Alvaro Lopez se ha terminado su vaso, va a por otro.
Alvaro Lopez se ha pasado bebiendo. Tiene que reposra un poco antes de seguir
Noberto Vargas se ha terminado su vaso, va a por otro.
Noberto Vargas se ha bebido un vaso. Lleva bebidos 2.3999999 l, y su cerveza en sangre es  : 2.3999999su tasa de alcoholemia es: 0.86399996 En el barril quedan 7.2000294 l
Antonio Calvente se ha terminado su vaso, va a por otro.
Antonio Calvente se ha bebido un vaso. Lleva bebidos 3.2999997 l, y su cerveza en sangre es  : 3.2999997su tasa de alcoholemia es: 1.1879998 En el barril quedan 6.900029 l
Javier Alcalde se ha terminado su vaso, va a por otro.
Javier Alcalde se ha pasado bebiendo. Tiene que reposra un poco antes de seguir
Noberto Vargas se ha terminado su vaso, va a por otro.
Noberto Vargas se ha bebido un vaso. Lleva bebidos 2.6999998 l, y su cerveza en sangre es  : 2.6999998su tasa de alcoholemia es: 0.97199994 En el barril quedan 6.600029 l
Antonio Calvente se ha terminado su vaso, va a por otro.
Antonio Calvente se ha pasado bebiendo. Tiene que reposra un poco antes de seguir
Noberto Vargas se ha terminado su vaso, va a por otro.
Noberto Vargas se ha bebido un vaso. Lleva bebidos 2.9999998 l, y su cerveza en sangre es  : 2.9999998su tasa de alcoholemia es: 1.0799999 En el barril quedan 6.300029 l
Noberto Vargas se ha terminado su vaso, va a por otro.
Noberto Vargas se ha bebido un vaso. Lleva bebidos 3.2999997 l, y su cerveza en sangre es  : 3.2999997su tasa de alcoholemia es: 1.1879998 En el barril quedan 6.0000286 l
Noberto Vargas se ha terminado su vaso, va a por otro.
Noberto Vargas se ha pasado bebiendo. Tiene que reposra un poco antes de seguir
Jualu  Ceacero se ha bebido un vaso. Lleva bebidos 3.5999997 l, y su cerveza en sangre es  : 2.0999997su tasa de alcoholemia es: 0.7559999 En el barril quedan 5.7000284 l
Daniel Perez, se ha bebido un vaso. Lleva bebidos 3.5999997 l, y su cerveza en sangre es  : 2.0999997su tasa de alcoholemia es: 0.7559999 En el barril quedan 5.400028 l
Jualu  Ceacero se ha terminado su vaso, va a por otro.
Jualu  Ceacero se ha bebido un vaso. Lleva bebidos 3.8999996 l, y su cerveza en sangre es  : 2.3999996su tasa de alcoholemia es: 0.86399996 En el barril quedan 5.100028 l
María Sánchez se ha bebido un vaso. Lleva bebidos 3.5999997 l, y su cerveza en sangre es  : 2.0999997su tasa de alcoholemia es: 0.7559999 En el barril quedan 4.800028 l
Daniel Perez, se ha terminado su vaso, va a por otro.
Daniel Perez, se ha bebido un vaso. Lleva bebidos 3.8999996 l, y su cerveza en sangre es  : 2.3999996su tasa de alcoholemia es: 0.86399996 En el barril quedan 4.5000277 l
Alvaro Lopez se ha bebido un vaso. Lleva bebidos 3.5999997 l, y su cerveza en sangre es  : 2.0999997su tasa de alcoholemia es: 0.7559999 En el barril quedan 4.2000275 l
María Sánchez se ha terminado su vaso, va a por otro.
Jualu  Ceacero se ha terminado su vaso, va a por otro.
María Sánchez se ha bebido un vaso. Lleva bebidos 3.8999996 l, y su cerveza en sangre es  : 2.3999996su tasa de alcoholemia es: 0.86399996 En el barril quedan 3.9000275 l
Jualu  Ceacero se ha bebido un vaso. Lleva bebidos 4.2 l, y su cerveza en sangre es  : 2.6999996su tasa de alcoholemia es: 0.97199994 En el barril quedan 3.9000275 l
Daniel Perez, se ha terminado su vaso, va a por otro.
Daniel Perez, se ha bebido un vaso. Lleva bebidos 4.2 l, y su cerveza en sangre es  : 2.6999996su tasa de alcoholemia es: 0.97199994 En el barril quedan 3.6000276 l
Jualu  Ceacero se ha terminado su vaso, va a por otro.
Jualu  Ceacero se ha bebido un vaso. Lleva bebidos 4.5 l, y su cerveza en sangre es  : 2.9999995su tasa de alcoholemia es: 1.0799999 En el barril quedan 3.3000276 l
Alvaro Lopez se ha terminado su vaso, va a por otro.
Javier Alcalde se ha bebido un vaso. Lleva bebidos 3.5999997 l, y su cerveza en sangre es  : 2.0999997su tasa de alcoholemia es: 0.7559999 En el barril quedan 3.0000277 l
Alvaro Lopez se ha bebido un vaso. Lleva bebidos 3.8999996 l, y su cerveza en sangre es  : 2.3999996su tasa de alcoholemia es: 0.86399996 En el barril quedan 3.0000277 l
Jualu  Ceacero se ha terminado su vaso, va a por otro.
Jualu  Ceacero se ha bebido un vaso. Lleva bebidos 4.8 l, y su cerveza en sangre es  : 3.2999995su tasa de alcoholemia es: 1.1879998 En el barril quedan 2.7000277 l
Alvaro Lopez se ha terminado su vaso, va a por otro.
Alvaro Lopez se ha bebido un vaso. Lleva bebidos 4.2 l, y su cerveza en sangre es  : 2.6999996su tasa de alcoholemia es: 0.97199994 En el barril quedan 2.4000278 l
Jualu  Ceacero se ha terminado su vaso, va a por otro.
María Sánchez se ha terminado su vaso, va a por otro.
Jualu  Ceacero se ha pasado bebiendo. Tiene que reposra un poco antes de seguir
María Sánchez se ha bebido un vaso. Lleva bebidos 4.2 l, y su cerveza en sangre es  : 2.6999996su tasa de alcoholemia es: 0.97199994 En el barril quedan 2.1000278 l
Daniel Perez, se ha terminado su vaso, va a por otro.
Daniel Perez, se ha bebido un vaso. Lleva bebidos 4.5 l, y su cerveza en sangre es  : 2.9999995su tasa de alcoholemia es: 1.0799999 En el barril quedan 1.8000278 l
María Sánchez se ha terminado su vaso, va a por otro.
María Sánchez se ha bebido un vaso. Lleva bebidos 4.5 l, y su cerveza en sangre es  : 2.9999995su tasa de alcoholemia es: 1.0799999 En el barril quedan 1.5000279 l
María Sánchez se ha terminado su vaso, va a por otro.
María Sánchez se ha bebido un vaso. Lleva bebidos 4.8 l, y su cerveza en sangre es  : 3.2999995su tasa de alcoholemia es: 1.1879998 En el barril quedan 1.200028 l
Daniel Perez, se ha terminado su vaso, va a por otro.
Daniel Perez, se ha bebido un vaso. Lleva bebidos 4.8 l, y su cerveza en sangre es  : 3.2999995su tasa de alcoholemia es: 1.1879998 En el barril quedan 0.90002793 l
Antonio Calvente se ha bebido un vaso. Lleva bebidos 3.5999997 l, y su cerveza en sangre es  : 2.0999997su tasa de alcoholemia es: 0.7559999 En el barril quedan 0.6000279 l
María Sánchez se ha terminado su vaso, va a por otro.
María Sánchez se ha pasado bebiendo. Tiene que reposra un poco antes de seguir
Daniel Perez, se ha terminado su vaso, va a por otro.
Daniel Perez, se ha pasado bebiendo. Tiene que reposra un poco antes de seguir
Javier Alcalde se ha terminado su vaso, va a por otro.
Javier Alcalde se ha bebido un vaso. Lleva bebidos 3.8999996 l, y su cerveza en sangre es  : 2.3999996su tasa de alcoholemia es: 0.86399996 En el barril quedan 0.3000279 l
Alvaro Lopez se ha terminado su vaso, va a por otro.
Javier Alcalde se ha terminado su vaso, va a por otro.
Alvaro Lopez se ha bebido un vaso. Lleva bebidos 4.5 l, y su cerveza en sangre es  : 2.7000275su tasa de alcoholemia es: 0.9720099 En el barril quedan 2.7906895E-5 l
Antonio Calvente se ha terminado su vaso, va a por otro.
Antonio Calvente se ha bebido un vaso. Lleva bebidos 3.6000276 l, y su cerveza en sangre es  : 2.0999997su tasa de alcoholemia es: 0.7559999 En el barril quedan 0.0 l
Alvaro Lopez se ha terminado su vaso, va a por otro.
Alvaro Lopez se encuentra que el barril está vacio. Espera a que lo llenen
Antonio Calvente se ha terminado su vaso, va a por otro.
Antonio Calvente se encuentra que el barril está vacio. Espera a que lo llenen
Noberto Vargas se encuentra que el barril está vacio. Espera a que lo llenen
El productor detec ta que el barril esta vacio, lo rellena
Alvaro Lopez se ha bebido un vaso. Lleva bebidos 4.8 l, y su cerveza en sangre es  : 3.0000274su tasa de alcoholemia es: 1.0800099 En el barril quedan 29.7 l
Alvaro Lopez se ha terminado su vaso, va a por otro.
Alvaro Lopez se ha bebido un vaso. Lleva bebidos 5.1000004 l, y su cerveza en sangre es  : 3.3000274su tasa de alcoholemia es: 1.1880099 En el barril quedan 29.400002 l
Antonio Calvente se ha bebido un vaso. Lleva bebidos 3.9000275 l, y su cerveza en sangre es  : 2.3999996su tasa de alcoholemia es: 0.86399996 En el barril quedan 29.100002 l
Alvaro Lopez se ha terminado su vaso, va a por otro.
Alvaro Lopez se ha pasado bebiendo. Tiene que reposra un poco antes de seguir
Noberto Vargas se ha bebido un vaso. Lleva bebidos 3.5999997 l, y su cerveza en sangre es  : 2.0999997su tasa de alcoholemia es: 0.7559999 En el barril quedan 28.800003 l
Noberto Vargas se ha terminado su vaso, va a por otro.
Noberto Vargas se ha bebido un vaso. Lleva bebidos 3.8999996 l, y su cerveza en sangre es  : 2.3999996su tasa de alcoholemia es: 0.86399996 En el barril quedan 28.500004 l
Antonio Calvente se ha terminado su vaso, va a por otro.
Antonio Calvente se ha bebido un vaso. Lleva bebidos 4.2000275 l, y su cerveza en sangre es  : 2.6999996su tasa de alcoholemia es: 0.97199994 En el barril quedan 28.200005 l
Noberto Vargas se ha terminado su vaso, va a por otro.
Antonio Calvente se ha terminado su vaso, va a por otro.
Noberto Vargas se ha bebido un vaso. Lleva bebidos 4.2 l, y su cerveza en sangre es  : 2.6999996su tasa de alcoholemia es: 0.97199994 En el barril quedan 27.900005 l
Antonio Calvente se ha bebido un vaso. Lleva bebidos 4.5000277 l, y su cerveza en sangre es  : 2.9999995su tasa de alcoholemia es: 1.0799999 En el barril quedan 27.900005 l
Noberto Vargas se ha terminado su vaso, va a por otro.
Noberto Vargas se ha bebido un vaso. Lleva bebidos 4.5 l, y su cerveza en sangre es  : 2.9999995su tasa de alcoholemia es: 1.0799999 En el barril quedan 27.600006 l
Antonio Calvente se ha terminado su vaso, va a por otro.
Antonio Calvente se ha bebido un vaso. Lleva bebidos 4.800028 l, y su cerveza en sangre es  : 3.2999995su tasa de alcoholemia es: 1.1879998 En el barril quedan 27.300007 l
Antonio Calvente se ha terminado su vaso, va a por otro.
Antonio Calvente se ha pasado bebiendo. Tiene que reposra un poco antes de seguir
Noberto Vargas se ha terminado su vaso, va a por otro.
Noberto Vargas se ha bebido un vaso. Lleva bebidos 4.8 l, y su cerveza en sangre es  : 3.2999995su tasa de alcoholemia es: 1.1879998 En el barril quedan 27.000008 l
Noberto Vargas se ha terminado su vaso, va a por otro.
Noberto Vargas se ha pasado bebiendo. Tiene que reposra un poco antes de seguir
Jualu  Ceacero se ha bebido un vaso. Lleva bebidos 5.1000004 l, y su cerveza en sangre es  : 2.0999994su tasa de alcoholemia es: 0.7559998 En el barril quedan 26.700008 l
María Sánchez se ha bebido un vaso. Lleva bebidos 5.1000004 l, y su cerveza en sangre es  : 2.0999994su tasa de alcoholemia es: 0.7559998 En el barril quedan 26.40001 l
Daniel Perez, se ha bebido un vaso. Lleva bebidos 5.1000004 l, y su cerveza en sangre es  : 2.0999994su tasa de alcoholemia es: 0.7559998 En el barril quedan 26.10001 l
Jualu  Ceacero se ha terminado su vaso, va a por otro.
Jualu  Ceacero se ha bebido un vaso. Lleva bebidos 5.4000006 l, y su cerveza en sangre es  : 2.3999994su tasa de alcoholemia es: 0.86399984 En el barril quedan 25.80001 l
María Sánchez se ha terminado su vaso, va a por otro.
María Sánchez se ha bebido un vaso. Lleva bebidos 5.4000006 l, y su cerveza en sangre es  : 2.3999994su tasa de alcoholemia es: 0.86399984 En el barril quedan 25.500011 l
Jualu  Ceacero se ha terminado su vaso, va a por otro.
Jualu  Ceacero se ha bebido un vaso. Lleva bebidos 5.700001 l, y su cerveza en sangre es  : 2.6999993su tasa de alcoholemia es: 0.9719998 En el barril quedan 25.200012 l
María Sánchez se ha terminado su vaso, va a por otro.
María Sánchez se ha bebido un vaso. Lleva bebidos 5.700001 l, y su cerveza en sangre es  : 2.6999993su tasa de alcoholemia es: 0.9719998 En el barril quedan 24.900013 l
María Sánchez se ha terminado su vaso, va a por otro.
Daniel Perez, se ha terminado su vaso, va a por otro.
María Sánchez se ha bebido un vaso. Lleva bebidos 6.000001 l, y su cerveza en sangre es  : 2.9999993su tasa de alcoholemia es: 1.0799999 En el barril quedan 24.600014 l
María Sánchez se ha terminado su vaso, va a por otro.
María Sánchez se ha bebido un vaso. Lleva bebidos 6.300001 l, y su cerveza en sangre es  : 3.2999992su tasa de alcoholemia es: 1.1879998 En el barril quedan 24.300014 l
Jualu  Ceacero se ha terminado su vaso, va a por otro.
Jualu  Ceacero se ha bebido un vaso. Lleva bebidos 6.000001 l, y su cerveza en sangre es  : 2.9999993su tasa de alcoholemia es: 1.0799999 En el barril quedan 24.000015 l
María Sánchez se ha terminado su vaso, va a por otro.
María Sánchez se ha pasado bebiendo. Tiene que reposra un poco antes de seguir
Jualu  Ceacero se ha terminado su vaso, va a por otro.
Jualu  Ceacero se ha bebido un vaso. Lleva bebidos 6.300001 l, y su cerveza en sangre es  : 3.2999992su tasa de alcoholemia es: 1.1879998 En el barril quedan 23.700016 l
Jualu  Ceacero se ha terminado su vaso, va a por otro.
Jualu  Ceacero se ha pasado bebiendo. Tiene que reposra un poco antes de seguir
Alvaro Lopez se ha bebido un vaso. Lleva bebidos 5.4000006 l, y su cerveza en sangre es  : 2.1000273su tasa de alcoholemia es: 0.7560098 En el barril quedan 23.400017 l
Alvaro Lopez se ha terminado su vaso, va a por otro.
Alvaro Lopez se ha bebido un vaso. Lleva bebidos 5.700001 l, y su cerveza en sangre es  : 2.4000273su tasa de alcoholemia es: 0.8640099 En el barril quedan 23.100018 l
Alvaro Lopez se ha terminado su vaso, va a por otro.
Alvaro Lopez se ha bebido un vaso. Lleva bebidos 6.000001 l, y su cerveza en sangre es  : 2.7000272su tasa de alcoholemia es: 0.9720098 En el barril quedan 22.800018 l
Alvaro Lopez se ha terminado su vaso, va a por otro.
Alvaro Lopez se ha bebido un vaso. Lleva bebidos 6.300001 l, y su cerveza en sangre es  : 3.0000272su tasa de alcoholemia es: 1.0800098 En el barril quedan 22.50002 l
Alvaro Lopez se ha terminado su vaso, va a por otro.
Alvaro Lopez se ha bebido un vaso. Lleva bebidos 6.6000013 l, y su cerveza en sangre es  : 3.3000271su tasa de alcoholemia es: 1.1880097 En el barril quedan 22.20002 l
Alvaro Lopez se ha terminado su vaso, va a por otro.
Alvaro Lopez se ha pasado bebiendo. Tiene que reposra un poco antes de seguir
Antonio Calvente se ha bebido un vaso. Lleva bebidos 5.100028 l, y su cerveza en sangre es  : 2.0999994su tasa de alcoholemia es: 0.7559998 En el barril quedan 21.90002 l
Antonio Calvente se ha terminado su vaso, va a por otro.
Antonio Calvente se ha bebido un vaso. Lleva bebidos 5.400028 l, y su cerveza en sangre es  : 2.3999994su tasa de alcoholemia es: 0.86399984 En el barril quedan 21.600021 l
Noberto Vargas se ha bebido un vaso. Lleva bebidos 5.1000004 l, y su cerveza en sangre es  : 2.0999994su tasa de alcoholemia es: 0.7559998 En el barril quedan 21.300022 l
Noberto Vargas se ha terminado su vaso, va a por otro.
Noberto Vargas se ha bebido un vaso. Lleva bebidos 5.4000006 l, y su cerveza en sangre es  : 2.3999994su tasa de alcoholemia es: 0.86399984 En el barril quedan 21.000023 l
Antonio Calvente se ha terminado su vaso, va a por otro.
Antonio Calvente se ha bebido un vaso. Lleva bebidos 5.7000284 l, y su cerveza en sangre es  : 2.6999993su tasa de alcoholemia es: 0.9719998 En el barril quedan 20.700024 l
Noberto Vargas se ha terminado su vaso, va a por otro.
Noberto Vargas se ha bebido un vaso. Lleva bebidos 5.700001 l, y su cerveza en sangre es  : 2.6999993su tasa de alcoholemia es: 0.9719998 En el barril quedan 20.400024 l
Noberto Vargas se ha terminado su vaso, va a por otro.
Noberto Vargas se ha bebido un vaso. Lleva bebidos 6.000001 l, y su cerveza en sangre es  : 2.9999993su tasa de alcoholemia es: 1.0799999 En el barril quedan 20.100025 l
Antonio Calvente se ha terminado su vaso, va a por otro.
Antonio Calvente se ha bebido un vaso. Lleva bebidos 6.0000286 l, y su cerveza en sangre es  : 2.9999993su tasa de alcoholemia es: 1.0799999 En el barril quedan 19.800026 l
Javier Alcalde se va a su casa, ha terminado aquí
Cristina Carrillo se va a su casa, ha terminado aquí
Noberto Vargas se ha terminado su vaso, va a por otro.
Noberto Vargas se ha bebido un vaso. Lleva bebidos 6.300001 l, y su cerveza en sangre es  : 3.2999992su tasa de alcoholemia es: 1.1879998 En el barril quedan 19.500027 l
Antonio Calvente se ha terminado su vaso, va a por otro.
Antonio Calvente se ha bebido un vaso. Lleva bebidos 6.300029 l, y su cerveza en sangre es  : 3.2999992su tasa de alcoholemia es: 1.1879998 En el barril quedan 19.200027 l
Antonio Calvente se ha terminado su vaso, va a por otro.
Antonio Calvente se ha pasado bebiendo. Tiene que reposra un poco antes de seguir
Noberto Vargas se ha terminado su vaso, va a por otro.
Noberto Vargas se ha pasado bebiendo. Tiene que reposra un poco antes de seguir
María Sánchez se ha bebido un vaso. Lleva bebidos 6.6000013 l, y su cerveza en sangre es  : 2.0999992su tasa de alcoholemia es: 0.7559997 En el barril quedan 18.900028 l
María Sánchez se ha terminado su vaso, va a por otro.
María Sánchez se ha bebido un vaso. Lleva bebidos 6.9000015 l, y su cerveza en sangre es  : 2.3999991su tasa de alcoholemia es: 0.8639997 En el barril quedan 18.600029 l
María Sánchez se ha terminado su vaso, va a por otro.
María Sánchez se ha bebido un vaso. Lleva bebidos 7.2000017 l, y su cerveza en sangre es  : 2.699999su tasa de alcoholemia es: 0.9719997 En el barril quedan 18.30003 l
María Sánchez se ha terminado su vaso, va a por otro.
María Sánchez se ha bebido un vaso. Lleva bebidos 7.500002 l, y su cerveza en sangre es  : 2.999999su tasa de alcoholemia es: 1.0799998 En el barril quedan 18.00003 l
Jualu  Ceacero se ha bebido un vaso. Lleva bebidos 6.6000013 l, y su cerveza en sangre es  : 2.0999992su tasa de alcoholemia es: 0.7559997 En el barril quedan 17.700031 l
María Sánchez se ha terminado su vaso, va a por otro.
María Sánchez se ha bebido un vaso. Lleva bebidos 7.800002 l, y su cerveza en sangre es  : 3.299999su tasa de alcoholemia es: 1.1879997 En el barril quedan 17.400032 l
Jualu  Ceacero se ha terminado su vaso, va a por otro.
Jualu  Ceacero se ha bebido un vaso. Lleva bebidos 6.9000015 l, y su cerveza en sangre es  : 2.3999991su tasa de alcoholemia es: 0.8639997 En el barril quedan 17.100033 l
María Sánchez se ha terminado su vaso, va a por otro.
María Sánchez se ha pasado bebiendo. Tiene que reposra un poco antes de seguir
Jualu  Ceacero se ha terminado su vaso, va a por otro.
Jualu  Ceacero se ha bebido un vaso. Lleva bebidos 7.2000017 l, y su cerveza en sangre es  : 2.699999su tasa de alcoholemia es: 0.9719997 En el barril quedan 16.800034 l
Jualu  Ceacero se ha terminado su vaso, va a por otro.
Jualu  Ceacero se ha bebido un vaso. Lleva bebidos 7.500002 l, y su cerveza en sangre es  : 2.999999su tasa de alcoholemia es: 1.0799998 En el barril quedan 16.500034 l
Jualu  Ceacero se ha terminado su vaso, va a por otro.
Jualu  Ceacero se ha bebido un vaso. Lleva bebidos 7.800002 l, y su cerveza en sangre es  : 3.299999su tasa de alcoholemia es: 1.1879997 En el barril quedan 16.200035 l
Jualu  Ceacero se ha terminado su vaso, va a por otro.
Jualu  Ceacero se ha pasado bebiendo. Tiene que reposra un poco antes de seguir
Alvaro Lopez se ha bebido un vaso. Lleva bebidos 6.9000015 l, y su cerveza en sangre es  : 2.100027su tasa de alcoholemia es: 0.75600976 En el barril quedan 15.900035 l
Alvaro Lopez se ha terminado su vaso, va a por otro.
Alvaro Lopez se ha bebido un vaso. Lleva bebidos 7.2000017 l, y su cerveza en sangre es  : 2.400027su tasa de alcoholemia es: 0.86400974 En el barril quedan 15.600035 l
Alvaro Lopez se ha terminado su vaso, va a por otro.
Alvaro Lopez se ha bebido un vaso. Lleva bebidos 7.500002 l, y su cerveza en sangre es  : 2.700027su tasa de alcoholemia es: 0.9720097 En el barril quedan 15.3000345 l
Alvaro Lopez se ha terminado su vaso, va a por otro.
Alvaro Lopez se ha bebido un vaso. Lleva bebidos 7.800002 l, y su cerveza en sangre es  : 3.000027su tasa de alcoholemia es: 1.0800097 En el barril quedan 15.000034 l
Alvaro Lopez se ha terminado su vaso, va a por otro.
Antonio Calvente se va a su casa, ha terminado aquí
Yuliia Melnyk se va a su casa, ha terminado aquí
Javier Ruiz se va a su casa, ha terminado aquí
Daniel Perez, se va a su casa, ha terminado aquí
Alez Ríos se va a su casa, ha terminado aquí
Alvaro Lopez se va a su casa, ha terminado aquí


----EJECUCIÓN DE HIJOS TERMINADA------
Valor de salida del consumidor: 1 :Javier Alcalde
Valor de salida del consumidor: 1 :Raul Gonzalez Parra
Valor de salida del consumidor: 1 :Cristina Carrillo
