SoyJualu  Ceacero me dispongo a pimplar cerveza
SoyJualu  Ceacero me dispongo a pimplar cerveza
SoyJualu  Ceacero me dispongo a pimplar cerveza
SoyJualu  Ceacero me dispongo a pimplar cerveza
Jualu  Ceacero se ha bebido un vaso. Lleva bebidos 0.3 cl, y su tasa de alcoholemia UBE es de : 0.0010800001
Jualu  Ceacero se ha terminado su vaso, va a por otro.
Jualu  Ceacero se ha bebido un vaso. Lleva bebidos 0.6 cl, y su tasa de alcoholemia UBE es de : 0.0021600001
Jualu  Ceacero se ha terminado su vaso, va a por otro.
Jualu  Ceacero se ha bebido un vaso. Lleva bebidos 0.90000004 cl, y su tasa de alcoholemia UBE es de : 0.0032400002
Jualu  Ceacero se ha terminado su vaso, va a por otro.
Jualu  Ceacero se ha bebido un vaso. Lleva bebidos 1.2 cl, y su tasa de alcoholemia UBE es de : 0.0043200003
Jualu  Ceacero se ha terminado su vaso, va a por otro.
Jualu  Ceacero se ha bebido un vaso. Lleva bebidos 1.5 cl, y su tasa de alcoholemia UBE es de : 0.0054
Jualu  Ceacero se ha terminado su vaso, va a por otro.
Jualu  Ceacero se ha bebido un vaso. Lleva bebidos 1.8 cl, y su tasa de alcoholemia UBE es de : 0.0064799995
Jualu  Ceacero se ha terminado su vaso, va a por otro.
Jualu  Ceacero se ha bebido un vaso. Lleva bebidos 2.1 cl, y su tasa de alcoholemia UBE es de : 0.00756
Jualu  Ceacero se ha terminado su vaso, va a por otro.
Jualu  Ceacero se ha bebido un vaso. Lleva bebidos 2.3999999 cl, y su tasa de alcoholemia UBE es de : 0.00864
Jualu  Ceacero se ha terminado su vaso, va a por otro.
Jualu  Ceacero se ha bebido un vaso. Lleva bebidos 2.6999998 cl, y su tasa de alcoholemia UBE es de : 0.00972
Jualu  Ceacero se ha terminado su vaso, va a por otro.
Jualu  Ceacero se ha bebido un vaso. Lleva bebidos 2.9999998 cl, y su tasa de alcoholemia UBE es de : 0.010799999
Jualu  Ceacero se ha terminado su vaso, va a por otro.
Jualu  Ceacero se ha bebido un vaso. Lleva bebidos 3.2999997 cl, y su tasa de alcoholemia UBE es de : 0.011879999
Jualu  Ceacero se ha terminado su vaso, va a por otro.
Jualu  Ceacero se ha bebido un vaso. Lleva bebidos 3.5999997 cl, y su tasa de alcoholemia UBE es de : 0.012959999
Jualu  Ceacero se ha terminado su vaso, va a por otro.
Jualu  Ceacero se ha bebido un vaso. Lleva bebidos 3.8999996 cl, y su tasa de alcoholemia UBE es de : 0.01404
Jualu  Ceacero se ha terminado su vaso, va a por otro.
Jualu  Ceacero se ha bebido un vaso. Lleva bebidos 4.2 cl, y su tasa de alcoholemia UBE es de : 0.01512
Jualu  Ceacero se ha terminado su vaso, va a por otro.
Jualu  Ceacero se ha bebido un vaso. Lleva bebidos 4.5 cl, y su tasa de alcoholemia UBE es de : 0.0162
Jualu  Ceacero se ha terminado su vaso, va a por otro.
Jualu  Ceacero se ha bebido un vaso. Lleva bebidos 4.8 cl, y su tasa de alcoholemia UBE es de : 0.017280001
Jualu  Ceacero se ha terminado su vaso, va a por otro.
Jualu  Ceacero se ha bebido un vaso. Lleva bebidos 5.1000004 cl, y su tasa de alcoholemia UBE es de : 0.01836
Jualu  Ceacero se ha terminado su vaso, va a por otro.
Jualu  Ceacero se ha bebido un vaso. Lleva bebidos 5.4000006 cl, y su tasa de alcoholemia UBE es de : 0.019440003
Jualu  Ceacero se ha terminado su vaso, va a por otro.
Jualu  Ceacero se ha bebido un vaso. Lleva bebidos 5.700001 cl, y su tasa de alcoholemia UBE es de : 0.020520002
Jualu  Ceacero se ha terminado su vaso, va a por otro.
Jualu  Ceacero se ha bebido un vaso. Lleva bebidos 6.000001 cl, y su tasa de alcoholemia UBE es de : 0.021600004
Jualu  Ceacero se ha terminado su vaso, va a por otro.
SoyJualu  Ceacero me dispongo a pimplar cerveza
Jualu  Ceacero se ha bebido un vaso. Lleva bebidos 0.3 l, y su tasa de alcoholemia UBE es de : 0.0108 En el barril quedan 28.800003 l
Jualu  Ceacero se ha terminado su vaso, va a por otro.
Jualu  Ceacero se ha bebido un vaso. Lleva bebidos 0.6 l, y su tasa de alcoholemia UBE es de : 0.0216 En el barril quedan 27.300007 l
Jualu  Ceacero se ha terminado su vaso, va a por otro.
Jualu  Ceacero se ha bebido un vaso. Lleva bebidos 0.90000004 l, y su tasa de alcoholemia UBE es de : 0.0324 En el barril quedan 26.700008 l
Jualu  Ceacero se ha terminado su vaso, va a por otro.
Jualu  Ceacero se ha bebido un vaso. Lleva bebidos 1.2 l, y su tasa de alcoholemia UBE es de : 0.0432 En el barril quedan 25.200012 l
Jualu  Ceacero se ha terminado su vaso, va a por otro.
Jualu  Ceacero se ha bebido un vaso. Lleva bebidos 1.5 l, y su tasa de alcoholemia UBE es de : 0.054 En el barril quedan 21.300022 l
Jualu  Ceacero se ha terminado su vaso, va a por otro.
Jualu  Ceacero se ha bebido un vaso. Lleva bebidos 1.8 l, y su tasa de alcoholemia UBE es de : 0.064799994 En el barril quedan 18.900028 l
Jualu  Ceacero se ha terminado su vaso, va a por otro.
Jualu  Ceacero se ha bebido un vaso. Lleva bebidos 2.1 l, y su tasa de alcoholemia UBE es de : 0.0756 En el barril quedan 16.800034 l
Jualu  Ceacero se ha terminado su vaso, va a por otro.
Jualu  Ceacero se ha bebido un vaso. Lleva bebidos 2.3999999 l, y su tasa de alcoholemia UBE es de : 0.086399995 En el barril quedan 12.300033 l
Jualu  Ceacero se ha terminado su vaso, va a por otro.
Jualu  Ceacero se ha bebido un vaso. Lleva bebidos 2.6999998 l, y su tasa de alcoholemia UBE es de : 0.097200006 En el barril quedan 10.200031 l
Jualu  Ceacero se ha terminado su vaso, va a por otro.
Jualu  Ceacero se ha bebido un vaso. Lleva bebidos 2.9999998 l, y su tasa de alcoholemia UBE es de : 0.107999995 En el barril quedan 7.5000296 l
Jualu  Ceacero se ha terminado su vaso, va a por otro.
Jualu  Ceacero se ha bebido un vaso. Lleva bebidos 3.2999997 l, y su tasa de alcoholemia UBE es de : 0.11879999 En el barril quedan 7.2000294 l
Jualu  Ceacero se ha terminado su vaso, va a por otro.
Jualu  Ceacero se ha bebido un vaso. Lleva bebidos 3.5999997 l, y su tasa de alcoholemia UBE es de : 0.12959999 En el barril quedan 4.800028 l
Jualu  Ceacero se ha terminado su vaso, va a por otro.
Jualu  Ceacero se ha bebido un vaso. Lleva bebidos 3.8999996 l, y su tasa de alcoholemia UBE es de : 0.14039999 En el barril quedan 0.90002793 l
Jualu  Ceacero se ha terminado su vaso, va a por otro.
Jualu  Ceacero se ha bebido un vaso. Lleva bebidos 4.2 l, y su tasa de alcoholemia UBE es de : 0.1512 En el barril quedan 2.7906895E-5 l
Jualu  Ceacero se ha terminado su vaso, va a por otro.
SoyJualu  Ceacero me dispongo a pimplar cerveza
Jualu  Ceacero se ha bebido un vaso. Lleva bebidos 0.3 l, y su tasa de alcoholemia UBE es de : 0.0108 En el barril quedan 26.10001 l
Jualu  Ceacero se ha terminado su vaso, va a por otro.
Jualu  Ceacero se ha bebido un vaso. Lleva bebidos 0.6 l, y su tasa de alcoholemia UBE es de : 0.0216 En el barril quedan 23.400017 l
Jualu  Ceacero se ha terminado su vaso, va a por otro.
SoyJualu  Ceacero me dispongo a pimplar cerveza
Jualu  Ceacero se ha bebido un vaso. Lleva bebidos 0.3 l, y su tasa de alcoholemia UBE es de : 0.0108 En el barril quedan 28.800003 l
Jualu  Ceacero se ha terminado su vaso, va a por otro.
Jualu  Ceacero se ha bebido un vaso. Lleva bebidos 0.6 l, y su tasa de alcoholemia UBE es de : 0.0216 En el barril quedan 27.600006 l
Jualu  Ceacero se ha terminado su vaso, va a por otro.
Jualu  Ceacero se ha bebido un vaso. Lleva bebidos 0.90000004 l, y su tasa de alcoholemia UBE es de : 0.0324 En el barril quedan 26.10001 l
Jualu  Ceacero se ha terminado su vaso, va a por otro.
Jualu  Ceacero se ha bebido un vaso. Lleva bebidos 1.2 l, y su tasa de alcoholemia UBE es de : 0.0432 En el barril quedan 23.700016 l
Jualu  Ceacero se ha terminado su vaso, va a por otro.
Jualu  Ceacero se ha bebido un vaso. Lleva bebidos 1.5 l, y su tasa de alcoholemia UBE es de : 0.054 En el barril quedan 21.600021 l
Jualu  Ceacero se ha terminado su vaso, va a por otro.
Jualu  Ceacero se ha bebido un vaso. Lleva bebidos 1.8 l, y su tasa de alcoholemia UBE es de : 0.064799994 En el barril quedan 19.200027 l
Jualu  Ceacero se ha terminado su vaso, va a por otro.
Jualu  Ceacero se ha bebido un vaso. Lleva bebidos 2.1 l, y su tasa de alcoholemia UBE es de : 0.0756 En el barril quedan 18.30003 l
Jualu  Ceacero se ha terminado su vaso, va a por otro.
Jualu  Ceacero se ha bebido un vaso. Lleva bebidos 2.3999999 l, y su tasa de alcoholemia UBE es de : 0.086399995 En el barril quedan 16.500034 l
Jualu  Ceacero se ha terminado su vaso, va a por otro.
Jualu  Ceacero se ha bebido un vaso. Lleva bebidos 2.6999998 l, y su tasa de alcoholemia UBE es de : 0.097200006 En el barril quedan 15.000034 l
Jualu  Ceacero se ha terminado su vaso, va a por otro.
Jualu  Ceacero se ha bebido un vaso. Lleva bebidos 2.9999998 l, y su tasa de alcoholemia UBE es de : 0.107999995 En el barril quedan 13.800034 l
Jualu  Ceacero se ha terminado su vaso, va a por otro.
Jualu  Ceacero se ha bebido un vaso. Lleva bebidos 3.2999997 l, y su tasa de alcoholemia UBE es de : 0.11879999 En el barril quedan 10.200031 l
Jualu  Ceacero se ha terminado su vaso, va a por otro.
Jualu  Ceacero se ha bebido un vaso. Lleva bebidos 3.5999997 l, y su tasa de alcoholemia UBE es de : 0.12959999 En el barril quedan 6.900029 l
Jualu  Ceacero se ha terminado su vaso, va a por otro.
Jualu  Ceacero se ha bebido un vaso. Lleva bebidos 3.8999996 l, y su tasa de alcoholemia UBE es de : 0.14039999 En el barril quedan 5.400028 l
Jualu  Ceacero se ha terminado su vaso, va a por otro.
Jualu  Ceacero se ha bebido un vaso. Lleva bebidos 4.2 l, y su tasa de alcoholemia UBE es de : 0.1512 En el barril quedan 2.7000277 l
Jualu  Ceacero se ha terminado su vaso, va a por otro.
Jualu  Ceacero se ha bebido un vaso. Lleva bebidos 4.5 l, y su tasa de alcoholemia UBE es de : 0.162 En el barril quedan 1.200028 l
Jualu  Ceacero se ha terminado su vaso, va a por otro.
Jualu  Ceacero se ha bebido un vaso. Lleva bebidos 4.8 l, y su tasa de alcoholemia UBE es de : 0.1728 En el barril quedan 2.7906895E-5 l
Jualu  Ceacero se ha terminado su vaso, va a por otro.
SoyJualu  Ceacero me dispongo a pimplar cerveza
Jualu  Ceacero se ha bebido un vaso. Lleva bebidos 0.3 l, y su tasa de alcoholemia UBE es de : 0.0108 En el barril quedan 28.500004 l
Jualu  Ceacero se ha terminado su vaso, va a por otro.
Jualu  Ceacero se ha bebido un vaso. Lleva bebidos 0.6 l, y su tasa de alcoholemia UBE es de : 0.0216 En el barril quedan 27.600006 l
Jualu  Ceacero se ha terminado su vaso, va a por otro.
Jualu  Ceacero se ha bebido un vaso. Lleva bebidos 0.90000004 l, y su tasa de alcoholemia UBE es de : 0.0324 En el barril quedan 23.400017 l
Jualu  Ceacero se ha terminado su vaso, va a por otro.
Jualu  Ceacero se ha bebido un vaso. Lleva bebidos 1.2 l, y su tasa de alcoholemia UBE es de : 0.0432 En el barril quedan 20.700024 l
Jualu  Ceacero se ha terminado su vaso, va a por otro.
Jualu  Ceacero se ha bebido un vaso. Lleva bebidos 1.5 l, y su tasa de alcoholemia UBE es de : 0.054 En el barril quedan 17.700031 l
Jualu  Ceacero se ha terminado su vaso, va a por otro.
Jualu  Ceacero se ha bebido un vaso. Lleva bebidos 1.8 l, y su tasa de alcoholemia UBE es de : 0.064799994 En el barril quedan 16.200035 l
Jualu  Ceacero se ha terminado su vaso, va a por otro.
Jualu  Ceacero se ha bebido un vaso. Lleva bebidos 2.1 l, y su tasa de alcoholemia UBE es de : 0.0756 En el barril quedan 12.300033 l
Jualu  Ceacero se ha terminado su vaso, va a por otro.
Jualu  Ceacero se ha bebido un vaso. Lleva bebidos 2.3999999 l, y su tasa de alcoholemia UBE es de : 0.086399995 En el barril quedan 7.8000298 l
Jualu  Ceacero se ha terminado su vaso, va a por otro.
Jualu  Ceacero se ha bebido un vaso. Lleva bebidos 2.6999998 l, y su tasa de alcoholemia UBE es de : 0.097200006 En el barril quedan 5.400028 l
Jualu  Ceacero se ha terminado su vaso, va a por otro.
Jualu  Ceacero se ha bebido un vaso. Lleva bebidos 2.9999998 l, y su tasa de alcoholemia UBE es de : 0.107999995 En el barril quedan 2.4000278 l
Jualu  Ceacero se ha terminado su vaso, va a por otro.
SoyJualu  Ceacero me dispongo a pimplar cerveza
SoyJualu  Ceacero me dispongo a pimplar cerveza
Jualu  Ceacero se ha bebido un vaso. Lleva bebidos 0.3 l, y su tasa de alcoholemia UBE es de : 0.0108 En el barril quedan 28.800003 l
Jualu  Ceacero se ha terminado su vaso, va a por otro.
Jualu  Ceacero se ha bebido un vaso. Lleva bebidos 0.6 l, y su tasa de alcoholemia UBE es de : 0.0216 En el barril quedan 28.200005 l
Jualu  Ceacero se ha terminado su vaso, va a por otro.
Jualu  Ceacero se ha bebido un vaso. Lleva bebidos 0.90000004 l, y su tasa de alcoholemia UBE es de : 0.0324 En el barril quedan 25.80001 l
Jualu  Ceacero se ha terminado su vaso, va a por otro.
Jualu  Ceacero se ha bebido un vaso. Lleva bebidos 1.2 l, y su tasa de alcoholemia UBE es de : 0.0432 En el barril quedan 24.600014 l
Jualu  Ceacero se ha terminado su vaso, va a por otro.
Jualu  Ceacero se ha bebido un vaso. Lleva bebidos 1.5 l, y su tasa de alcoholemia UBE es de : 0.054 En el barril quedan 21.90002 l
Jualu  Ceacero se ha terminado su vaso, va a por otro.
Jualu  Ceacero se ha bebido un vaso. Lleva bebidos 1.8 l, y su tasa de alcoholemia UBE es de : 0.064799994 En el barril quedan 16.500034 l
Jualu  Ceacero se ha terminado su vaso, va a por otro.
SoyJualu  Ceacero me dispongo a pimplar cerveza
Jualu  Ceacero se ha bebido un vaso. Lleva bebidos 0.3 l, y su tasa de alcoholemia UBE es de : 0.0108 En el barril quedan 29.100002 l
Jualu  Ceacero se ha terminado su vaso, va a por otro.
SoyJualu  Ceacero me dispongo a pimplar cerveza
Jualu  Ceacero se ha bebido un vaso. Lleva bebidos 0.3 l, y su tasa de alcoholemia UBE es de : 0.0108 En el barril quedan 28.200005 l
Jualu  Ceacero se ha terminado su vaso, va a por otro.
Jualu  Ceacero se ha bebido un vaso. Lleva bebidos 0.6 l, y su tasa de alcoholemia UBE es de : 0.0216 En el barril quedan 25.80001 l
Jualu  Ceacero se ha terminado su vaso, va a por otro.
Jualu  Ceacero se ha bebido un vaso. Lleva bebidos 0.90000004 l, y su tasa de alcoholemia UBE es de : 0.0324 En el barril quedan 25.200012 l
Jualu  Ceacero se ha terminado su vaso, va a por otro.
Jualu  Ceacero se ha bebido un vaso. Lleva bebidos 1.2 l, y su tasa de alcoholemia UBE es de : 0.0432 En el barril quedan 23.400017 l
Jualu  Ceacero se ha terminado su vaso, va a por otro.
Jualu  Ceacero se ha bebido un vaso. Lleva bebidos 1.5 l, y su tasa de alcoholemia UBE es de : 0.054 En el barril quedan 22.50002 l
Jualu  Ceacero se ha terminado su vaso, va a por otro.
Jualu  Ceacero se ha bebido un vaso. Lleva bebidos 1.8 l, y su tasa de alcoholemia UBE es de : 0.064799994 En el barril quedan 21.90002 l
Jualu  Ceacero se ha terminado su vaso, va a por otro.
Jualu  Ceacero se ha bebido un vaso. Lleva bebidos 2.1 l, y su tasa de alcoholemia UBE es de : 0.0756 En el barril quedan 22.20002 l
Jualu  Ceacero se ha terminado su vaso, va a por otro.
Jualu  Ceacero se ha bebido un vaso. Lleva bebidos 2.3999999 l, y su tasa de alcoholemia UBE es de : 0.086399995 En el barril quedan 19.800026 l
Jualu  Ceacero se ha terminado su vaso, va a por otro.
SoyJualu  Ceacero me dispongo a pimplar cerveza
Jualu  Ceacero se ha bebido un vaso. Lleva bebidos 0.3 l, y su tasa de alcoholemia UBE es de : 0.0108 En el barril quedan 26.40001 l
Jualu  Ceacero se ha terminado su vaso, va a por otro.
Jualu  Ceacero se ha bebido un vaso. Lleva bebidos 0.6 l, y su tasa de alcoholemia UBE es de : 0.0216 En el barril quedan 25.500011 l
Jualu  Ceacero se ha terminado su vaso, va a por otro.
Jualu  Ceacero se ha bebido un vaso. Lleva bebidos 0.90000004 l, y su tasa de alcoholemia UBE es de : 0.0324 En el barril quedan 24.300014 l
Jualu  Ceacero se ha terminado su vaso, va a por otro.
Jualu  Ceacero se ha bebido un vaso. Lleva bebidos 1.2 l, y su tasa de alcoholemia UBE es de : 0.0432 En el barril quedan 24.000015 l
Jualu  Ceacero se ha terminado su vaso, va a por otro.
Jualu  Ceacero se ha bebido un vaso. Lleva bebidos 1.5 l, y su tasa de alcoholemia UBE es de : 0.054 En el barril quedan 23.400017 l
Jualu  Ceacero se ha terminado su vaso, va a por otro.
Jualu  Ceacero se ha bebido un vaso. Lleva bebidos 1.8 l, y su tasa de alcoholemia UBE es de : 0.064799994 En el barril quedan 21.600021 l
Jualu  Ceacero se ha terminado su vaso, va a por otro.
Jualu  Ceacero se ha bebido un vaso. Lleva bebidos 2.1 l, y su tasa de alcoholemia UBE es de : 0.0756 En el barril quedan 19.200027 l
Jualu  Ceacero se ha terminado su vaso, va a por otro.
Jualu  Ceacero se ha bebido un vaso. Lleva bebidos 2.3999999 l, y su tasa de alcoholemia UBE es de : 0.086399995 En el barril quedan 16.500034 l
Jualu  Ceacero se ha terminado su vaso, va a por otro.
Jualu  Ceacero se ha bebido un vaso. Lleva bebidos 2.6999998 l, y su tasa de alcoholemia UBE es de : 0.097200006 En el barril quedan 14.100034 l
Jualu  Ceacero se ha terminado su vaso, va a por otro.
Jualu  Ceacero se ha bebido un vaso. Lleva bebidos 2.9999998 l, y su tasa de alcoholemia UBE es de : 0.107999995 En el barril quedan 12.300033 l
Jualu  Ceacero se ha terminado su vaso, va a por otro.
Jualu  Ceacero se ha bebido un vaso. Lleva bebidos 3.2999997 l, y su tasa de alcoholemia UBE es de : 0.11879999 En el barril quedan 9.0000305 l
Jualu  Ceacero se ha terminado su vaso, va a por otro.
Jualu  Ceacero se ha bebido un vaso. Lleva bebidos 3.5999997 l, y su tasa de alcoholemia UBE es de : 0.12959999 En el barril quedan 5.400028 l
Jualu  Ceacero se ha terminado su vaso, va a por otro.
Jualu  Ceacero se ha bebido un vaso. Lleva bebidos 3.8999996 l, y su tasa de alcoholemia UBE es de : 0.14039999 En el barril quedan 1.5000279 l
Jualu  Ceacero se ha terminado su vaso, va a por otro.
Jualu  Ceacero se ha bebido un vaso. Lleva bebidos 4.2 l, y su tasa de alcoholemia UBE es de : 0.1512 En el barril quedan 2.7906895E-5 l
Jualu  Ceacero se ha terminado su vaso, va a por otro.
SoyJualu  Ceacero me dispongo a pimplar cerveza
Jualu  Ceacero se ha bebido un vaso. Lleva bebidos 0.3 l, y su tasa de alcoholemia UBE es de : 0.0108 En el barril quedan 27.300007 l
Jualu  Ceacero se ha terminado su vaso, va a por otro.
Jualu  Ceacero se ha bebido un vaso. Lleva bebidos 0.6 l, y su tasa de alcoholemia UBE es de : 0.0216 En el barril quedan 26.700008 l
Jualu  Ceacero se ha terminado su vaso, va a por otro.
Jualu  Ceacero se ha bebido un vaso. Lleva bebidos 0.90000004 l, y su tasa de alcoholemia UBE es de : 0.0324 En el barril quedan 24.300014 l
Jualu  Ceacero se ha terminado su vaso, va a por otro.
Jualu  Ceacero se ha bebido un vaso. Lleva bebidos 1.2 l, y su tasa de alcoholemia UBE es de : 0.0432 En el barril quedan 23.100018 l
Jualu  Ceacero se ha terminado su vaso, va a por otro.
Jualu  Ceacero se ha bebido un vaso. Lleva bebidos 1.5 l, y su tasa de alcoholemia UBE es de : 0.054 En el barril quedan 22.20002 l
Jualu  Ceacero se ha terminado su vaso, va a por otro.
Jualu  Ceacero se ha bebido un vaso. Lleva bebidos 1.8 l, y su tasa de alcoholemia UBE es de : 0.064799994 En el barril quedan 21.600021 l
Jualu  Ceacero se ha terminado su vaso, va a por otro.
Jualu  Ceacero se ha bebido un vaso. Lleva bebidos 2.1 l, y su tasa de alcoholemia UBE es de : 0.0756 En el barril quedan 19.500027 l
Jualu  Ceacero se ha terminado su vaso, va a por otro.
Jualu  Ceacero se ha bebido un vaso. Lleva bebidos 2.3999999 l, y su tasa de alcoholemia UBE es de : 0.086399995 En el barril quedan 15.600035 l
Jualu  Ceacero se ha terminado su vaso, va a por otro.
SoyJualu  Ceacero me dispongo a pimplar cerveza
Jualu  Ceacero se ha bebido un vaso. Lleva bebidos 0.3 l, y su tasa de alcoholemia UBE es de : 1.0800002 En el barril quedan 27.600006 l
Jualu  Ceacero se ha terminado su vaso, va a por otro.
Jualu  Ceacero se ha bebido un vaso. Lleva bebidos 0.6 l, y su tasa de alcoholemia UBE es de : 2.1600003 En el barril quedan 26.700008 l
Jualu  Ceacero se ha terminado su vaso, va a por otro.
Jualu  Ceacero se ha bebido un vaso. Lleva bebidos 0.90000004 l, y su tasa de alcoholemia UBE es de : 3.24 En el barril quedan 26.10001 l
Jualu  Ceacero se ha terminado su vaso, va a por otro.
Jualu  Ceacero se ha bebido un vaso. Lleva bebidos 1.2 l, y su tasa de alcoholemia UBE es de : 4.3200006 En el barril quedan 24.300014 l
Jualu  Ceacero se ha terminado su vaso, va a por otro.
Jualu  Ceacero se ha bebido un vaso. Lleva bebidos 1.5 l, y su tasa de alcoholemia UBE es de : 5.4 En el barril quedan 21.300022 l
Jualu  Ceacero se ha terminado su vaso, va a por otro.
Jualu  Ceacero se ha bebido un vaso. Lleva bebidos 1.8 l, y su tasa de alcoholemia UBE es de : 6.48 En el barril quedan 18.900028 l
Jualu  Ceacero se ha terminado su vaso, va a por otro.
Jualu  Ceacero se ha bebido un vaso. Lleva bebidos 2.1 l, y su tasa de alcoholemia UBE es de : 7.5599995 En el barril quedan 17.700031 l
Jualu  Ceacero se ha terminado su vaso, va a por otro.
Jualu  Ceacero se ha bebido un vaso. Lleva bebidos 2.3999999 l, y su tasa de alcoholemia UBE es de : 8.639999 En el barril quedan 16.200035 l
Jualu  Ceacero se ha terminado su vaso, va a por otro.
Jualu  Ceacero se ha bebido un vaso. Lleva bebidos 2.6999998 l, y su tasa de alcoholemia UBE es de : 9.719999 En el barril quedan 13.500033 l
Jualu  Ceacero se ha terminado su vaso, va a por otro.
Jualu  Ceacero se ha bebido un vaso. Lleva bebidos 2.9999998 l, y su tasa de alcoholemia UBE es de : 10.799999 En el barril quedan 10.200031 l
Jualu  Ceacero se ha terminado su vaso, va a por otro.
Jualu  Ceacero se ha bebido un vaso. Lleva bebidos 3.2999997 l, y su tasa de alcoholemia UBE es de : 11.879999 En el barril quedan 8.70003 l
Jualu  Ceacero se ha terminado su vaso, va a por otro.
Jualu  Ceacero se ha bebido un vaso. Lleva bebidos 3.5999997 l, y su tasa de alcoholemia UBE es de : 12.959999 En el barril quedan 5.7000284 l
Jualu  Ceacero se ha terminado su vaso, va a por otro.
Jualu  Ceacero se ha bebido un vaso. Lleva bebidos 3.8999996 l, y su tasa de alcoholemia UBE es de : 14.039999 En el barril quedan 5.100028 l
Jualu  Ceacero se ha terminado su vaso, va a por otro.
SoyJualu  Ceacero me dispongo a pimplar cerveza
Jualu  Ceacero se ha bebido un vaso. Lleva bebidos 0.3 l, y su tasa de alcoholemia UBE es de : 0.10800002 En el barril quedan 25.200012 l
Jualu  Ceacero se ha terminado su vaso, va a por otro.
SoyJualu  Ceacero me dispongo a pimplar cerveza
Jualu  Ceacero se ha bebido un vaso. Lleva bebidos 0.3 l, y su cerveza en sangre es  : 0.3 En el barril quedan 28.800003 l
Jualu  Ceacero se ha terminado su vaso, va a por otro.
Jualu  Ceacero se ha bebido un vaso. Lleva bebidos 0.6 l, y su cerveza en sangre es  : 0.6 En el barril quedan 28.200005 l
Jualu  Ceacero se ha terminado su vaso, va a por otro.
Jualu  Ceacero se ha bebido un vaso. Lleva bebidos 0.90000004 l, y su cerveza en sangre es  : 0.90000004 En el barril quedan 26.700008 l
Jualu  Ceacero se ha terminado su vaso, va a por otro.
Jualu  Ceacero se ha bebido un vaso. Lleva bebidos 1.2 l, y su cerveza en sangre es  : 1.2 En el barril quedan 24.300014 l
Jualu  Ceacero se ha terminado su vaso, va a por otro.
Jualu  Ceacero se ha bebido un vaso. Lleva bebidos 1.5 l, y su cerveza en sangre es  : 1.5 En el barril quedan 22.20002 l
Jualu  Ceacero se ha terminado su vaso, va a por otro.
Jualu  Ceacero se ha bebido un vaso. Lleva bebidos 1.8 l, y su cerveza en sangre es  : 1.8 En el barril quedan 18.00003 l
Jualu  Ceacero se ha terminado su vaso, va a por otro.
Jualu  Ceacero se ha bebido un vaso. Lleva bebidos 2.1 l, y su cerveza en sangre es  : 2.1 En el barril quedan 16.200035 l
Jualu  Ceacero se ha terminado su vaso, va a por otro.
Jualu  Ceacero se ha bebido un vaso. Lleva bebidos 2.3999999 l, y su cerveza en sangre es  : 2.3999999 En el barril quedan 11.100032 l
Jualu  Ceacero se ha terminado su vaso, va a por otro.
Jualu  Ceacero se ha bebido un vaso. Lleva bebidos 2.6999998 l, y su cerveza en sangre es  : 2.6999998 En el barril quedan 9.0000305 l
Jualu  Ceacero se ha terminado su vaso, va a por otro.
Jualu  Ceacero se ha bebido un vaso. Lleva bebidos 2.9999998 l, y su cerveza en sangre es  : 2.9999998 En el barril quedan 7.2000294 l
Jualu  Ceacero se ha terminado su vaso, va a por otro.
Jualu  Ceacero se ha bebido un vaso. Lleva bebidos 3.2999997 l, y su cerveza en sangre es  : 3.2999997 En el barril quedan 5.400028 l
Jualu  Ceacero se ha terminado su vaso, va a por otro.
Jualu  Ceacero se ha pasado bebiendo. Tiene que reposra un poco antes de seguir
Jualu  Ceacero se ha bebido un vaso. Lleva bebidos 3.5999997 l, y su cerveza en sangre es  : 2.0999997 En el barril quedan 0.3000279 l
Jualu  Ceacero se ha terminado su vaso, va a por otro.
Jualu  Ceacero se encuentra que el barril está vacio. Espera a que lo llenen
Jualu  Ceacero se encuentra que el barril está vacio. Espera a que lo llenen
Jualu  Ceacero se encuentra que el barril está vacio. Espera a que lo llenen
Jualu  Ceacero se encuentra que el barril está vacio. Espera a que lo llenen
Jualu  Ceacero se encuentra que el barril está vacio. Espera a que lo llenen
Jualu  Ceacero se encuentra que el barril está vacio. Espera a que lo llenen
Jualu  Ceacero se encuentra que el barril está vacio. Espera a que lo llenen
SoyJualu  Ceacero me dispongo a pimplar cerveza
Jualu  Ceacero se ha bebido un vaso. Lleva bebidos 0.3 l, y su cerveza en sangre es  : 0.3su tasa de alcoholemia es: 0.10800002 En el barril quedan 26.700008 l
Jualu  Ceacero se ha terminado su vaso, va a por otro.
Jualu  Ceacero se ha bebido un vaso. Lleva bebidos 0.6 l, y su cerveza en sangre es  : 0.6su tasa de alcoholemia es: 0.21600004 En el barril quedan 25.200012 l
Jualu  Ceacero se ha terminado su vaso, va a por otro.
Jualu  Ceacero se ha bebido un vaso. Lleva bebidos 0.90000004 l, y su cerveza en sangre es  : 0.90000004su tasa de alcoholemia es: 0.324 En el barril quedan 22.800018 l
Jualu  Ceacero se ha terminado su vaso, va a por otro.
Jualu  Ceacero se ha bebido un vaso. Lleva bebidos 1.2 l, y su cerveza en sangre es  : 1.2su tasa de alcoholemia es: 0.43200007 En el barril quedan 19.500027 l
Jualu  Ceacero se ha terminado su vaso, va a por otro.
Jualu  Ceacero se ha bebido un vaso. Lleva bebidos 1.5 l, y su cerveza en sangre es  : 1.5su tasa de alcoholemia es: 0.54 En el barril quedan 18.900028 l
Jualu  Ceacero se ha terminado su vaso, va a por otro.
Jualu  Ceacero se ha bebido un vaso. Lleva bebidos 1.8 l, y su cerveza en sangre es  : 1.8su tasa de alcoholemia es: 0.648 En el barril quedan 16.800034 l
Jualu  Ceacero se ha terminado su vaso, va a por otro.
Jualu  Ceacero se ha bebido un vaso. Lleva bebidos 2.1 l, y su cerveza en sangre es  : 2.1su tasa de alcoholemia es: 0.7559999 En el barril quedan 15.600035 l
Jualu  Ceacero se ha terminado su vaso, va a por otro.
Jualu  Ceacero se ha bebido un vaso. Lleva bebidos 2.3999999 l, y su cerveza en sangre es  : 2.3999999su tasa de alcoholemia es: 0.86399996 En el barril quedan 12.900033 l
Jualu  Ceacero se ha terminado su vaso, va a por otro.
Jualu  Ceacero se ha bebido un vaso. Lleva bebidos 2.6999998 l, y su cerveza en sangre es  : 2.6999998su tasa de alcoholemia es: 0.97199994 En el barril quedan 10.800032 l
Jualu  Ceacero se ha terminado su vaso, va a por otro.
Jualu  Ceacero se ha bebido un vaso. Lleva bebidos 2.9999998 l, y su cerveza en sangre es  : 2.9999998su tasa de alcoholemia es: 1.0799999 En el barril quedan 9.600031 l
Jualu  Ceacero se ha terminado su vaso, va a por otro.
Jualu  Ceacero se ha bebido un vaso. Lleva bebidos 3.2999997 l, y su cerveza en sangre es  : 3.2999997su tasa de alcoholemia es: 1.1879998 En el barril quedan 9.300031 l
Jualu  Ceacero se ha terminado su vaso, va a por otro.
Jualu  Ceacero se ha pasado bebiendo. Tiene que reposra un poco antes de seguir
Jualu  Ceacero se ha bebido un vaso. Lleva bebidos 3.5999997 l, y su cerveza en sangre es  : 2.0999997su tasa de alcoholemia es: 0.7559999 En el barril quedan 5.7000284 l
Jualu  Ceacero se ha terminado su vaso, va a por otro.
Jualu  Ceacero se ha bebido un vaso. Lleva bebidos 3.8999996 l, y su cerveza en sangre es  : 2.3999996su tasa de alcoholemia es: 0.86399996 En el barril quedan 5.100028 l
Jualu  Ceacero se ha terminado su vaso, va a por otro.
Jualu  Ceacero se ha bebido un vaso. Lleva bebidos 4.2 l, y su cerveza en sangre es  : 2.6999996su tasa de alcoholemia es: 0.97199994 En el barril quedan 3.9000275 l
Jualu  Ceacero se ha terminado su vaso, va a por otro.
Jualu  Ceacero se ha bebido un vaso. Lleva bebidos 4.5 l, y su cerveza en sangre es  : 2.9999995su tasa de alcoholemia es: 1.0799999 En el barril quedan 3.3000276 l
Jualu  Ceacero se ha terminado su vaso, va a por otro.
Jualu  Ceacero se ha bebido un vaso. Lleva bebidos 4.8 l, y su cerveza en sangre es  : 3.2999995su tasa de alcoholemia es: 1.1879998 En el barril quedan 2.7000277 l
Jualu  Ceacero se ha terminado su vaso, va a por otro.
Jualu  Ceacero se ha pasado bebiendo. Tiene que reposra un poco antes de seguir
Jualu  Ceacero se ha bebido un vaso. Lleva bebidos 5.1000004 l, y su cerveza en sangre es  : 2.0999994su tasa de alcoholemia es: 0.7559998 En el barril quedan 26.700008 l
Jualu  Ceacero se ha terminado su vaso, va a por otro.
Jualu  Ceacero se ha bebido un vaso. Lleva bebidos 5.4000006 l, y su cerveza en sangre es  : 2.3999994su tasa de alcoholemia es: 0.86399984 En el barril quedan 25.80001 l
Jualu  Ceacero se ha terminado su vaso, va a por otro.
Jualu  Ceacero se ha bebido un vaso. Lleva bebidos 5.700001 l, y su cerveza en sangre es  : 2.6999993su tasa de alcoholemia es: 0.9719998 En el barril quedan 25.200012 l
Jualu  Ceacero se ha terminado su vaso, va a por otro.
Jualu  Ceacero se ha bebido un vaso. Lleva bebidos 6.000001 l, y su cerveza en sangre es  : 2.9999993su tasa de alcoholemia es: 1.0799999 En el barril quedan 24.000015 l
Jualu  Ceacero se ha terminado su vaso, va a por otro.
Jualu  Ceacero se ha bebido un vaso. Lleva bebidos 6.300001 l, y su cerveza en sangre es  : 3.2999992su tasa de alcoholemia es: 1.1879998 En el barril quedan 23.700016 l
Jualu  Ceacero se ha terminado su vaso, va a por otro.
Jualu  Ceacero se ha pasado bebiendo. Tiene que reposra un poco antes de seguir
Jualu  Ceacero se ha bebido un vaso. Lleva bebidos 6.6000013 l, y su cerveza en sangre es  : 2.0999992su tasa de alcoholemia es: 0.7559997 En el barril quedan 17.700031 l
Jualu  Ceacero se ha terminado su vaso, va a por otro.
Jualu  Ceacero se ha bebido un vaso. Lleva bebidos 6.9000015 l, y su cerveza en sangre es  : 2.3999991su tasa de alcoholemia es: 0.8639997 En el barril quedan 17.100033 l
Jualu  Ceacero se ha terminado su vaso, va a por otro.
Jualu  Ceacero se ha bebido un vaso. Lleva bebidos 7.2000017 l, y su cerveza en sangre es  : 2.699999su tasa de alcoholemia es: 0.9719997 En el barril quedan 16.800034 l
Jualu  Ceacero se ha terminado su vaso, va a por otro.
Jualu  Ceacero se ha bebido un vaso. Lleva bebidos 7.500002 l, y su cerveza en sangre es  : 2.999999su tasa de alcoholemia es: 1.0799998 En el barril quedan 16.500034 l
Jualu  Ceacero se ha terminado su vaso, va a por otro.
Jualu  Ceacero se ha bebido un vaso. Lleva bebidos 7.800002 l, y su cerveza en sangre es  : 3.299999su tasa de alcoholemia es: 1.1879997 En el barril quedan 16.200035 l
Jualu  Ceacero se ha terminado su vaso, va a por otro.
Jualu  Ceacero se ha pasado bebiendo. Tiene que reposra un poco antes de seguir
