SoyNoberto Vargas me dispongo a pimplar cerveza
SoyNoberto Vargas me dispongo a pimplar cerveza
SoyNoberto Vargas me dispongo a pimplar cerveza
SoyNoberto Vargas me dispongo a pimplar cerveza
Noberto Vargas se ha bebido un vaso. Lleva bebidos 0.3 cl, y su tasa de alcoholemia UBE es de : 0.0010800001
Noberto Vargas se ha terminado su vaso, va a por otro.
Noberto Vargas se ha bebido un vaso. Lleva bebidos 0.6 cl, y su tasa de alcoholemia UBE es de : 0.0021600001
Noberto Vargas se ha terminado su vaso, va a por otro.
Noberto Vargas se ha bebido un vaso. Lleva bebidos 0.90000004 cl, y su tasa de alcoholemia UBE es de : 0.0032400002
Noberto Vargas se ha terminado su vaso, va a por otro.
Noberto Vargas se ha bebido un vaso. Lleva bebidos 1.2 cl, y su tasa de alcoholemia UBE es de : 0.0043200003
Noberto Vargas se ha terminado su vaso, va a por otro.
Noberto Vargas se ha bebido un vaso. Lleva bebidos 1.5 cl, y su tasa de alcoholemia UBE es de : 0.0054
Noberto Vargas se ha terminado su vaso, va a por otro.
Noberto Vargas se ha bebido un vaso. Lleva bebidos 1.8 cl, y su tasa de alcoholemia UBE es de : 0.0064799995
Noberto Vargas se ha terminado su vaso, va a por otro.
Noberto Vargas se ha bebido un vaso. Lleva bebidos 2.1 cl, y su tasa de alcoholemia UBE es de : 0.00756
Noberto Vargas se ha terminado su vaso, va a por otro.
Noberto Vargas se ha bebido un vaso. Lleva bebidos 2.3999999 cl, y su tasa de alcoholemia UBE es de : 0.00864
Noberto Vargas se ha terminado su vaso, va a por otro.
Noberto Vargas se ha bebido un vaso. Lleva bebidos 2.6999998 cl, y su tasa de alcoholemia UBE es de : 0.00972
Noberto Vargas se ha terminado su vaso, va a por otro.
Noberto Vargas se ha bebido un vaso. Lleva bebidos 2.9999998 cl, y su tasa de alcoholemia UBE es de : 0.010799999
Noberto Vargas se ha terminado su vaso, va a por otro.
Noberto Vargas se ha bebido un vaso. Lleva bebidos 3.2999997 cl, y su tasa de alcoholemia UBE es de : 0.011879999
Noberto Vargas se ha terminado su vaso, va a por otro.
Noberto Vargas se ha bebido un vaso. Lleva bebidos 3.5999997 cl, y su tasa de alcoholemia UBE es de : 0.012959999
Noberto Vargas se ha terminado su vaso, va a por otro.
Noberto Vargas se ha bebido un vaso. Lleva bebidos 3.8999996 cl, y su tasa de alcoholemia UBE es de : 0.01404
Noberto Vargas se ha terminado su vaso, va a por otro.
Noberto Vargas se ha bebido un vaso. Lleva bebidos 4.2 cl, y su tasa de alcoholemia UBE es de : 0.01512
Noberto Vargas se ha terminado su vaso, va a por otro.
Noberto Vargas se ha bebido un vaso. Lleva bebidos 4.5 cl, y su tasa de alcoholemia UBE es de : 0.0162
Noberto Vargas se ha terminado su vaso, va a por otro.
Noberto Vargas se ha bebido un vaso. Lleva bebidos 4.8 cl, y su tasa de alcoholemia UBE es de : 0.017280001
Noberto Vargas se ha terminado su vaso, va a por otro.
Noberto Vargas se ha bebido un vaso. Lleva bebidos 5.1000004 cl, y su tasa de alcoholemia UBE es de : 0.01836
Noberto Vargas se ha terminado su vaso, va a por otro.
Noberto Vargas se ha bebido un vaso. Lleva bebidos 5.4000006 cl, y su tasa de alcoholemia UBE es de : 0.019440003
Noberto Vargas se ha terminado su vaso, va a por otro.
Noberto Vargas se ha bebido un vaso. Lleva bebidos 5.700001 cl, y su tasa de alcoholemia UBE es de : 0.020520002
Noberto Vargas se ha terminado su vaso, va a por otro.
SoyNoberto Vargas me dispongo a pimplar cerveza
Noberto Vargas se ha bebido un vaso. Lleva bebidos 0.3 l, y su tasa de alcoholemia UBE es de : 0.0108 En el barril quedan 28.500004 l
Noberto Vargas se ha terminado su vaso, va a por otro.
Noberto Vargas se ha bebido un vaso. Lleva bebidos 0.6 l, y su tasa de alcoholemia UBE es de : 0.0216 En el barril quedan 28.200005 l
Noberto Vargas se ha terminado su vaso, va a por otro.
Noberto Vargas se ha bebido un vaso. Lleva bebidos 0.90000004 l, y su tasa de alcoholemia UBE es de : 0.0324 En el barril quedan 27.900005 l
Noberto Vargas se ha terminado su vaso, va a por otro.
Noberto Vargas se ha bebido un vaso. Lleva bebidos 1.2 l, y su tasa de alcoholemia UBE es de : 0.0432 En el barril quedan 27.000008 l
Noberto Vargas se ha terminado su vaso, va a por otro.
Noberto Vargas se ha bebido un vaso. Lleva bebidos 1.5 l, y su tasa de alcoholemia UBE es de : 0.054 En el barril quedan 24.000015 l
Noberto Vargas se ha terminado su vaso, va a por otro.
Noberto Vargas se ha bebido un vaso. Lleva bebidos 1.8 l, y su tasa de alcoholemia UBE es de : 0.064799994 En el barril quedan 21.000023 l
Noberto Vargas se ha terminado su vaso, va a por otro.
Noberto Vargas se ha bebido un vaso. Lleva bebidos 2.1 l, y su tasa de alcoholemia UBE es de : 0.0756 En el barril quedan 15.3000345 l
Noberto Vargas se ha terminado su vaso, va a por otro.
Noberto Vargas se ha bebido un vaso. Lleva bebidos 2.3999999 l, y su tasa de alcoholemia UBE es de : 0.086399995 En el barril quedan 14.400034 l
Noberto Vargas se ha terminado su vaso, va a por otro.
Noberto Vargas se ha bebido un vaso. Lleva bebidos 2.6999998 l, y su tasa de alcoholemia UBE es de : 0.097200006 En el barril quedan 12.000032 l
Noberto Vargas se ha terminado su vaso, va a por otro.
Noberto Vargas se ha bebido un vaso. Lleva bebidos 2.9999998 l, y su tasa de alcoholemia UBE es de : 0.107999995 En el barril quedan 6.600029 l
Noberto Vargas se ha terminado su vaso, va a por otro.
SoyNoberto Vargas me dispongo a pimplar cerveza
Noberto Vargas se ha bebido un vaso. Lleva bebidos 0.3 l, y su tasa de alcoholemia UBE es de : 0.0108 En el barril quedan 27.000008 l
Noberto Vargas se ha terminado su vaso, va a por otro.
Noberto Vargas se ha bebido un vaso. Lleva bebidos 0.6 l, y su tasa de alcoholemia UBE es de : 0.0216 En el barril quedan 24.300014 l
Noberto Vargas se ha terminado su vaso, va a por otro.
SoyNoberto Vargas me dispongo a pimplar cerveza
Noberto Vargas se ha bebido un vaso. Lleva bebidos 0.3 l, y su tasa de alcoholemia UBE es de : 0.0108 En el barril quedan 28.200005 l
Noberto Vargas se ha terminado su vaso, va a por otro.
Noberto Vargas se ha bebido un vaso. Lleva bebidos 0.6 l, y su tasa de alcoholemia UBE es de : 0.0216 En el barril quedan 24.600014 l
Noberto Vargas se ha terminado su vaso, va a por otro.
Noberto Vargas se ha bebido un vaso. Lleva bebidos 0.90000004 l, y su tasa de alcoholemia UBE es de : 0.0324 En el barril quedan 21.600021 l
Noberto Vargas se ha terminado su vaso, va a por otro.
Noberto Vargas se ha bebido un vaso. Lleva bebidos 1.2 l, y su tasa de alcoholemia UBE es de : 0.0432 En el barril quedan 18.00003 l
Noberto Vargas se ha terminado su vaso, va a por otro.
Noberto Vargas se ha bebido un vaso. Lleva bebidos 1.5 l, y su tasa de alcoholemia UBE es de : 0.054 En el barril quedan 15.000034 l
Noberto Vargas se ha terminado su vaso, va a por otro.
Noberto Vargas se ha bebido un vaso. Lleva bebidos 1.8 l, y su tasa de alcoholemia UBE es de : 0.064799994 En el barril quedan 13.800034 l
Noberto Vargas se ha terminado su vaso, va a por otro.
Noberto Vargas se ha bebido un vaso. Lleva bebidos 2.1 l, y su tasa de alcoholemia UBE es de : 0.0756 En el barril quedan 12.900033 l
Noberto Vargas se ha terminado su vaso, va a por otro.
Noberto Vargas se ha bebido un vaso. Lleva bebidos 2.3999999 l, y su tasa de alcoholemia UBE es de : 0.086399995 En el barril quedan 12.000032 l
Noberto Vargas se ha terminado su vaso, va a por otro.
Noberto Vargas se ha bebido un vaso. Lleva bebidos 2.6999998 l, y su tasa de alcoholemia UBE es de : 0.097200006 En el barril quedan 9.300031 l
Noberto Vargas se ha terminado su vaso, va a por otro.
Noberto Vargas se ha bebido un vaso. Lleva bebidos 2.9999998 l, y su tasa de alcoholemia UBE es de : 0.107999995 En el barril quedan 8.40003 l
Noberto Vargas se ha terminado su vaso, va a por otro.
Noberto Vargas se ha bebido un vaso. Lleva bebidos 3.2999997 l, y su tasa de alcoholemia UBE es de : 0.11879999 En el barril quedan 6.600029 l
Noberto Vargas se ha terminado su vaso, va a por otro.
Noberto Vargas se ha bebido un vaso. Lleva bebidos 3.5999997 l, y su tasa de alcoholemia UBE es de : 0.12959999 En el barril quedan 5.7000284 l
Noberto Vargas se ha terminado su vaso, va a por otro.
Noberto Vargas se ha bebido un vaso. Lleva bebidos 3.8999996 l, y su tasa de alcoholemia UBE es de : 0.14039999 En el barril quedan 2.4000278 l
Noberto Vargas se ha terminado su vaso, va a por otro.
Noberto Vargas se ha bebido un vaso. Lleva bebidos 4.2 l, y su tasa de alcoholemia UBE es de : 0.1512 En el barril quedan 0.90002793 l
Noberto Vargas se ha terminado su vaso, va a por otro.
SoyNoberto Vargas me dispongo a pimplar cerveza
Noberto Vargas se ha bebido un vaso. Lleva bebidos 0.3 l, y su tasa de alcoholemia UBE es de : 0.0108 En el barril quedan 28.200005 l
Noberto Vargas se ha terminado su vaso, va a por otro.
Noberto Vargas se ha bebido un vaso. Lleva bebidos 0.6 l, y su tasa de alcoholemia UBE es de : 0.0216 En el barril quedan 25.200012 l
Noberto Vargas se ha terminado su vaso, va a por otro.
SoyNoberto Vargas me dispongo a pimplar cerveza
Noberto Vargas se ha bebido un vaso. Lleva bebidos 0.3 l, y su tasa de alcoholemia UBE es de : 0.0108 En el barril quedan 27.900005 l
Noberto Vargas se ha terminado su vaso, va a por otro.
SoyNoberto Vargas me dispongo a pimplar cerveza
Noberto Vargas se ha bebido un vaso. Lleva bebidos 0.3 l, y su tasa de alcoholemia UBE es de : 0.0108 En el barril quedan 27.000008 l
Noberto Vargas se ha terminado su vaso, va a por otro.
SoyNoberto Vargas me dispongo a pimplar cerveza
Noberto Vargas se ha bebido un vaso. Lleva bebidos 0.3 l, y su tasa de alcoholemia UBE es de : 0.0108 En el barril quedan 26.10001 l
Noberto Vargas se ha terminado su vaso, va a por otro.
Noberto Vargas se ha bebido un vaso. Lleva bebidos 0.6 l, y su tasa de alcoholemia UBE es de : 0.0216 En el barril quedan 22.800018 l
Noberto Vargas se ha terminado su vaso, va a por otro.
Noberto Vargas se ha bebido un vaso. Lleva bebidos 0.90000004 l, y su tasa de alcoholemia UBE es de : 0.0324 En el barril quedan 21.000023 l
Noberto Vargas se ha terminado su vaso, va a por otro.
Noberto Vargas se ha bebido un vaso. Lleva bebidos 1.2 l, y su tasa de alcoholemia UBE es de : 0.0432 En el barril quedan 17.700031 l
Noberto Vargas se ha terminado su vaso, va a por otro.
Noberto Vargas se ha bebido un vaso. Lleva bebidos 1.5 l, y su tasa de alcoholemia UBE es de : 0.054 En el barril quedan 16.500034 l
Noberto Vargas se ha terminado su vaso, va a por otro.
Noberto Vargas se ha bebido un vaso. Lleva bebidos 1.8 l, y su tasa de alcoholemia UBE es de : 0.064799994 En el barril quedan 15.600035 l
Noberto Vargas se ha terminado su vaso, va a por otro.
Noberto Vargas se ha bebido un vaso. Lleva bebidos 2.1 l, y su tasa de alcoholemia UBE es de : 0.0756 En el barril quedan 12.600033 l
Noberto Vargas se ha terminado su vaso, va a por otro.
Noberto Vargas se ha bebido un vaso. Lleva bebidos 2.3999999 l, y su tasa de alcoholemia UBE es de : 0.086399995 En el barril quedan 12.000032 l
Noberto Vargas se ha terminado su vaso, va a por otro.
Noberto Vargas se ha bebido un vaso. Lleva bebidos 2.6999998 l, y su tasa de alcoholemia UBE es de : 0.097200006 En el barril quedan 9.300031 l
Noberto Vargas se ha terminado su vaso, va a por otro.
SoyNoberto Vargas me dispongo a pimplar cerveza
Noberto Vargas se ha bebido un vaso. Lleva bebidos 0.3 l, y su tasa de alcoholemia UBE es de : 0.0108 En el barril quedan 29.7 l
Noberto Vargas se ha terminado su vaso, va a por otro.
Noberto Vargas se ha bebido un vaso. Lleva bebidos 0.6 l, y su tasa de alcoholemia UBE es de : 0.0216 En el barril quedan 28.800003 l
Noberto Vargas se ha terminado su vaso, va a por otro.
Noberto Vargas se ha bebido un vaso. Lleva bebidos 0.90000004 l, y su tasa de alcoholemia UBE es de : 0.0324 En el barril quedan 26.40001 l
Noberto Vargas se ha terminado su vaso, va a por otro.
Noberto Vargas se ha bebido un vaso. Lleva bebidos 1.2 l, y su tasa de alcoholemia UBE es de : 0.0432 En el barril quedan 24.000015 l
Noberto Vargas se ha terminado su vaso, va a por otro.
Noberto Vargas se ha bebido un vaso. Lleva bebidos 1.5 l, y su tasa de alcoholemia UBE es de : 0.054 En el barril quedan 22.800018 l
Noberto Vargas se ha terminado su vaso, va a por otro.
Noberto Vargas se ha bebido un vaso. Lleva bebidos 1.8 l, y su tasa de alcoholemia UBE es de : 0.064799994 En el barril quedan 21.000023 l
Noberto Vargas se ha terminado su vaso, va a por otro.
Noberto Vargas se ha bebido un vaso. Lleva bebidos 2.1 l, y su tasa de alcoholemia UBE es de : 0.0756 En el barril quedan 18.00003 l
Noberto Vargas se ha terminado su vaso, va a por otro.
Noberto Vargas se ha bebido un vaso. Lleva bebidos 2.3999999 l, y su tasa de alcoholemia UBE es de : 0.086399995 En el barril quedan 17.400032 l
Noberto Vargas se ha terminado su vaso, va a por otro.
Noberto Vargas se ha bebido un vaso. Lleva bebidos 2.6999998 l, y su tasa de alcoholemia UBE es de : 0.097200006 En el barril quedan 15.3000345 l
Noberto Vargas se ha terminado su vaso, va a por otro.
Noberto Vargas se ha bebido un vaso. Lleva bebidos 2.9999998 l, y su tasa de alcoholemia UBE es de : 0.107999995 En el barril quedan 14.700034 l
Noberto Vargas se ha terminado su vaso, va a por otro.
Noberto Vargas se ha bebido un vaso. Lleva bebidos 3.2999997 l, y su tasa de alcoholemia UBE es de : 0.11879999 En el barril quedan 14.100034 l
Noberto Vargas se ha terminado su vaso, va a por otro.
Noberto Vargas se ha bebido un vaso. Lleva bebidos 3.5999997 l, y su tasa de alcoholemia UBE es de : 0.12959999 En el barril quedan 11.700032 l
Noberto Vargas se ha terminado su vaso, va a por otro.
Noberto Vargas se ha bebido un vaso. Lleva bebidos 3.8999996 l, y su tasa de alcoholemia UBE es de : 0.14039999 En el barril quedan 8.40003 l
Noberto Vargas se ha terminado su vaso, va a por otro.
Noberto Vargas se ha bebido un vaso. Lleva bebidos 4.2 l, y su tasa de alcoholemia UBE es de : 0.1512 En el barril quedan 7.5000296 l
Noberto Vargas se ha terminado su vaso, va a por otro.
Noberto Vargas se ha bebido un vaso. Lleva bebidos 4.5 l, y su tasa de alcoholemia UBE es de : 0.162 En el barril quedan 4.2000275 l
Noberto Vargas se ha terminado su vaso, va a por otro.
SoyNoberto Vargas me dispongo a pimplar cerveza
Noberto Vargas se ha bebido un vaso. Lleva bebidos 0.3 l, y su tasa de alcoholemia UBE es de : 0.0108 En el barril quedan 27.900005 l
Noberto Vargas se ha terminado su vaso, va a por otro.
Noberto Vargas se ha bebido un vaso. Lleva bebidos 0.6 l, y su tasa de alcoholemia UBE es de : 0.0216 En el barril quedan 27.000008 l
Noberto Vargas se ha terminado su vaso, va a por otro.
Noberto Vargas se ha bebido un vaso. Lleva bebidos 0.90000004 l, y su tasa de alcoholemia UBE es de : 0.0324 En el barril quedan 25.200012 l
Noberto Vargas se ha terminado su vaso, va a por otro.
Noberto Vargas se ha bebido un vaso. Lleva bebidos 1.2 l, y su tasa de alcoholemia UBE es de : 0.0432 En el barril quedan 24.300014 l
Noberto Vargas se ha terminado su vaso, va a por otro.
Noberto Vargas se ha bebido un vaso. Lleva bebidos 1.5 l, y su tasa de alcoholemia UBE es de : 0.054 En el barril quedan 18.30003 l
Noberto Vargas se ha terminado su vaso, va a por otro.
Noberto Vargas se ha bebido un vaso. Lleva bebidos 1.8 l, y su tasa de alcoholemia UBE es de : 0.064799994 En el barril quedan 14.100034 l
Noberto Vargas se ha terminado su vaso, va a por otro.
Noberto Vargas se ha bebido un vaso. Lleva bebidos 2.1 l, y su tasa de alcoholemia UBE es de : 0.0756 En el barril quedan 11.400032 l
Noberto Vargas se ha terminado su vaso, va a por otro.
Noberto Vargas se ha bebido un vaso. Lleva bebidos 2.3999999 l, y su tasa de alcoholemia UBE es de : 0.086399995 En el barril quedan 9.900031 l
Noberto Vargas se ha terminado su vaso, va a por otro.
Noberto Vargas se ha bebido un vaso. Lleva bebidos 2.6999998 l, y su tasa de alcoholemia UBE es de : 0.097200006 En el barril quedan 7.8000298 l
Noberto Vargas se ha terminado su vaso, va a por otro.
Noberto Vargas se ha bebido un vaso. Lleva bebidos 2.9999998 l, y su tasa de alcoholemia UBE es de : 0.107999995 En el barril quedan 4.5000277 l
Noberto Vargas se ha terminado su vaso, va a por otro.
Noberto Vargas se ha bebido un vaso. Lleva bebidos 3.2999997 l, y su tasa de alcoholemia UBE es de : 0.11879999 En el barril quedan 3.0000277 l
Noberto Vargas se ha terminado su vaso, va a por otro.
Noberto Vargas se ha bebido un vaso. Lleva bebidos 3.3000276 l, y su tasa de alcoholemia UBE es de : 0.11880099 En el barril quedan 0.0 l
Noberto Vargas se ha terminado su vaso, va a por otro.
SoyNoberto Vargas me dispongo a pimplar cerveza
Noberto Vargas se ha bebido un vaso. Lleva bebidos 0.3 l, y su tasa de alcoholemia UBE es de : 0.0108 En el barril quedan 29.100002 l
Noberto Vargas se ha terminado su vaso, va a por otro.
Noberto Vargas se ha bebido un vaso. Lleva bebidos 0.6 l, y su tasa de alcoholemia UBE es de : 0.0216 En el barril quedan 27.300007 l
Noberto Vargas se ha terminado su vaso, va a por otro.
Noberto Vargas se ha bebido un vaso. Lleva bebidos 0.90000004 l, y su tasa de alcoholemia UBE es de : 0.0324 En el barril quedan 26.700008 l
Noberto Vargas se ha terminado su vaso, va a por otro.
Noberto Vargas se ha bebido un vaso. Lleva bebidos 1.2 l, y su tasa de alcoholemia UBE es de : 0.0432 En el barril quedan 25.200012 l
Noberto Vargas se ha terminado su vaso, va a por otro.
Noberto Vargas se ha bebido un vaso. Lleva bebidos 1.5 l, y su tasa de alcoholemia UBE es de : 0.054 En el barril quedan 21.000023 l
Noberto Vargas se ha terminado su vaso, va a por otro.
SoyNoberto Vargas me dispongo a pimplar cerveza
Noberto Vargas se ha bebido un vaso. Lleva bebidos 0.3 l, y su tasa de alcoholemia UBE es de : 1.0800002 En el barril quedan 26.10001 l
Noberto Vargas se ha terminado su vaso, va a por otro.
Noberto Vargas se ha bebido un vaso. Lleva bebidos 0.6 l, y su tasa de alcoholemia UBE es de : 2.1600003 En el barril quedan 23.400017 l
Noberto Vargas se ha terminado su vaso, va a por otro.
Noberto Vargas se ha bebido un vaso. Lleva bebidos 0.90000004 l, y su tasa de alcoholemia UBE es de : 3.24 En el barril quedan 21.000023 l
Noberto Vargas se ha terminado su vaso, va a por otro.
Noberto Vargas se ha bebido un vaso. Lleva bebidos 1.2 l, y su tasa de alcoholemia UBE es de : 4.3200006 En el barril quedan 18.600029 l
Noberto Vargas se ha terminado su vaso, va a por otro.
Noberto Vargas se ha bebido un vaso. Lleva bebidos 1.5 l, y su tasa de alcoholemia UBE es de : 5.4 En el barril quedan 18.00003 l
Noberto Vargas se ha terminado su vaso, va a por otro.
Noberto Vargas se ha bebido un vaso. Lleva bebidos 1.8 l, y su tasa de alcoholemia UBE es de : 6.48 En el barril quedan 15.000034 l
Noberto Vargas se ha terminado su vaso, va a por otro.
Noberto Vargas se ha bebido un vaso. Lleva bebidos 2.1 l, y su tasa de alcoholemia UBE es de : 7.5599995 En el barril quedan 13.200033 l
Noberto Vargas se ha terminado su vaso, va a por otro.
Noberto Vargas se ha bebido un vaso. Lleva bebidos 2.3999999 l, y su tasa de alcoholemia UBE es de : 8.639999 En el barril quedan 11.400032 l
Noberto Vargas se ha terminado su vaso, va a por otro.
Noberto Vargas se ha bebido un vaso. Lleva bebidos 2.6999998 l, y su tasa de alcoholemia UBE es de : 9.719999 En el barril quedan 10.800032 l
Noberto Vargas se ha terminado su vaso, va a por otro.
Noberto Vargas se ha bebido un vaso. Lleva bebidos 2.9999998 l, y su tasa de alcoholemia UBE es de : 10.799999 En el barril quedan 9.0000305 l
Noberto Vargas se ha terminado su vaso, va a por otro.
Noberto Vargas se ha bebido un vaso. Lleva bebidos 3.2999997 l, y su tasa de alcoholemia UBE es de : 11.879999 En el barril quedan 6.0000286 l
Noberto Vargas se ha terminado su vaso, va a por otro.
Noberto Vargas se ha bebido un vaso. Lleva bebidos 3.5999997 l, y su tasa de alcoholemia UBE es de : 12.959999 En el barril quedan 3.9000275 l
Noberto Vargas se ha terminado su vaso, va a por otro.
Noberto Vargas se ha bebido un vaso. Lleva bebidos 3.8999996 l, y su tasa de alcoholemia UBE es de : 14.039999 En el barril quedan 1.5000279 l
Noberto Vargas se ha terminado su vaso, va a por otro.
Noberto Vargas se ha bebido un vaso. Lleva bebidos 4.2 l, y su tasa de alcoholemia UBE es de : 15.119999 En el barril quedan 0.3000279 l
Noberto Vargas se ha terminado su vaso, va a por otro.
SoyNoberto Vargas me dispongo a pimplar cerveza
Noberto Vargas se ha bebido un vaso. Lleva bebidos 0.3 l, y su tasa de alcoholemia UBE es de : 0.10800002 En el barril quedan 29.400002 l
Noberto Vargas se ha terminado su vaso, va a por otro.
Noberto Vargas se ha bebido un vaso. Lleva bebidos 0.6 l, y su tasa de alcoholemia UBE es de : 0.21600004 En el barril quedan 26.10001 l
Noberto Vargas se ha terminado su vaso, va a por otro.
Noberto Vargas se ha bebido un vaso. Lleva bebidos 0.90000004 l, y su tasa de alcoholemia UBE es de : 0.324 En el barril quedan 24.300014 l
Noberto Vargas se ha terminado su vaso, va a por otro.
Noberto Vargas se ha bebido un vaso. Lleva bebidos 1.2 l, y su tasa de alcoholemia UBE es de : 0.43200007 En el barril quedan 18.900028 l
Noberto Vargas se ha terminado su vaso, va a por otro.
Noberto Vargas se ha bebido un vaso. Lleva bebidos 1.5 l, y su tasa de alcoholemia UBE es de : 0.54 En el barril quedan 16.800034 l
Noberto Vargas se ha terminado su vaso, va a por otro.
Noberto Vargas se ha bebido un vaso. Lleva bebidos 1.8 l, y su tasa de alcoholemia UBE es de : 0.648 En el barril quedan 14.400034 l
Noberto Vargas se ha terminado su vaso, va a por otro.
Noberto Vargas se ha bebido un vaso. Lleva bebidos 2.1 l, y su tasa de alcoholemia UBE es de : 0.7559999 En el barril quedan 11.100032 l
Noberto Vargas se ha terminado su vaso, va a por otro.
Noberto Vargas se ha bebido un vaso. Lleva bebidos 2.3999999 l, y su tasa de alcoholemia UBE es de : 0.86399996 En el barril quedan 9.600031 l
Noberto Vargas se ha terminado su vaso, va a por otro.
Noberto Vargas se ha bebido un vaso. Lleva bebidos 2.6999998 l, y su tasa de alcoholemia UBE es de : 0.97199994 En el barril quedan 7.8000298 l
Noberto Vargas se ha terminado su vaso, va a por otro.
Noberto Vargas se ha bebido un vaso. Lleva bebidos 2.9999998 l, y su tasa de alcoholemia UBE es de : 1.0799999 En el barril quedan 4.2000275 l
Noberto Vargas se ha terminado su vaso, va a por otro.
Noberto Vargas se ha bebido un vaso. Lleva bebidos 3.2999997 l, y su tasa de alcoholemia UBE es de : 1.1879998 En el barril quedan 1.5000279 l
Noberto Vargas se ha terminado su vaso, va a por otro.
SoyNoberto Vargas me dispongo a pimplar cerveza
Noberto Vargas se ha bebido un vaso. Lleva bebidos 0.3 l, y su cerveza en sangre es  : 0.3 En el barril quedan 29.100002 l
Noberto Vargas se ha terminado su vaso, va a por otro.
Noberto Vargas se ha bebido un vaso. Lleva bebidos 0.6 l, y su cerveza en sangre es  : 0.6 En el barril quedan 27.300007 l
Noberto Vargas se ha terminado su vaso, va a por otro.
Noberto Vargas se ha bebido un vaso. Lleva bebidos 0.90000004 l, y su cerveza en sangre es  : 0.90000004 En el barril quedan 25.200012 l
Noberto Vargas se ha terminado su vaso, va a por otro.
Noberto Vargas se ha bebido un vaso. Lleva bebidos 1.2 l, y su cerveza en sangre es  : 1.2 En el barril quedan 23.100018 l
Noberto Vargas se ha terminado su vaso, va a por otro.
Noberto Vargas se ha bebido un vaso. Lleva bebidos 1.5 l, y su cerveza en sangre es  : 1.5 En el barril quedan 22.50002 l
Noberto Vargas se ha terminado su vaso, va a por otro.
Noberto Vargas se ha bebido un vaso. Lleva bebidos 1.8 l, y su cerveza en sangre es  : 1.8 En el barril quedan 21.300022 l
Noberto Vargas se ha terminado su vaso, va a por otro.
Noberto Vargas se ha bebido un vaso. Lleva bebidos 2.1 l, y su cerveza en sangre es  : 2.1 En el barril quedan 16.500034 l
Noberto Vargas se ha terminado su vaso, va a por otro.
Noberto Vargas se ha bebido un vaso. Lleva bebidos 2.3999999 l, y su cerveza en sangre es  : 2.3999999 En el barril quedan 15.000034 l
Noberto Vargas se ha terminado su vaso, va a por otro.
Noberto Vargas se ha bebido un vaso. Lleva bebidos 2.6999998 l, y su cerveza en sangre es  : 2.6999998 En el barril quedan 13.800034 l
Noberto Vargas se ha terminado su vaso, va a por otro.
Noberto Vargas se ha bebido un vaso. Lleva bebidos 2.9999998 l, y su cerveza en sangre es  : 2.9999998 En el barril quedan 11.700032 l
Noberto Vargas se ha terminado su vaso, va a por otro.
Noberto Vargas se ha bebido un vaso. Lleva bebidos 3.2999997 l, y su cerveza en sangre es  : 3.2999997 En el barril quedan 8.40003 l
Noberto Vargas se ha terminado su vaso, va a por otro.
SoyNoberto Vargas me dispongo a pimplar cerveza
Noberto Vargas se ha bebido un vaso. Lleva bebidos 0.3 l, y su cerveza en sangre es  : 0.3su tasa de alcoholemia es: 0.10800002 En el barril quedan 25.80001 l
Noberto Vargas se ha terminado su vaso, va a por otro.
Noberto Vargas se ha bebido un vaso. Lleva bebidos 0.6 l, y su cerveza en sangre es  : 0.6su tasa de alcoholemia es: 0.21600004 En el barril quedan 24.000015 l
Noberto Vargas se ha terminado su vaso, va a por otro.
Noberto Vargas se ha bebido un vaso. Lleva bebidos 0.90000004 l, y su cerveza en sangre es  : 0.90000004su tasa de alcoholemia es: 0.324 En el barril quedan 20.700024 l
Noberto Vargas se ha terminado su vaso, va a por otro.
Noberto Vargas se ha bebido un vaso. Lleva bebidos 1.2 l, y su cerveza en sangre es  : 1.2su tasa de alcoholemia es: 0.43200007 En el barril quedan 16.500034 l
Noberto Vargas se ha terminado su vaso, va a por otro.
Noberto Vargas se ha bebido un vaso. Lleva bebidos 1.5 l, y su cerveza en sangre es  : 1.5su tasa de alcoholemia es: 0.54 En el barril quedan 15.000034 l
Noberto Vargas se ha terminado su vaso, va a por otro.
Noberto Vargas se ha bebido un vaso. Lleva bebidos 1.8 l, y su cerveza en sangre es  : 1.8su tasa de alcoholemia es: 0.648 En el barril quedan 11.400032 l
Noberto Vargas se ha terminado su vaso, va a por otro.
Noberto Vargas se ha bebido un vaso. Lleva bebidos 2.1 l, y su cerveza en sangre es  : 2.1su tasa de alcoholemia es: 0.7559999 En el barril quedan 9.0000305 l
Noberto Vargas se ha terminado su vaso, va a por otro.
Noberto Vargas se ha bebido un vaso. Lleva bebidos 2.3999999 l, y su cerveza en sangre es  : 2.3999999su tasa de alcoholemia es: 0.86399996 En el barril quedan 7.2000294 l
Noberto Vargas se ha terminado su vaso, va a por otro.
Noberto Vargas se ha bebido un vaso. Lleva bebidos 2.6999998 l, y su cerveza en sangre es  : 2.6999998su tasa de alcoholemia es: 0.97199994 En el barril quedan 6.600029 l
Noberto Vargas se ha terminado su vaso, va a por otro.
Noberto Vargas se ha bebido un vaso. Lleva bebidos 2.9999998 l, y su cerveza en sangre es  : 2.9999998su tasa de alcoholemia es: 1.0799999 En el barril quedan 6.300029 l
Noberto Vargas se ha terminado su vaso, va a por otro.
Noberto Vargas se ha bebido un vaso. Lleva bebidos 3.2999997 l, y su cerveza en sangre es  : 3.2999997su tasa de alcoholemia es: 1.1879998 En el barril quedan 6.0000286 l
Noberto Vargas se ha terminado su vaso, va a por otro.
Noberto Vargas se ha pasado bebiendo. Tiene que reposra un poco antes de seguir
Noberto Vargas se encuentra que el barril está vacio. Espera a que lo llenen
Noberto Vargas se ha bebido un vaso. Lleva bebidos 3.5999997 l, y su cerveza en sangre es  : 2.0999997su tasa de alcoholemia es: 0.7559999 En el barril quedan 28.800003 l
Noberto Vargas se ha terminado su vaso, va a por otro.
Noberto Vargas se ha bebido un vaso. Lleva bebidos 3.8999996 l, y su cerveza en sangre es  : 2.3999996su tasa de alcoholemia es: 0.86399996 En el barril quedan 28.500004 l
Noberto Vargas se ha terminado su vaso, va a por otro.
Noberto Vargas se ha bebido un vaso. Lleva bebidos 4.2 l, y su cerveza en sangre es  : 2.6999996su tasa de alcoholemia es: 0.97199994 En el barril quedan 27.900005 l
Noberto Vargas se ha terminado su vaso, va a por otro.
Noberto Vargas se ha bebido un vaso. Lleva bebidos 4.5 l, y su cerveza en sangre es  : 2.9999995su tasa de alcoholemia es: 1.0799999 En el barril quedan 27.600006 l
Noberto Vargas se ha terminado su vaso, va a por otro.
Noberto Vargas se ha bebido un vaso. Lleva bebidos 4.8 l, y su cerveza en sangre es  : 3.2999995su tasa de alcoholemia es: 1.1879998 En el barril quedan 27.000008 l
Noberto Vargas se ha terminado su vaso, va a por otro.
Noberto Vargas se ha pasado bebiendo. Tiene que reposra un poco antes de seguir
Noberto Vargas se ha bebido un vaso. Lleva bebidos 5.1000004 l, y su cerveza en sangre es  : 2.0999994su tasa de alcoholemia es: 0.7559998 En el barril quedan 21.300022 l
Noberto Vargas se ha terminado su vaso, va a por otro.
Noberto Vargas se ha bebido un vaso. Lleva bebidos 5.4000006 l, y su cerveza en sangre es  : 2.3999994su tasa de alcoholemia es: 0.86399984 En el barril quedan 21.000023 l
Noberto Vargas se ha terminado su vaso, va a por otro.
Noberto Vargas se ha bebido un vaso. Lleva bebidos 5.700001 l, y su cerveza en sangre es  : 2.6999993su tasa de alcoholemia es: 0.9719998 En el barril quedan 20.400024 l
Noberto Vargas se ha terminado su vaso, va a por otro.
Noberto Vargas se ha bebido un vaso. Lleva bebidos 6.000001 l, y su cerveza en sangre es  : 2.9999993su tasa de alcoholemia es: 1.0799999 En el barril quedan 20.100025 l
Noberto Vargas se ha terminado su vaso, va a por otro.
Noberto Vargas se ha bebido un vaso. Lleva bebidos 6.300001 l, y su cerveza en sangre es  : 3.2999992su tasa de alcoholemia es: 1.1879998 En el barril quedan 19.500027 l
Noberto Vargas se ha terminado su vaso, va a por otro.
Noberto Vargas se ha pasado bebiendo. Tiene que reposra un poco antes de seguir
