SoyJavier Alcalde me dispongo a pimplar cerveza
SoyJavier Alcalde me dispongo a pimplar cerveza
SoyJavier Alcalde me dispongo a pimplar cerveza
SoyJavier Alcalde me dispongo a pimplar cerveza
Javier Alcalde se ha bebido un vaso. Lleva bebidos 0.3 cl, y su tasa de alcoholemia UBE es de : 0.0010800001
Javier Alcalde se ha terminado su vaso, va a por otro.
Javier Alcalde se ha bebido un vaso. Lleva bebidos 0.6 cl, y su tasa de alcoholemia UBE es de : 0.0021600001
Javier Alcalde se ha terminado su vaso, va a por otro.
Javier Alcalde se ha bebido un vaso. Lleva bebidos 0.90000004 cl, y su tasa de alcoholemia UBE es de : 0.0032400002
Javier Alcalde se ha terminado su vaso, va a por otro.
Javier Alcalde se ha bebido un vaso. Lleva bebidos 1.2 cl, y su tasa de alcoholemia UBE es de : 0.0043200003
Javier Alcalde se ha terminado su vaso, va a por otro.
Javier Alcalde se ha bebido un vaso. Lleva bebidos 1.5 cl, y su tasa de alcoholemia UBE es de : 0.0054
Javier Alcalde se ha terminado su vaso, va a por otro.
Javier Alcalde se ha bebido un vaso. Lleva bebidos 1.8 cl, y su tasa de alcoholemia UBE es de : 0.0064799995
Javier Alcalde se ha terminado su vaso, va a por otro.
Javier Alcalde se ha bebido un vaso. Lleva bebidos 2.1 cl, y su tasa de alcoholemia UBE es de : 0.00756
Javier Alcalde se ha terminado su vaso, va a por otro.
Javier Alcalde se ha bebido un vaso. Lleva bebidos 2.3999999 cl, y su tasa de alcoholemia UBE es de : 0.00864
Javier Alcalde se ha terminado su vaso, va a por otro.
Javier Alcalde se ha bebido un vaso. Lleva bebidos 2.6999998 cl, y su tasa de alcoholemia UBE es de : 0.00972
Javier Alcalde se ha terminado su vaso, va a por otro.
SoyJavier Alcalde me dispongo a pimplar cerveza
Javier Alcalde se ha bebido un vaso. Lleva bebidos 0.3 l, y su tasa de alcoholemia UBE es de : 0.0108 En el barril quedan 29.7 l
Javier Alcalde se ha terminado su vaso, va a por otro.
Javier Alcalde se ha bebido un vaso. Lleva bebidos 0.6 l, y su tasa de alcoholemia UBE es de : 0.0216 En el barril quedan 24.900013 l
Javier Alcalde se ha terminado su vaso, va a por otro.
Javier Alcalde se ha bebido un vaso. Lleva bebidos 0.90000004 l, y su tasa de alcoholemia UBE es de : 0.0324 En el barril quedan 23.400017 l
Javier Alcalde se ha terminado su vaso, va a por otro.
Javier Alcalde se ha bebido un vaso. Lleva bebidos 1.2 l, y su tasa de alcoholemia UBE es de : 0.0432 En el barril quedan 21.600021 l
Javier Alcalde se ha terminado su vaso, va a por otro.
Javier Alcalde se ha bebido un vaso. Lleva bebidos 1.5 l, y su tasa de alcoholemia UBE es de : 0.054 En el barril quedan 16.200035 l
Javier Alcalde se ha terminado su vaso, va a por otro.
Javier Alcalde se ha bebido un vaso. Lleva bebidos 1.8 l, y su tasa de alcoholemia UBE es de : 0.064799994 En el barril quedan 13.200033 l
Javier Alcalde se ha terminado su vaso, va a por otro.
Javier Alcalde se ha bebido un vaso. Lleva bebidos 2.1 l, y su tasa de alcoholemia UBE es de : 0.0756 En el barril quedan 9.900031 l
Javier Alcalde se ha terminado su vaso, va a por otro.
Javier Alcalde se ha bebido un vaso. Lleva bebidos 2.3999999 l, y su tasa de alcoholemia UBE es de : 0.086399995 En el barril quedan 5.100028 l
Javier Alcalde se ha terminado su vaso, va a por otro.
Javier Alcalde se ha bebido un vaso. Lleva bebidos 2.6999998 l, y su tasa de alcoholemia UBE es de : 0.097200006 En el barril quedan 1.5000279 l
Javier Alcalde se ha terminado su vaso, va a por otro.
SoyJavier Alcalde me dispongo a pimplar cerveza
Javier Alcalde se ha bebido un vaso. Lleva bebidos 0.3 l, y su tasa de alcoholemia UBE es de : 0.0108 En el barril quedan 29.7 l
Javier Alcalde se ha terminado su vaso, va a por otro.
Javier Alcalde se ha bebido un vaso. Lleva bebidos 0.6 l, y su tasa de alcoholemia UBE es de : 0.0216 En el barril quedan 29.400002 l
Javier Alcalde se ha terminado su vaso, va a por otro.
Javier Alcalde se ha bebido un vaso. Lleva bebidos 0.90000004 l, y su tasa de alcoholemia UBE es de : 0.0324 En el barril quedan 27.900005 l
Javier Alcalde se ha terminado su vaso, va a por otro.
Javier Alcalde se ha bebido un vaso. Lleva bebidos 1.2 l, y su tasa de alcoholemia UBE es de : 0.0432 En el barril quedan 26.700008 l
Javier Alcalde se ha terminado su vaso, va a por otro.
Javier Alcalde se ha bebido un vaso. Lleva bebidos 1.5 l, y su tasa de alcoholemia UBE es de : 0.054 En el barril quedan 25.80001 l
Javier Alcalde se ha terminado su vaso, va a por otro.
Javier Alcalde se ha bebido un vaso. Lleva bebidos 1.8 l, y su tasa de alcoholemia UBE es de : 0.064799994 En el barril quedan 21.90002 l
Javier Alcalde se ha terminado su vaso, va a por otro.
Javier Alcalde se ha bebido un vaso. Lleva bebidos 2.1 l, y su tasa de alcoholemia UBE es de : 0.0756 En el barril quedan 19.500027 l
Javier Alcalde se ha terminado su vaso, va a por otro.
Javier Alcalde se ha bebido un vaso. Lleva bebidos 2.3999999 l, y su tasa de alcoholemia UBE es de : 0.086399995 En el barril quedan 15.600035 l
Javier Alcalde se ha terminado su vaso, va a por otro.
Javier Alcalde se ha bebido un vaso. Lleva bebidos 2.6999998 l, y su tasa de alcoholemia UBE es de : 0.097200006 En el barril quedan 15.000034 l
Javier Alcalde se ha terminado su vaso, va a por otro.
Javier Alcalde se ha bebido un vaso. Lleva bebidos 2.9999998 l, y su tasa de alcoholemia UBE es de : 0.107999995 En el barril quedan 13.500033 l
Javier Alcalde se ha terminado su vaso, va a por otro.
Javier Alcalde se ha bebido un vaso. Lleva bebidos 3.2999997 l, y su tasa de alcoholemia UBE es de : 0.11879999 En el barril quedan 10.200031 l
Javier Alcalde se ha terminado su vaso, va a por otro.
Javier Alcalde se ha bebido un vaso. Lleva bebidos 3.5999997 l, y su tasa de alcoholemia UBE es de : 0.12959999 En el barril quedan 9.600031 l
Javier Alcalde se ha terminado su vaso, va a por otro.
Javier Alcalde se ha bebido un vaso. Lleva bebidos 3.8999996 l, y su tasa de alcoholemia UBE es de : 0.14039999 En el barril quedan 6.600029 l
Javier Alcalde se ha terminado su vaso, va a por otro.
SoyJavier Alcalde me dispongo a pimplar cerveza
Javier Alcalde se ha bebido un vaso. Lleva bebidos 0.3 l, y su tasa de alcoholemia UBE es de : 0.0108 En el barril quedan 24.900013 l
Javier Alcalde se ha terminado su vaso, va a por otro.
Javier Alcalde se ha bebido un vaso. Lleva bebidos 0.6 l, y su tasa de alcoholemia UBE es de : 0.0216 En el barril quedan 21.90002 l
Javier Alcalde se ha terminado su vaso, va a por otro.
Javier Alcalde se ha bebido un vaso. Lleva bebidos 0.90000004 l, y su tasa de alcoholemia UBE es de : 0.0324 En el barril quedan 20.700024 l
Javier Alcalde se ha terminado su vaso, va a por otro.
Javier Alcalde se ha bebido un vaso. Lleva bebidos 1.2 l, y su tasa de alcoholemia UBE es de : 0.0432 En el barril quedan 18.00003 l
Javier Alcalde se ha terminado su vaso, va a por otro.
SoyJavier Alcalde me dispongo a pimplar cerveza
Javier Alcalde se ha bebido un vaso. Lleva bebidos 0.3 l, y su tasa de alcoholemia UBE es de : 0.0108 En el barril quedan 29.400002 l
Javier Alcalde se ha terminado su vaso, va a por otro.
Javier Alcalde se ha bebido un vaso. Lleva bebidos 0.6 l, y su tasa de alcoholemia UBE es de : 0.0216 En el barril quedan 24.000015 l
Javier Alcalde se ha terminado su vaso, va a por otro.
Javier Alcalde se ha bebido un vaso. Lleva bebidos 0.90000004 l, y su tasa de alcoholemia UBE es de : 0.0324 En el barril quedan 23.700016 l
Javier Alcalde se ha terminado su vaso, va a por otro.
Javier Alcalde se ha bebido un vaso. Lleva bebidos 1.2 l, y su tasa de alcoholemia UBE es de : 0.0432 En el barril quedan 20.400024 l
Javier Alcalde se ha terminado su vaso, va a por otro.
Javier Alcalde se ha bebido un vaso. Lleva bebidos 1.5 l, y su tasa de alcoholemia UBE es de : 0.054 En el barril quedan 18.00003 l
Javier Alcalde se ha terminado su vaso, va a por otro.
Javier Alcalde se ha bebido un vaso. Lleva bebidos 1.8 l, y su tasa de alcoholemia UBE es de : 0.064799994 En el barril quedan 17.700031 l
Javier Alcalde se ha terminado su vaso, va a por otro.
Javier Alcalde se ha bebido un vaso. Lleva bebidos 2.1 l, y su tasa de alcoholemia UBE es de : 0.0756 En el barril quedan 17.100033 l
Javier Alcalde se ha terminado su vaso, va a por otro.
Javier Alcalde se ha bebido un vaso. Lleva bebidos 2.3999999 l, y su tasa de alcoholemia UBE es de : 0.086399995 En el barril quedan 15.3000345 l
Javier Alcalde se ha terminado su vaso, va a por otro.
Javier Alcalde se ha bebido un vaso. Lleva bebidos 2.6999998 l, y su tasa de alcoholemia UBE es de : 0.097200006 En el barril quedan 14.100034 l
Javier Alcalde se ha terminado su vaso, va a por otro.
Javier Alcalde se ha bebido un vaso. Lleva bebidos 2.9999998 l, y su tasa de alcoholemia UBE es de : 0.107999995 En el barril quedan 11.100032 l
Javier Alcalde se ha terminado su vaso, va a por otro.
Javier Alcalde se ha bebido un vaso. Lleva bebidos 3.2999997 l, y su tasa de alcoholemia UBE es de : 0.11879999 En el barril quedan 7.2000294 l
Javier Alcalde se ha terminado su vaso, va a por otro.
Javier Alcalde se ha bebido un vaso. Lleva bebidos 3.5999997 l, y su tasa de alcoholemia UBE es de : 0.12959999 En el barril quedan 6.600029 l
Javier Alcalde se ha terminado su vaso, va a por otro.
Javier Alcalde se ha bebido un vaso. Lleva bebidos 3.8999996 l, y su tasa de alcoholemia UBE es de : 0.14039999 En el barril quedan 1.8000278 l
Javier Alcalde se ha terminado su vaso, va a por otro.
SoyJavier Alcalde me dispongo a pimplar cerveza
SoyJavier Alcalde me dispongo a pimplar cerveza
Javier Alcalde se ha bebido un vaso. Lleva bebidos 0.3 l, y su tasa de alcoholemia UBE es de : 0.0108 En el barril quedan 29.7 l
Javier Alcalde se ha terminado su vaso, va a por otro.
Javier Alcalde se ha bebido un vaso. Lleva bebidos 0.6 l, y su tasa de alcoholemia UBE es de : 0.0216 En el barril quedan 29.400002 l
Javier Alcalde se ha terminado su vaso, va a por otro.
Javier Alcalde se ha bebido un vaso. Lleva bebidos 0.90000004 l, y su tasa de alcoholemia UBE es de : 0.0324 En el barril quedan 29.100002 l
Javier Alcalde se ha terminado su vaso, va a por otro.
Javier Alcalde se ha bebido un vaso. Lleva bebidos 1.2 l, y su tasa de alcoholemia UBE es de : 0.0432 En el barril quedan 28.800003 l
Javier Alcalde se ha terminado su vaso, va a por otro.
Javier Alcalde se ha bebido un vaso. Lleva bebidos 1.5 l, y su tasa de alcoholemia UBE es de : 0.054 En el barril quedan 28.500004 l
Javier Alcalde se ha terminado su vaso, va a por otro.
Javier Alcalde se ha bebido un vaso. Lleva bebidos 1.8 l, y su tasa de alcoholemia UBE es de : 0.064799994 En el barril quedan 28.200005 l
Javier Alcalde se ha terminado su vaso, va a por otro.
Javier Alcalde se ha bebido un vaso. Lleva bebidos 2.1 l, y su tasa de alcoholemia UBE es de : 0.0756 En el barril quedan 27.900005 l
Javier Alcalde se ha terminado su vaso, va a por otro.
Javier Alcalde se ha bebido un vaso. Lleva bebidos 2.3999999 l, y su tasa de alcoholemia UBE es de : 0.086399995 En el barril quedan 27.600006 l
Javier Alcalde se ha terminado su vaso, va a por otro.
Javier Alcalde se ha bebido un vaso. Lleva bebidos 2.6999998 l, y su tasa de alcoholemia UBE es de : 0.097200006 En el barril quedan 27.300007 l
Javier Alcalde se ha terminado su vaso, va a por otro.
Javier Alcalde se ha bebido un vaso. Lleva bebidos 2.9999998 l, y su tasa de alcoholemia UBE es de : 0.107999995 En el barril quedan 27.000008 l
Javier Alcalde se ha terminado su vaso, va a por otro.
Javier Alcalde se ha bebido un vaso. Lleva bebidos 3.2999997 l, y su tasa de alcoholemia UBE es de : 0.11879999 En el barril quedan 26.700008 l
Javier Alcalde se ha terminado su vaso, va a por otro.
Javier Alcalde se ha bebido un vaso. Lleva bebidos 3.5999997 l, y su tasa de alcoholemia UBE es de : 0.12959999 En el barril quedan 26.40001 l
Javier Alcalde se ha terminado su vaso, va a por otro.
Javier Alcalde se ha bebido un vaso. Lleva bebidos 3.8999996 l, y su tasa de alcoholemia UBE es de : 0.14039999 En el barril quedan 26.10001 l
Javier Alcalde se ha terminado su vaso, va a por otro.
Javier Alcalde se ha bebido un vaso. Lleva bebidos 4.2 l, y su tasa de alcoholemia UBE es de : 0.1512 En el barril quedan 25.80001 l
Javier Alcalde se ha terminado su vaso, va a por otro.
Javier Alcalde se ha bebido un vaso. Lleva bebidos 4.5 l, y su tasa de alcoholemia UBE es de : 0.162 En el barril quedan 25.500011 l
Javier Alcalde se ha terminado su vaso, va a por otro.
Javier Alcalde se ha bebido un vaso. Lleva bebidos 4.8 l, y su tasa de alcoholemia UBE es de : 0.1728 En el barril quedan 25.200012 l
Javier Alcalde se ha terminado su vaso, va a por otro.
Javier Alcalde se ha bebido un vaso. Lleva bebidos 5.1000004 l, y su tasa de alcoholemia UBE es de : 0.18360001 En el barril quedan 24.900013 l
Javier Alcalde se ha terminado su vaso, va a por otro.
Javier Alcalde se ha bebido un vaso. Lleva bebidos 5.4000006 l, y su tasa de alcoholemia UBE es de : 0.19440003 En el barril quedan 24.600014 l
Javier Alcalde se ha terminado su vaso, va a por otro.
Javier Alcalde se ha bebido un vaso. Lleva bebidos 5.700001 l, y su tasa de alcoholemia UBE es de : 0.20520002 En el barril quedan 24.300014 l
Javier Alcalde se ha terminado su vaso, va a por otro.
Javier Alcalde se ha bebido un vaso. Lleva bebidos 6.000001 l, y su tasa de alcoholemia UBE es de : 0.21600004 En el barril quedan 24.000015 l
Javier Alcalde se ha terminado su vaso, va a por otro.
Javier Alcalde se ha bebido un vaso. Lleva bebidos 6.300001 l, y su tasa de alcoholemia UBE es de : 0.22680005 En el barril quedan 23.700016 l
Javier Alcalde se ha terminado su vaso, va a por otro.
Javier Alcalde se ha bebido un vaso. Lleva bebidos 6.6000013 l, y su tasa de alcoholemia UBE es de : 0.23760006 En el barril quedan 23.400017 l
Javier Alcalde se ha terminado su vaso, va a por otro.
Javier Alcalde se ha bebido un vaso. Lleva bebidos 6.9000015 l, y su tasa de alcoholemia UBE es de : 0.24840006 En el barril quedan 23.100018 l
Javier Alcalde se ha terminado su vaso, va a por otro.
Javier Alcalde se ha bebido un vaso. Lleva bebidos 7.2000017 l, y su tasa de alcoholemia UBE es de : 0.25920007 En el barril quedan 22.800018 l
Javier Alcalde se ha terminado su vaso, va a por otro.
Javier Alcalde se ha bebido un vaso. Lleva bebidos 7.500002 l, y su tasa de alcoholemia UBE es de : 0.27000007 En el barril quedan 22.50002 l
Javier Alcalde se ha terminado su vaso, va a por otro.
Javier Alcalde se ha bebido un vaso. Lleva bebidos 7.800002 l, y su tasa de alcoholemia UBE es de : 0.28080007 En el barril quedan 22.20002 l
Javier Alcalde se ha terminado su vaso, va a por otro.
Javier Alcalde se ha bebido un vaso. Lleva bebidos 8.100002 l, y su tasa de alcoholemia UBE es de : 0.2916001 En el barril quedan 21.90002 l
Javier Alcalde se ha terminado su vaso, va a por otro.
Javier Alcalde se ha bebido un vaso. Lleva bebidos 8.4000025 l, y su tasa de alcoholemia UBE es de : 0.30240008 En el barril quedan 21.600021 l
Javier Alcalde se ha terminado su vaso, va a por otro.
Javier Alcalde se ha bebido un vaso. Lleva bebidos 8.700003 l, y su tasa de alcoholemia UBE es de : 0.31320012 En el barril quedan 21.300022 l
Javier Alcalde se ha terminado su vaso, va a por otro.
Javier Alcalde se ha bebido un vaso. Lleva bebidos 9.000003 l, y su tasa de alcoholemia UBE es de : 0.3240001 En el barril quedan 21.000023 l
Javier Alcalde se ha terminado su vaso, va a por otro.
Javier Alcalde se ha bebido un vaso. Lleva bebidos 9.300003 l, y su tasa de alcoholemia UBE es de : 0.33480012 En el barril quedan 20.700024 l
Javier Alcalde se ha terminado su vaso, va a por otro.
Javier Alcalde se ha bebido un vaso. Lleva bebidos 9.600003 l, y su tasa de alcoholemia UBE es de : 0.34560013 En el barril quedan 20.400024 l
Javier Alcalde se ha terminado su vaso, va a por otro.
Javier Alcalde se ha bebido un vaso. Lleva bebidos 9.900003 l, y su tasa de alcoholemia UBE es de : 0.3564001 En el barril quedan 20.100025 l
Javier Alcalde se ha terminado su vaso, va a por otro.
Javier Alcalde se ha bebido un vaso. Lleva bebidos 10.200004 l, y su tasa de alcoholemia UBE es de : 0.36720014 En el barril quedan 19.800026 l
Javier Alcalde se ha terminado su vaso, va a por otro.
Javier Alcalde se ha bebido un vaso. Lleva bebidos 10.500004 l, y su tasa de alcoholemia UBE es de : 0.37800014 En el barril quedan 19.500027 l
Javier Alcalde se ha terminado su vaso, va a por otro.
Javier Alcalde se ha bebido un vaso. Lleva bebidos 10.800004 l, y su tasa de alcoholemia UBE es de : 0.38880017 En el barril quedan 19.200027 l
Javier Alcalde se ha terminado su vaso, va a por otro.
Javier Alcalde se ha bebido un vaso. Lleva bebidos 11.100004 l, y su tasa de alcoholemia UBE es de : 0.39960018 En el barril quedan 18.900028 l
Javier Alcalde se ha terminado su vaso, va a por otro.
Javier Alcalde se ha bebido un vaso. Lleva bebidos 11.400004 l, y su tasa de alcoholemia UBE es de : 0.41040015 En el barril quedan 18.600029 l
Javier Alcalde se ha terminado su vaso, va a por otro.
Javier Alcalde se ha bebido un vaso. Lleva bebidos 11.700005 l, y su tasa de alcoholemia UBE es de : 0.4212002 En el barril quedan 18.30003 l
Javier Alcalde se ha terminado su vaso, va a por otro.
Javier Alcalde se ha bebido un vaso. Lleva bebidos 12.000005 l, y su tasa de alcoholemia UBE es de : 0.4320002 En el barril quedan 18.00003 l
Javier Alcalde se ha terminado su vaso, va a por otro.
Javier Alcalde se ha bebido un vaso. Lleva bebidos 12.300005 l, y su tasa de alcoholemia UBE es de : 0.44280016 En el barril quedan 17.700031 l
Javier Alcalde se ha terminado su vaso, va a por otro.
Javier Alcalde se ha bebido un vaso. Lleva bebidos 12.600005 l, y su tasa de alcoholemia UBE es de : 0.4536002 En el barril quedan 17.400032 l
Javier Alcalde se ha terminado su vaso, va a por otro.
Javier Alcalde se ha bebido un vaso. Lleva bebidos 12.900005 l, y su tasa de alcoholemia UBE es de : 0.4644002 En el barril quedan 17.100033 l
Javier Alcalde se ha terminado su vaso, va a por otro.
Javier Alcalde se ha bebido un vaso. Lleva bebidos 13.200006 l, y su tasa de alcoholemia UBE es de : 0.4752002 En el barril quedan 16.800034 l
Javier Alcalde se ha terminado su vaso, va a por otro.
Javier Alcalde se ha bebido un vaso. Lleva bebidos 13.500006 l, y su tasa de alcoholemia UBE es de : 0.4860002 En el barril quedan 16.500034 l
Javier Alcalde se ha terminado su vaso, va a por otro.
Javier Alcalde se ha bebido un vaso. Lleva bebidos 13.800006 l, y su tasa de alcoholemia UBE es de : 0.49680018 En el barril quedan 16.200035 l
Javier Alcalde se ha terminado su vaso, va a por otro.
Javier Alcalde se ha bebido un vaso. Lleva bebidos 14.100006 l, y su tasa de alcoholemia UBE es de : 0.5076002 En el barril quedan 15.900035 l
Javier Alcalde se ha terminado su vaso, va a por otro.
Javier Alcalde se ha bebido un vaso. Lleva bebidos 14.400006 l, y su tasa de alcoholemia UBE es de : 0.51840025 En el barril quedan 15.600035 l
Javier Alcalde se ha terminado su vaso, va a por otro.
Javier Alcalde se ha bebido un vaso. Lleva bebidos 14.7000065 l, y su tasa de alcoholemia UBE es de : 0.52920026 En el barril quedan 15.3000345 l
Javier Alcalde se ha terminado su vaso, va a por otro.
Javier Alcalde se ha bebido un vaso. Lleva bebidos 15.000007 l, y su tasa de alcoholemia UBE es de : 0.54000026 En el barril quedan 15.000034 l
Javier Alcalde se ha terminado su vaso, va a por otro.
Javier Alcalde se ha bebido un vaso. Lleva bebidos 15.300007 l, y su tasa de alcoholemia UBE es de : 0.55080026 En el barril quedan 14.700034 l
Javier Alcalde se ha terminado su vaso, va a por otro.
Javier Alcalde se ha bebido un vaso. Lleva bebidos 15.600007 l, y su tasa de alcoholemia UBE es de : 0.5616003 En el barril quedan 14.400034 l
Javier Alcalde se ha terminado su vaso, va a por otro.
Javier Alcalde se ha bebido un vaso. Lleva bebidos 15.900007 l, y su tasa de alcoholemia UBE es de : 0.5724003 En el barril quedan 14.100034 l
Javier Alcalde se ha terminado su vaso, va a por otro.
Javier Alcalde se ha bebido un vaso. Lleva bebidos 16.200006 l, y su tasa de alcoholemia UBE es de : 0.5832003 En el barril quedan 13.800034 l
Javier Alcalde se ha terminado su vaso, va a por otro.
Javier Alcalde se ha bebido un vaso. Lleva bebidos 16.500006 l, y su tasa de alcoholemia UBE es de : 0.5940002 En el barril quedan 13.500033 l
Javier Alcalde se ha terminado su vaso, va a por otro.
Javier Alcalde se ha bebido un vaso. Lleva bebidos 16.800005 l, y su tasa de alcoholemia UBE es de : 0.60480016 En el barril quedan 13.200033 l
Javier Alcalde se ha terminado su vaso, va a por otro.
Javier Alcalde se ha bebido un vaso. Lleva bebidos 17.100004 l, y su tasa de alcoholemia UBE es de : 0.61560017 En el barril quedan 12.900033 l
Javier Alcalde se ha terminado su vaso, va a por otro.
Javier Alcalde se ha bebido un vaso. Lleva bebidos 17.400003 l, y su tasa de alcoholemia UBE es de : 0.6264002 En el barril quedan 12.600033 l
Javier Alcalde se ha terminado su vaso, va a por otro.
Javier Alcalde se ha bebido un vaso. Lleva bebidos 17.700003 l, y su tasa de alcoholemia UBE es de : 0.6372001 En el barril quedan 12.300033 l
Javier Alcalde se ha terminado su vaso, va a por otro.
Javier Alcalde se ha bebido un vaso. Lleva bebidos 18.000002 l, y su tasa de alcoholemia UBE es de : 0.6480001 En el barril quedan 12.000032 l
Javier Alcalde se ha terminado su vaso, va a por otro.
Javier Alcalde se ha bebido un vaso. Lleva bebidos 18.300001 l, y su tasa de alcoholemia UBE es de : 0.65880007 En el barril quedan 11.700032 l
Javier Alcalde se ha terminado su vaso, va a por otro.
Javier Alcalde se ha bebido un vaso. Lleva bebidos 18.6 l, y su tasa de alcoholemia UBE es de : 0.66960007 En el barril quedan 11.400032 l
Javier Alcalde se ha terminado su vaso, va a por otro.
Javier Alcalde se ha bebido un vaso. Lleva bebidos 18.9 l, y su tasa de alcoholemia UBE es de : 0.6804 En el barril quedan 11.100032 l
Javier Alcalde se ha terminado su vaso, va a por otro.
Javier Alcalde se ha bebido un vaso. Lleva bebidos 19.199999 l, y su tasa de alcoholemia UBE es de : 0.69119996 En el barril quedan 10.800032 l
Javier Alcalde se ha terminado su vaso, va a por otro.
Javier Alcalde se ha bebido un vaso. Lleva bebidos 19.499998 l, y su tasa de alcoholemia UBE es de : 0.70199996 En el barril quedan 10.500031 l
Javier Alcalde se ha terminado su vaso, va a por otro.
Javier Alcalde se ha bebido un vaso. Lleva bebidos 19.799997 l, y su tasa de alcoholemia UBE es de : 0.7127999 En el barril quedan 10.200031 l
Javier Alcalde se ha terminado su vaso, va a por otro.
Javier Alcalde se ha bebido un vaso. Lleva bebidos 20.099997 l, y su tasa de alcoholemia UBE es de : 0.72359985 En el barril quedan 9.900031 l
Javier Alcalde se ha terminado su vaso, va a por otro.
Javier Alcalde se ha bebido un vaso. Lleva bebidos 20.399996 l, y su tasa de alcoholemia UBE es de : 0.73439986 En el barril quedan 9.600031 l
Javier Alcalde se ha terminado su vaso, va a por otro.
Javier Alcalde se ha bebido un vaso. Lleva bebidos 20.699995 l, y su tasa de alcoholemia UBE es de : 0.7451998 En el barril quedan 9.300031 l
Javier Alcalde se ha terminado su vaso, va a por otro.
Javier Alcalde se ha bebido un vaso. Lleva bebidos 20.999994 l, y su tasa de alcoholemia UBE es de : 0.7559998 En el barril quedan 9.0000305 l
Javier Alcalde se ha terminado su vaso, va a por otro.
Javier Alcalde se ha bebido un vaso. Lleva bebidos 21.299994 l, y su tasa de alcoholemia UBE es de : 0.76679975 En el barril quedan 8.70003 l
Javier Alcalde se ha terminado su vaso, va a por otro.
Javier Alcalde se ha bebido un vaso. Lleva bebidos 21.599993 l, y su tasa de alcoholemia UBE es de : 0.7775997 En el barril quedan 8.40003 l
Javier Alcalde se ha terminado su vaso, va a por otro.
Javier Alcalde se ha bebido un vaso. Lleva bebidos 21.899992 l, y su tasa de alcoholemia UBE es de : 0.78839976 En el barril quedan 8.10003 l
Javier Alcalde se ha terminado su vaso, va a por otro.
Javier Alcalde se ha bebido un vaso. Lleva bebidos 22.199991 l, y su tasa de alcoholemia UBE es de : 0.79919976 En el barril quedan 7.8000298 l
Javier Alcalde se ha terminado su vaso, va a por otro.
Javier Alcalde se ha bebido un vaso. Lleva bebidos 22.49999 l, y su tasa de alcoholemia UBE es de : 0.80999964 En el barril quedan 7.5000296 l
Javier Alcalde se ha terminado su vaso, va a por otro.
Javier Alcalde se ha bebido un vaso. Lleva bebidos 22.79999 l, y su tasa de alcoholemia UBE es de : 0.82079965 En el barril quedan 7.2000294 l
Javier Alcalde se ha terminado su vaso, va a por otro.
Javier Alcalde se ha bebido un vaso. Lleva bebidos 23.099989 l, y su tasa de alcoholemia UBE es de : 0.83159965 En el barril quedan 6.900029 l
Javier Alcalde se ha terminado su vaso, va a por otro.
Javier Alcalde se ha bebido un vaso. Lleva bebidos 23.399988 l, y su tasa de alcoholemia UBE es de : 0.8423996 En el barril quedan 6.600029 l
Javier Alcalde se ha terminado su vaso, va a por otro.
Javier Alcalde se ha bebido un vaso. Lleva bebidos 23.699987 l, y su tasa de alcoholemia UBE es de : 0.85319954 En el barril quedan 6.300029 l
Javier Alcalde se ha terminado su vaso, va a por otro.
Javier Alcalde se ha bebido un vaso. Lleva bebidos 23.999987 l, y su tasa de alcoholemia UBE es de : 0.86399955 En el barril quedan 6.0000286 l
Javier Alcalde se ha terminado su vaso, va a por otro.
Javier Alcalde se ha bebido un vaso. Lleva bebidos 24.299986 l, y su tasa de alcoholemia UBE es de : 0.8747995 En el barril quedan 5.7000284 l
Javier Alcalde se ha terminado su vaso, va a por otro.
Javier Alcalde se ha bebido un vaso. Lleva bebidos 24.599985 l, y su tasa de alcoholemia UBE es de : 0.8855995 En el barril quedan 5.400028 l
Javier Alcalde se ha terminado su vaso, va a por otro.
Javier Alcalde se ha bebido un vaso. Lleva bebidos 24.899984 l, y su tasa de alcoholemia UBE es de : 0.89639944 En el barril quedan 5.100028 l
Javier Alcalde se ha terminado su vaso, va a por otro.
SoyJavier Alcalde me dispongo a pimplar cerveza
Javier Alcalde se ha bebido un vaso. Lleva bebidos 0.3 l, y su tasa de alcoholemia UBE es de : 0.0108 En el barril quedan 27.600006 l
Javier Alcalde se ha terminado su vaso, va a por otro.
Javier Alcalde se ha bebido un vaso. Lleva bebidos 0.6 l, y su tasa de alcoholemia UBE es de : 0.0216 En el barril quedan 27.600006 l
Javier Alcalde se ha terminado su vaso, va a por otro.
Javier Alcalde se ha bebido un vaso. Lleva bebidos 0.90000004 l, y su tasa de alcoholemia UBE es de : 0.0324 En el barril quedan 26.40001 l
Javier Alcalde se ha terminado su vaso, va a por otro.
Javier Alcalde se ha bebido un vaso. Lleva bebidos 1.2 l, y su tasa de alcoholemia UBE es de : 0.0432 En el barril quedan 24.300014 l
Javier Alcalde se ha terminado su vaso, va a por otro.
Javier Alcalde se ha bebido un vaso. Lleva bebidos 1.5 l, y su tasa de alcoholemia UBE es de : 0.054 En el barril quedan 24.000015 l
Javier Alcalde se ha terminado su vaso, va a por otro.
Javier Alcalde se ha bebido un vaso. Lleva bebidos 1.8 l, y su tasa de alcoholemia UBE es de : 0.064799994 En el barril quedan 22.800018 l
Javier Alcalde se ha terminado su vaso, va a por otro.
Javier Alcalde se ha bebido un vaso. Lleva bebidos 2.1 l, y su tasa de alcoholemia UBE es de : 0.0756 En el barril quedan 19.800026 l
Javier Alcalde se ha terminado su vaso, va a por otro.
Javier Alcalde se ha bebido un vaso. Lleva bebidos 2.3999999 l, y su tasa de alcoholemia UBE es de : 0.086399995 En el barril quedan 18.900028 l
Javier Alcalde se ha terminado su vaso, va a por otro.
Javier Alcalde se ha bebido un vaso. Lleva bebidos 2.6999998 l, y su tasa de alcoholemia UBE es de : 0.097200006 En el barril quedan 16.800034 l
Javier Alcalde se ha terminado su vaso, va a por otro.
Javier Alcalde se ha bebido un vaso. Lleva bebidos 2.9999998 l, y su tasa de alcoholemia UBE es de : 0.107999995 En el barril quedan 15.000034 l
Javier Alcalde se ha terminado su vaso, va a por otro.
SoyJavier Alcalde me dispongo a pimplar cerveza
Javier Alcalde se ha bebido un vaso. Lleva bebidos 0.3 l, y su tasa de alcoholemia UBE es de : 0.0108 En el barril quedan 29.7 l
Javier Alcalde se ha terminado su vaso, va a por otro.
Javier Alcalde se ha bebido un vaso. Lleva bebidos 0.6 l, y su tasa de alcoholemia UBE es de : 0.0216 En el barril quedan 29.400002 l
Javier Alcalde se ha terminado su vaso, va a por otro.
Javier Alcalde se ha bebido un vaso. Lleva bebidos 0.90000004 l, y su tasa de alcoholemia UBE es de : 0.0324 En el barril quedan 29.100002 l
Javier Alcalde se ha terminado su vaso, va a por otro.
Javier Alcalde se ha bebido un vaso. Lleva bebidos 1.2 l, y su tasa de alcoholemia UBE es de : 0.0432 En el barril quedan 28.800003 l
Javier Alcalde se ha terminado su vaso, va a por otro.
Javier Alcalde se ha bebido un vaso. Lleva bebidos 1.5 l, y su tasa de alcoholemia UBE es de : 0.054 En el barril quedan 28.500004 l
Javier Alcalde se ha terminado su vaso, va a por otro.
Javier Alcalde se ha bebido un vaso. Lleva bebidos 1.8 l, y su tasa de alcoholemia UBE es de : 0.064799994 En el barril quedan 28.200005 l
Javier Alcalde se ha terminado su vaso, va a por otro.
Javier Alcalde se ha bebido un vaso. Lleva bebidos 2.1 l, y su tasa de alcoholemia UBE es de : 0.0756 En el barril quedan 27.900005 l
Javier Alcalde se ha terminado su vaso, va a por otro.
Javier Alcalde se ha bebido un vaso. Lleva bebidos 2.3999999 l, y su tasa de alcoholemia UBE es de : 0.086399995 En el barril quedan 27.600006 l
Javier Alcalde se ha terminado su vaso, va a por otro.
Javier Alcalde se ha bebido un vaso. Lleva bebidos 2.6999998 l, y su tasa de alcoholemia UBE es de : 0.097200006 En el barril quedan 27.300007 l
Javier Alcalde se ha terminado su vaso, va a por otro.
Javier Alcalde se ha bebido un vaso. Lleva bebidos 2.9999998 l, y su tasa de alcoholemia UBE es de : 0.107999995 En el barril quedan 27.000008 l
Javier Alcalde se ha terminado su vaso, va a por otro.
Javier Alcalde se ha bebido un vaso. Lleva bebidos 3.2999997 l, y su tasa de alcoholemia UBE es de : 0.11879999 En el barril quedan 26.700008 l
Javier Alcalde se ha terminado su vaso, va a por otro.
Javier Alcalde se ha bebido un vaso. Lleva bebidos 3.5999997 l, y su tasa de alcoholemia UBE es de : 0.12959999 En el barril quedan 26.40001 l
Javier Alcalde se ha terminado su vaso, va a por otro.
Javier Alcalde se ha bebido un vaso. Lleva bebidos 3.8999996 l, y su tasa de alcoholemia UBE es de : 0.14039999 En el barril quedan 26.10001 l
Javier Alcalde se ha terminado su vaso, va a por otro.
Javier Alcalde se ha bebido un vaso. Lleva bebidos 4.2 l, y su tasa de alcoholemia UBE es de : 0.1512 En el barril quedan 25.80001 l
Javier Alcalde se ha terminado su vaso, va a por otro.
Javier Alcalde se ha bebido un vaso. Lleva bebidos 4.5 l, y su tasa de alcoholemia UBE es de : 0.162 En el barril quedan 25.500011 l
Javier Alcalde se ha terminado su vaso, va a por otro.
Javier Alcalde se ha bebido un vaso. Lleva bebidos 4.8 l, y su tasa de alcoholemia UBE es de : 0.1728 En el barril quedan 25.200012 l
Javier Alcalde se ha terminado su vaso, va a por otro.
Javier Alcalde se ha bebido un vaso. Lleva bebidos 5.1000004 l, y su tasa de alcoholemia UBE es de : 0.18360001 En el barril quedan 24.900013 l
Javier Alcalde se ha terminado su vaso, va a por otro.
Javier Alcalde se ha bebido un vaso. Lleva bebidos 5.4000006 l, y su tasa de alcoholemia UBE es de : 0.19440003 En el barril quedan 24.600014 l
Javier Alcalde se ha terminado su vaso, va a por otro.
Javier Alcalde se ha bebido un vaso. Lleva bebidos 5.700001 l, y su tasa de alcoholemia UBE es de : 0.20520002 En el barril quedan 24.300014 l
Javier Alcalde se ha terminado su vaso, va a por otro.
Javier Alcalde se ha bebido un vaso. Lleva bebidos 6.000001 l, y su tasa de alcoholemia UBE es de : 0.21600004 En el barril quedan 24.000015 l
Javier Alcalde se ha terminado su vaso, va a por otro.
Javier Alcalde se ha bebido un vaso. Lleva bebidos 6.300001 l, y su tasa de alcoholemia UBE es de : 0.22680005 En el barril quedan 23.700016 l
Javier Alcalde se ha terminado su vaso, va a por otro.
Javier Alcalde se ha bebido un vaso. Lleva bebidos 6.6000013 l, y su tasa de alcoholemia UBE es de : 0.23760006 En el barril quedan 23.400017 l
Javier Alcalde se ha terminado su vaso, va a por otro.
Javier Alcalde se ha bebido un vaso. Lleva bebidos 6.9000015 l, y su tasa de alcoholemia UBE es de : 0.24840006 En el barril quedan 23.100018 l
Javier Alcalde se ha terminado su vaso, va a por otro.
Javier Alcalde se ha bebido un vaso. Lleva bebidos 7.2000017 l, y su tasa de alcoholemia UBE es de : 0.25920007 En el barril quedan 22.800018 l
Javier Alcalde se ha terminado su vaso, va a por otro.
Javier Alcalde se ha bebido un vaso. Lleva bebidos 7.500002 l, y su tasa de alcoholemia UBE es de : 0.27000007 En el barril quedan 22.50002 l
Javier Alcalde se ha terminado su vaso, va a por otro.
Javier Alcalde se ha bebido un vaso. Lleva bebidos 7.800002 l, y su tasa de alcoholemia UBE es de : 0.28080007 En el barril quedan 22.20002 l
Javier Alcalde se ha terminado su vaso, va a por otro.
Javier Alcalde se ha bebido un vaso. Lleva bebidos 8.100002 l, y su tasa de alcoholemia UBE es de : 0.2916001 En el barril quedan 21.90002 l
Javier Alcalde se ha terminado su vaso, va a por otro.
Javier Alcalde se ha bebido un vaso. Lleva bebidos 8.4000025 l, y su tasa de alcoholemia UBE es de : 0.30240008 En el barril quedan 21.600021 l
Javier Alcalde se ha terminado su vaso, va a por otro.
Javier Alcalde se ha bebido un vaso. Lleva bebidos 8.700003 l, y su tasa de alcoholemia UBE es de : 0.31320012 En el barril quedan 21.300022 l
Javier Alcalde se ha terminado su vaso, va a por otro.
Javier Alcalde se ha bebido un vaso. Lleva bebidos 9.000003 l, y su tasa de alcoholemia UBE es de : 0.3240001 En el barril quedan 21.000023 l
Javier Alcalde se ha terminado su vaso, va a por otro.
Javier Alcalde se ha bebido un vaso. Lleva bebidos 9.300003 l, y su tasa de alcoholemia UBE es de : 0.33480012 En el barril quedan 20.700024 l
Javier Alcalde se ha terminado su vaso, va a por otro.
Javier Alcalde se ha bebido un vaso. Lleva bebidos 9.600003 l, y su tasa de alcoholemia UBE es de : 0.34560013 En el barril quedan 20.400024 l
Javier Alcalde se ha terminado su vaso, va a por otro.
Javier Alcalde se ha bebido un vaso. Lleva bebidos 9.900003 l, y su tasa de alcoholemia UBE es de : 0.3564001 En el barril quedan 20.100025 l
Javier Alcalde se ha terminado su vaso, va a por otro.
Javier Alcalde se ha bebido un vaso. Lleva bebidos 10.200004 l, y su tasa de alcoholemia UBE es de : 0.36720014 En el barril quedan 19.800026 l
Javier Alcalde se ha terminado su vaso, va a por otro.
Javier Alcalde se ha bebido un vaso. Lleva bebidos 10.500004 l, y su tasa de alcoholemia UBE es de : 0.37800014 En el barril quedan 19.500027 l
Javier Alcalde se ha terminado su vaso, va a por otro.
Javier Alcalde se ha bebido un vaso. Lleva bebidos 10.800004 l, y su tasa de alcoholemia UBE es de : 0.38880017 En el barril quedan 19.200027 l
Javier Alcalde se ha terminado su vaso, va a por otro.
Javier Alcalde se ha bebido un vaso. Lleva bebidos 11.100004 l, y su tasa de alcoholemia UBE es de : 0.39960018 En el barril quedan 18.900028 l
Javier Alcalde se ha terminado su vaso, va a por otro.
Javier Alcalde se ha bebido un vaso. Lleva bebidos 11.400004 l, y su tasa de alcoholemia UBE es de : 0.41040015 En el barril quedan 18.600029 l
Javier Alcalde se ha terminado su vaso, va a por otro.
Javier Alcalde se ha bebido un vaso. Lleva bebidos 11.700005 l, y su tasa de alcoholemia UBE es de : 0.4212002 En el barril quedan 18.30003 l
Javier Alcalde se ha terminado su vaso, va a por otro.
Javier Alcalde se ha bebido un vaso. Lleva bebidos 12.000005 l, y su tasa de alcoholemia UBE es de : 0.4320002 En el barril quedan 18.00003 l
Javier Alcalde se ha terminado su vaso, va a por otro.
Javier Alcalde se ha bebido un vaso. Lleva bebidos 12.300005 l, y su tasa de alcoholemia UBE es de : 0.44280016 En el barril quedan 17.700031 l
Javier Alcalde se ha terminado su vaso, va a por otro.
Javier Alcalde se ha bebido un vaso. Lleva bebidos 12.600005 l, y su tasa de alcoholemia UBE es de : 0.4536002 En el barril quedan 17.400032 l
Javier Alcalde se ha terminado su vaso, va a por otro.
Javier Alcalde se ha bebido un vaso. Lleva bebidos 12.900005 l, y su tasa de alcoholemia UBE es de : 0.4644002 En el barril quedan 17.100033 l
Javier Alcalde se ha terminado su vaso, va a por otro.
Javier Alcalde se ha bebido un vaso. Lleva bebidos 13.200006 l, y su tasa de alcoholemia UBE es de : 0.4752002 En el barril quedan 16.800034 l
Javier Alcalde se ha terminado su vaso, va a por otro.
Javier Alcalde se ha bebido un vaso. Lleva bebidos 13.500006 l, y su tasa de alcoholemia UBE es de : 0.4860002 En el barril quedan 16.500034 l
Javier Alcalde se ha terminado su vaso, va a por otro.
Javier Alcalde se ha bebido un vaso. Lleva bebidos 13.800006 l, y su tasa de alcoholemia UBE es de : 0.49680018 En el barril quedan 16.200035 l
Javier Alcalde se ha terminado su vaso, va a por otro.
Javier Alcalde se ha bebido un vaso. Lleva bebidos 14.100006 l, y su tasa de alcoholemia UBE es de : 0.5076002 En el barril quedan 15.900035 l
Javier Alcalde se ha terminado su vaso, va a por otro.
Javier Alcalde se ha bebido un vaso. Lleva bebidos 14.400006 l, y su tasa de alcoholemia UBE es de : 0.51840025 En el barril quedan 15.600035 l
Javier Alcalde se ha terminado su vaso, va a por otro.
Javier Alcalde se ha bebido un vaso. Lleva bebidos 14.7000065 l, y su tasa de alcoholemia UBE es de : 0.52920026 En el barril quedan 15.3000345 l
Javier Alcalde se ha terminado su vaso, va a por otro.
Javier Alcalde se ha bebido un vaso. Lleva bebidos 15.000007 l, y su tasa de alcoholemia UBE es de : 0.54000026 En el barril quedan 15.000034 l
Javier Alcalde se ha terminado su vaso, va a por otro.
Javier Alcalde se ha bebido un vaso. Lleva bebidos 15.300007 l, y su tasa de alcoholemia UBE es de : 0.55080026 En el barril quedan 14.700034 l
Javier Alcalde se ha terminado su vaso, va a por otro.
Javier Alcalde se ha bebido un vaso. Lleva bebidos 15.600007 l, y su tasa de alcoholemia UBE es de : 0.5616003 En el barril quedan 14.400034 l
Javier Alcalde se ha terminado su vaso, va a por otro.
Javier Alcalde se ha bebido un vaso. Lleva bebidos 15.900007 l, y su tasa de alcoholemia UBE es de : 0.5724003 En el barril quedan 14.100034 l
Javier Alcalde se ha terminado su vaso, va a por otro.
Javier Alcalde se ha bebido un vaso. Lleva bebidos 16.200006 l, y su tasa de alcoholemia UBE es de : 0.5832003 En el barril quedan 13.800034 l
Javier Alcalde se ha terminado su vaso, va a por otro.
Javier Alcalde se ha bebido un vaso. Lleva bebidos 16.500006 l, y su tasa de alcoholemia UBE es de : 0.5940002 En el barril quedan 13.500033 l
Javier Alcalde se ha terminado su vaso, va a por otro.
Javier Alcalde se ha bebido un vaso. Lleva bebidos 16.800005 l, y su tasa de alcoholemia UBE es de : 0.60480016 En el barril quedan 13.200033 l
Javier Alcalde se ha terminado su vaso, va a por otro.
Javier Alcalde se ha bebido un vaso. Lleva bebidos 17.100004 l, y su tasa de alcoholemia UBE es de : 0.61560017 En el barril quedan 12.900033 l
Javier Alcalde se ha terminado su vaso, va a por otro.
Javier Alcalde se ha bebido un vaso. Lleva bebidos 17.400003 l, y su tasa de alcoholemia UBE es de : 0.6264002 En el barril quedan 12.600033 l
Javier Alcalde se ha terminado su vaso, va a por otro.
Javier Alcalde se ha bebido un vaso. Lleva bebidos 17.700003 l, y su tasa de alcoholemia UBE es de : 0.6372001 En el barril quedan 12.300033 l
Javier Alcalde se ha terminado su vaso, va a por otro.
Javier Alcalde se ha bebido un vaso. Lleva bebidos 18.000002 l, y su tasa de alcoholemia UBE es de : 0.6480001 En el barril quedan 12.000032 l
Javier Alcalde se ha terminado su vaso, va a por otro.
Javier Alcalde se ha bebido un vaso. Lleva bebidos 18.300001 l, y su tasa de alcoholemia UBE es de : 0.65880007 En el barril quedan 11.700032 l
Javier Alcalde se ha terminado su vaso, va a por otro.
Javier Alcalde se ha bebido un vaso. Lleva bebidos 18.6 l, y su tasa de alcoholemia UBE es de : 0.66960007 En el barril quedan 11.400032 l
Javier Alcalde se ha terminado su vaso, va a por otro.
Javier Alcalde se ha bebido un vaso. Lleva bebidos 18.9 l, y su tasa de alcoholemia UBE es de : 0.6804 En el barril quedan 11.100032 l
Javier Alcalde se ha terminado su vaso, va a por otro.
Javier Alcalde se ha bebido un vaso. Lleva bebidos 19.199999 l, y su tasa de alcoholemia UBE es de : 0.69119996 En el barril quedan 10.800032 l
Javier Alcalde se ha terminado su vaso, va a por otro.
Javier Alcalde se ha bebido un vaso. Lleva bebidos 19.499998 l, y su tasa de alcoholemia UBE es de : 0.70199996 En el barril quedan 10.500031 l
Javier Alcalde se ha terminado su vaso, va a por otro.
Javier Alcalde se ha bebido un vaso. Lleva bebidos 19.799997 l, y su tasa de alcoholemia UBE es de : 0.7127999 En el barril quedan 10.200031 l
Javier Alcalde se ha terminado su vaso, va a por otro.
Javier Alcalde se ha bebido un vaso. Lleva bebidos 20.099997 l, y su tasa de alcoholemia UBE es de : 0.72359985 En el barril quedan 9.900031 l
Javier Alcalde se ha terminado su vaso, va a por otro.
Javier Alcalde se ha bebido un vaso. Lleva bebidos 20.399996 l, y su tasa de alcoholemia UBE es de : 0.73439986 En el barril quedan 9.600031 l
Javier Alcalde se ha terminado su vaso, va a por otro.
Javier Alcalde se ha bebido un vaso. Lleva bebidos 20.699995 l, y su tasa de alcoholemia UBE es de : 0.7451998 En el barril quedan 9.300031 l
Javier Alcalde se ha terminado su vaso, va a por otro.
Javier Alcalde se ha bebido un vaso. Lleva bebidos 20.999994 l, y su tasa de alcoholemia UBE es de : 0.7559998 En el barril quedan 9.0000305 l
Javier Alcalde se ha terminado su vaso, va a por otro.
Javier Alcalde se ha bebido un vaso. Lleva bebidos 21.299994 l, y su tasa de alcoholemia UBE es de : 0.76679975 En el barril quedan 8.70003 l
Javier Alcalde se ha terminado su vaso, va a por otro.
Javier Alcalde se ha bebido un vaso. Lleva bebidos 21.599993 l, y su tasa de alcoholemia UBE es de : 0.7775997 En el barril quedan 8.40003 l
Javier Alcalde se ha terminado su vaso, va a por otro.
Javier Alcalde se ha bebido un vaso. Lleva bebidos 21.899992 l, y su tasa de alcoholemia UBE es de : 0.78839976 En el barril quedan 8.10003 l
Javier Alcalde se ha terminado su vaso, va a por otro.
Javier Alcalde se ha bebido un vaso. Lleva bebidos 22.199991 l, y su tasa de alcoholemia UBE es de : 0.79919976 En el barril quedan 7.8000298 l
Javier Alcalde se ha terminado su vaso, va a por otro.
Javier Alcalde se ha bebido un vaso. Lleva bebidos 22.49999 l, y su tasa de alcoholemia UBE es de : 0.80999964 En el barril quedan 7.5000296 l
Javier Alcalde se ha terminado su vaso, va a por otro.
Javier Alcalde se ha bebido un vaso. Lleva bebidos 22.79999 l, y su tasa de alcoholemia UBE es de : 0.82079965 En el barril quedan 7.2000294 l
Javier Alcalde se ha terminado su vaso, va a por otro.
Javier Alcalde se ha bebido un vaso. Lleva bebidos 23.099989 l, y su tasa de alcoholemia UBE es de : 0.83159965 En el barril quedan 6.900029 l
Javier Alcalde se ha terminado su vaso, va a por otro.
Javier Alcalde se ha bebido un vaso. Lleva bebidos 23.399988 l, y su tasa de alcoholemia UBE es de : 0.8423996 En el barril quedan 6.600029 l
Javier Alcalde se ha terminado su vaso, va a por otro.
Javier Alcalde se ha bebido un vaso. Lleva bebidos 23.699987 l, y su tasa de alcoholemia UBE es de : 0.85319954 En el barril quedan 6.300029 l
Javier Alcalde se ha terminado su vaso, va a por otro.
Javier Alcalde se ha bebido un vaso. Lleva bebidos 23.999987 l, y su tasa de alcoholemia UBE es de : 0.86399955 En el barril quedan 6.0000286 l
Javier Alcalde se ha terminado su vaso, va a por otro.
Javier Alcalde se ha bebido un vaso. Lleva bebidos 24.299986 l, y su tasa de alcoholemia UBE es de : 0.8747995 En el barril quedan 5.7000284 l
Javier Alcalde se ha terminado su vaso, va a por otro.
Javier Alcalde se ha bebido un vaso. Lleva bebidos 24.599985 l, y su tasa de alcoholemia UBE es de : 0.8855995 En el barril quedan 5.400028 l
Javier Alcalde se ha terminado su vaso, va a por otro.
Javier Alcalde se ha bebido un vaso. Lleva bebidos 24.899984 l, y su tasa de alcoholemia UBE es de : 0.89639944 En el barril quedan 5.100028 l
Javier Alcalde se ha terminado su vaso, va a por otro.
Javier Alcalde se ha bebido un vaso. Lleva bebidos 25.199984 l, y su tasa de alcoholemia UBE es de : 0.9071994 En el barril quedan 4.800028 l
Javier Alcalde se ha terminado su vaso, va a por otro.
Javier Alcalde se ha bebido un vaso. Lleva bebidos 25.499983 l, y su tasa de alcoholemia UBE es de : 0.91799945 En el barril quedan 4.5000277 l
Javier Alcalde se ha terminado su vaso, va a por otro.
Javier Alcalde se ha bebido un vaso. Lleva bebidos 25.799982 l, y su tasa de alcoholemia UBE es de : 0.9287994 En el barril quedan 4.2000275 l
Javier Alcalde se ha terminado su vaso, va a por otro.
Javier Alcalde se ha bebido un vaso. Lleva bebidos 26.099981 l, y su tasa de alcoholemia UBE es de : 0.9395993 En el barril quedan 3.9000275 l
Javier Alcalde se ha terminado su vaso, va a por otro.
SoyJavier Alcalde me dispongo a pimplar cerveza
Javier Alcalde se ha bebido un vaso. Lleva bebidos 0.3 l, y su tasa de alcoholemia UBE es de : 0.0108 En el barril quedan 29.7 l
Javier Alcalde se ha terminado su vaso, va a por otro.
Javier Alcalde se ha bebido un vaso. Lleva bebidos 0.6 l, y su tasa de alcoholemia UBE es de : 0.0216 En el barril quedan 29.400002 l
Javier Alcalde se ha terminado su vaso, va a por otro.
Javier Alcalde se ha bebido un vaso. Lleva bebidos 0.90000004 l, y su tasa de alcoholemia UBE es de : 0.0324 En el barril quedan 29.100002 l
Javier Alcalde se ha terminado su vaso, va a por otro.
Javier Alcalde se ha bebido un vaso. Lleva bebidos 1.2 l, y su tasa de alcoholemia UBE es de : 0.0432 En el barril quedan 28.800003 l
Javier Alcalde se ha terminado su vaso, va a por otro.
Javier Alcalde se ha bebido un vaso. Lleva bebidos 1.5 l, y su tasa de alcoholemia UBE es de : 0.054 En el barril quedan 28.500004 l
Javier Alcalde se ha terminado su vaso, va a por otro.
Javier Alcalde se ha bebido un vaso. Lleva bebidos 1.8 l, y su tasa de alcoholemia UBE es de : 0.064799994 En el barril quedan 28.200005 l
Javier Alcalde se ha terminado su vaso, va a por otro.
Javier Alcalde se ha bebido un vaso. Lleva bebidos 2.1 l, y su tasa de alcoholemia UBE es de : 0.0756 En el barril quedan 27.900005 l
Javier Alcalde se ha terminado su vaso, va a por otro.
Javier Alcalde se ha bebido un vaso. Lleva bebidos 2.3999999 l, y su tasa de alcoholemia UBE es de : 0.086399995 En el barril quedan 27.600006 l
Javier Alcalde se ha terminado su vaso, va a por otro.
Javier Alcalde se ha bebido un vaso. Lleva bebidos 2.6999998 l, y su tasa de alcoholemia UBE es de : 0.097200006 En el barril quedan 27.300007 l
Javier Alcalde se ha terminado su vaso, va a por otro.
Javier Alcalde se ha bebido un vaso. Lleva bebidos 2.9999998 l, y su tasa de alcoholemia UBE es de : 0.107999995 En el barril quedan 27.000008 l
Javier Alcalde se ha terminado su vaso, va a por otro.
Javier Alcalde se ha bebido un vaso. Lleva bebidos 3.2999997 l, y su tasa de alcoholemia UBE es de : 0.11879999 En el barril quedan 26.700008 l
Javier Alcalde se ha terminado su vaso, va a por otro.
Javier Alcalde se ha bebido un vaso. Lleva bebidos 3.5999997 l, y su tasa de alcoholemia UBE es de : 0.12959999 En el barril quedan 26.40001 l
Javier Alcalde se ha terminado su vaso, va a por otro.
Javier Alcalde se ha bebido un vaso. Lleva bebidos 3.8999996 l, y su tasa de alcoholemia UBE es de : 0.14039999 En el barril quedan 26.10001 l
Javier Alcalde se ha terminado su vaso, va a por otro.
Javier Alcalde se ha bebido un vaso. Lleva bebidos 4.2 l, y su tasa de alcoholemia UBE es de : 0.1512 En el barril quedan 25.80001 l
Javier Alcalde se ha terminado su vaso, va a por otro.
Javier Alcalde se ha bebido un vaso. Lleva bebidos 4.5 l, y su tasa de alcoholemia UBE es de : 0.162 En el barril quedan 25.500011 l
Javier Alcalde se ha terminado su vaso, va a por otro.
Javier Alcalde se ha bebido un vaso. Lleva bebidos 4.8 l, y su tasa de alcoholemia UBE es de : 0.1728 En el barril quedan 25.200012 l
Javier Alcalde se ha terminado su vaso, va a por otro.
Javier Alcalde se ha bebido un vaso. Lleva bebidos 5.1000004 l, y su tasa de alcoholemia UBE es de : 0.18360001 En el barril quedan 24.900013 l
Javier Alcalde se ha terminado su vaso, va a por otro.
Javier Alcalde se ha bebido un vaso. Lleva bebidos 5.4000006 l, y su tasa de alcoholemia UBE es de : 0.19440003 En el barril quedan 24.600014 l
Javier Alcalde se ha terminado su vaso, va a por otro.
Javier Alcalde se ha bebido un vaso. Lleva bebidos 5.700001 l, y su tasa de alcoholemia UBE es de : 0.20520002 En el barril quedan 24.300014 l
Javier Alcalde se ha terminado su vaso, va a por otro.
Javier Alcalde se ha bebido un vaso. Lleva bebidos 6.000001 l, y su tasa de alcoholemia UBE es de : 0.21600004 En el barril quedan 24.000015 l
Javier Alcalde se ha terminado su vaso, va a por otro.
Javier Alcalde se ha bebido un vaso. Lleva bebidos 6.300001 l, y su tasa de alcoholemia UBE es de : 0.22680005 En el barril quedan 23.700016 l
Javier Alcalde se ha terminado su vaso, va a por otro.
Javier Alcalde se ha bebido un vaso. Lleva bebidos 6.6000013 l, y su tasa de alcoholemia UBE es de : 0.23760006 En el barril quedan 23.400017 l
Javier Alcalde se ha terminado su vaso, va a por otro.
Javier Alcalde se ha bebido un vaso. Lleva bebidos 6.9000015 l, y su tasa de alcoholemia UBE es de : 0.24840006 En el barril quedan 23.100018 l
Javier Alcalde se ha terminado su vaso, va a por otro.
Javier Alcalde se ha bebido un vaso. Lleva bebidos 7.2000017 l, y su tasa de alcoholemia UBE es de : 0.25920007 En el barril quedan 22.800018 l
Javier Alcalde se ha terminado su vaso, va a por otro.
Javier Alcalde se ha bebido un vaso. Lleva bebidos 7.500002 l, y su tasa de alcoholemia UBE es de : 0.27000007 En el barril quedan 22.50002 l
Javier Alcalde se ha terminado su vaso, va a por otro.
Javier Alcalde se ha bebido un vaso. Lleva bebidos 7.800002 l, y su tasa de alcoholemia UBE es de : 0.28080007 En el barril quedan 22.20002 l
Javier Alcalde se ha terminado su vaso, va a por otro.
Javier Alcalde se ha bebido un vaso. Lleva bebidos 8.100002 l, y su tasa de alcoholemia UBE es de : 0.2916001 En el barril quedan 21.90002 l
Javier Alcalde se ha terminado su vaso, va a por otro.
Javier Alcalde se ha bebido un vaso. Lleva bebidos 8.4000025 l, y su tasa de alcoholemia UBE es de : 0.30240008 En el barril quedan 21.600021 l
Javier Alcalde se ha terminado su vaso, va a por otro.
Javier Alcalde se ha bebido un vaso. Lleva bebidos 8.700003 l, y su tasa de alcoholemia UBE es de : 0.31320012 En el barril quedan 21.300022 l
Javier Alcalde se ha terminado su vaso, va a por otro.
Javier Alcalde se ha bebido un vaso. Lleva bebidos 9.000003 l, y su tasa de alcoholemia UBE es de : 0.3240001 En el barril quedan 21.000023 l
Javier Alcalde se ha terminado su vaso, va a por otro.
Javier Alcalde se ha bebido un vaso. Lleva bebidos 9.300003 l, y su tasa de alcoholemia UBE es de : 0.33480012 En el barril quedan 20.700024 l
Javier Alcalde se ha terminado su vaso, va a por otro.
Javier Alcalde se ha bebido un vaso. Lleva bebidos 9.600003 l, y su tasa de alcoholemia UBE es de : 0.34560013 En el barril quedan 20.400024 l
Javier Alcalde se ha terminado su vaso, va a por otro.
Javier Alcalde se ha bebido un vaso. Lleva bebidos 9.900003 l, y su tasa de alcoholemia UBE es de : 0.3564001 En el barril quedan 20.100025 l
Javier Alcalde se ha terminado su vaso, va a por otro.
Javier Alcalde se ha bebido un vaso. Lleva bebidos 10.200004 l, y su tasa de alcoholemia UBE es de : 0.36720014 En el barril quedan 19.800026 l
Javier Alcalde se ha terminado su vaso, va a por otro.
Javier Alcalde se ha bebido un vaso. Lleva bebidos 10.500004 l, y su tasa de alcoholemia UBE es de : 0.37800014 En el barril quedan 19.500027 l
Javier Alcalde se ha terminado su vaso, va a por otro.
Javier Alcalde se ha bebido un vaso. Lleva bebidos 10.800004 l, y su tasa de alcoholemia UBE es de : 0.38880017 En el barril quedan 19.200027 l
Javier Alcalde se ha terminado su vaso, va a por otro.
Javier Alcalde se ha bebido un vaso. Lleva bebidos 11.100004 l, y su tasa de alcoholemia UBE es de : 0.39960018 En el barril quedan 18.900028 l
Javier Alcalde se ha terminado su vaso, va a por otro.
Javier Alcalde se ha bebido un vaso. Lleva bebidos 11.400004 l, y su tasa de alcoholemia UBE es de : 0.41040015 En el barril quedan 18.600029 l
Javier Alcalde se ha terminado su vaso, va a por otro.
Javier Alcalde se ha bebido un vaso. Lleva bebidos 11.700005 l, y su tasa de alcoholemia UBE es de : 0.4212002 En el barril quedan 18.30003 l
Javier Alcalde se ha terminado su vaso, va a por otro.
Javier Alcalde se ha bebido un vaso. Lleva bebidos 12.000005 l, y su tasa de alcoholemia UBE es de : 0.4320002 En el barril quedan 18.00003 l
Javier Alcalde se ha terminado su vaso, va a por otro.
Javier Alcalde se ha bebido un vaso. Lleva bebidos 12.300005 l, y su tasa de alcoholemia UBE es de : 0.44280016 En el barril quedan 17.700031 l
Javier Alcalde se ha terminado su vaso, va a por otro.
Javier Alcalde se ha bebido un vaso. Lleva bebidos 12.600005 l, y su tasa de alcoholemia UBE es de : 0.4536002 En el barril quedan 17.400032 l
Javier Alcalde se ha terminado su vaso, va a por otro.
Javier Alcalde se ha bebido un vaso. Lleva bebidos 12.900005 l, y su tasa de alcoholemia UBE es de : 0.4644002 En el barril quedan 17.100033 l
Javier Alcalde se ha terminado su vaso, va a por otro.
Javier Alcalde se ha bebido un vaso. Lleva bebidos 13.200006 l, y su tasa de alcoholemia UBE es de : 0.4752002 En el barril quedan 16.800034 l
Javier Alcalde se ha terminado su vaso, va a por otro.
Javier Alcalde se ha bebido un vaso. Lleva bebidos 13.500006 l, y su tasa de alcoholemia UBE es de : 0.4860002 En el barril quedan 16.500034 l
Javier Alcalde se ha terminado su vaso, va a por otro.
Javier Alcalde se ha bebido un vaso. Lleva bebidos 13.800006 l, y su tasa de alcoholemia UBE es de : 0.49680018 En el barril quedan 16.200035 l
Javier Alcalde se ha terminado su vaso, va a por otro.
Javier Alcalde se ha bebido un vaso. Lleva bebidos 14.100006 l, y su tasa de alcoholemia UBE es de : 0.5076002 En el barril quedan 15.900035 l
Javier Alcalde se ha terminado su vaso, va a por otro.
Javier Alcalde se ha bebido un vaso. Lleva bebidos 14.400006 l, y su tasa de alcoholemia UBE es de : 0.51840025 En el barril quedan 15.600035 l
Javier Alcalde se ha terminado su vaso, va a por otro.
Javier Alcalde se ha bebido un vaso. Lleva bebidos 14.7000065 l, y su tasa de alcoholemia UBE es de : 0.52920026 En el barril quedan 15.3000345 l
Javier Alcalde se ha terminado su vaso, va a por otro.
Javier Alcalde se ha bebido un vaso. Lleva bebidos 15.000007 l, y su tasa de alcoholemia UBE es de : 0.54000026 En el barril quedan 15.000034 l
Javier Alcalde se ha terminado su vaso, va a por otro.
Javier Alcalde se ha bebido un vaso. Lleva bebidos 15.300007 l, y su tasa de alcoholemia UBE es de : 0.55080026 En el barril quedan 14.700034 l
Javier Alcalde se ha terminado su vaso, va a por otro.
Javier Alcalde se ha bebido un vaso. Lleva bebidos 15.600007 l, y su tasa de alcoholemia UBE es de : 0.5616003 En el barril quedan 14.400034 l
Javier Alcalde se ha terminado su vaso, va a por otro.
Javier Alcalde se ha bebido un vaso. Lleva bebidos 15.900007 l, y su tasa de alcoholemia UBE es de : 0.5724003 En el barril quedan 14.100034 l
Javier Alcalde se ha terminado su vaso, va a por otro.
Javier Alcalde se ha bebido un vaso. Lleva bebidos 16.200006 l, y su tasa de alcoholemia UBE es de : 0.5832003 En el barril quedan 13.800034 l
Javier Alcalde se ha terminado su vaso, va a por otro.
Javier Alcalde se ha bebido un vaso. Lleva bebidos 16.500006 l, y su tasa de alcoholemia UBE es de : 0.5940002 En el barril quedan 13.500033 l
Javier Alcalde se ha terminado su vaso, va a por otro.
Javier Alcalde se ha bebido un vaso. Lleva bebidos 16.800005 l, y su tasa de alcoholemia UBE es de : 0.60480016 En el barril quedan 13.200033 l
Javier Alcalde se ha terminado su vaso, va a por otro.
Javier Alcalde se ha bebido un vaso. Lleva bebidos 17.100004 l, y su tasa de alcoholemia UBE es de : 0.61560017 En el barril quedan 12.900033 l
Javier Alcalde se ha terminado su vaso, va a por otro.
Javier Alcalde se ha bebido un vaso. Lleva bebidos 17.400003 l, y su tasa de alcoholemia UBE es de : 0.6264002 En el barril quedan 12.600033 l
Javier Alcalde se ha terminado su vaso, va a por otro.
Javier Alcalde se ha bebido un vaso. Lleva bebidos 17.700003 l, y su tasa de alcoholemia UBE es de : 0.6372001 En el barril quedan 12.300033 l
Javier Alcalde se ha terminado su vaso, va a por otro.
Javier Alcalde se ha bebido un vaso. Lleva bebidos 18.000002 l, y su tasa de alcoholemia UBE es de : 0.6480001 En el barril quedan 12.000032 l
Javier Alcalde se ha terminado su vaso, va a por otro.
Javier Alcalde se ha bebido un vaso. Lleva bebidos 18.300001 l, y su tasa de alcoholemia UBE es de : 0.65880007 En el barril quedan 11.700032 l
Javier Alcalde se ha terminado su vaso, va a por otro.
Javier Alcalde se ha bebido un vaso. Lleva bebidos 18.6 l, y su tasa de alcoholemia UBE es de : 0.66960007 En el barril quedan 11.400032 l
Javier Alcalde se ha terminado su vaso, va a por otro.
Javier Alcalde se ha bebido un vaso. Lleva bebidos 18.9 l, y su tasa de alcoholemia UBE es de : 0.6804 En el barril quedan 11.100032 l
Javier Alcalde se ha terminado su vaso, va a por otro.
Javier Alcalde se ha bebido un vaso. Lleva bebidos 19.199999 l, y su tasa de alcoholemia UBE es de : 0.69119996 En el barril quedan 10.800032 l
Javier Alcalde se ha terminado su vaso, va a por otro.
Javier Alcalde se ha bebido un vaso. Lleva bebidos 19.499998 l, y su tasa de alcoholemia UBE es de : 0.70199996 En el barril quedan 10.500031 l
Javier Alcalde se ha terminado su vaso, va a por otro.
Javier Alcalde se ha bebido un vaso. Lleva bebidos 19.799997 l, y su tasa de alcoholemia UBE es de : 0.7127999 En el barril quedan 10.200031 l
Javier Alcalde se ha terminado su vaso, va a por otro.
Javier Alcalde se ha bebido un vaso. Lleva bebidos 20.099997 l, y su tasa de alcoholemia UBE es de : 0.72359985 En el barril quedan 9.900031 l
Javier Alcalde se ha terminado su vaso, va a por otro.
Javier Alcalde se ha bebido un vaso. Lleva bebidos 20.399996 l, y su tasa de alcoholemia UBE es de : 0.73439986 En el barril quedan 9.600031 l
Javier Alcalde se ha terminado su vaso, va a por otro.
Javier Alcalde se ha bebido un vaso. Lleva bebidos 20.699995 l, y su tasa de alcoholemia UBE es de : 0.7451998 En el barril quedan 9.300031 l
Javier Alcalde se ha terminado su vaso, va a por otro.
Javier Alcalde se ha bebido un vaso. Lleva bebidos 20.999994 l, y su tasa de alcoholemia UBE es de : 0.7559998 En el barril quedan 9.0000305 l
Javier Alcalde se ha terminado su vaso, va a por otro.
Javier Alcalde se ha bebido un vaso. Lleva bebidos 21.299994 l, y su tasa de alcoholemia UBE es de : 0.76679975 En el barril quedan 8.70003 l
Javier Alcalde se ha terminado su vaso, va a por otro.
Javier Alcalde se ha bebido un vaso. Lleva bebidos 21.599993 l, y su tasa de alcoholemia UBE es de : 0.7775997 En el barril quedan 8.40003 l
Javier Alcalde se ha terminado su vaso, va a por otro.
Javier Alcalde se ha bebido un vaso. Lleva bebidos 21.899992 l, y su tasa de alcoholemia UBE es de : 0.78839976 En el barril quedan 8.10003 l
Javier Alcalde se ha terminado su vaso, va a por otro.
Javier Alcalde se ha bebido un vaso. Lleva bebidos 22.199991 l, y su tasa de alcoholemia UBE es de : 0.79919976 En el barril quedan 7.8000298 l
Javier Alcalde se ha terminado su vaso, va a por otro.
Javier Alcalde se ha bebido un vaso. Lleva bebidos 22.49999 l, y su tasa de alcoholemia UBE es de : 0.80999964 En el barril quedan 7.5000296 l
Javier Alcalde se ha terminado su vaso, va a por otro.
Javier Alcalde se ha bebido un vaso. Lleva bebidos 22.79999 l, y su tasa de alcoholemia UBE es de : 0.82079965 En el barril quedan 7.2000294 l
Javier Alcalde se ha terminado su vaso, va a por otro.
Javier Alcalde se ha bebido un vaso. Lleva bebidos 23.099989 l, y su tasa de alcoholemia UBE es de : 0.83159965 En el barril quedan 6.900029 l
Javier Alcalde se ha terminado su vaso, va a por otro.
Javier Alcalde se ha bebido un vaso. Lleva bebidos 23.399988 l, y su tasa de alcoholemia UBE es de : 0.8423996 En el barril quedan 6.600029 l
Javier Alcalde se ha terminado su vaso, va a por otro.
Javier Alcalde se ha bebido un vaso. Lleva bebidos 23.699987 l, y su tasa de alcoholemia UBE es de : 0.85319954 En el barril quedan 6.300029 l
Javier Alcalde se ha terminado su vaso, va a por otro.
Javier Alcalde se ha bebido un vaso. Lleva bebidos 23.999987 l, y su tasa de alcoholemia UBE es de : 0.86399955 En el barril quedan 6.0000286 l
Javier Alcalde se ha terminado su vaso, va a por otro.
Javier Alcalde se ha bebido un vaso. Lleva bebidos 24.299986 l, y su tasa de alcoholemia UBE es de : 0.8747995 En el barril quedan 5.7000284 l
Javier Alcalde se ha terminado su vaso, va a por otro.
Javier Alcalde se ha bebido un vaso. Lleva bebidos 24.599985 l, y su tasa de alcoholemia UBE es de : 0.8855995 En el barril quedan 5.400028 l
Javier Alcalde se ha terminado su vaso, va a por otro.
Javier Alcalde se ha bebido un vaso. Lleva bebidos 24.899984 l, y su tasa de alcoholemia UBE es de : 0.89639944 En el barril quedan 5.100028 l
Javier Alcalde se ha terminado su vaso, va a por otro.
Javier Alcalde se ha bebido un vaso. Lleva bebidos 25.199984 l, y su tasa de alcoholemia UBE es de : 0.9071994 En el barril quedan 4.800028 l
Javier Alcalde se ha terminado su vaso, va a por otro.
SoyJavier Alcalde me dispongo a pimplar cerveza
Javier Alcalde se ha bebido un vaso. Lleva bebidos 0.3 l, y su tasa de alcoholemia UBE es de : 0.0108 En el barril quedan 29.400002 l
Javier Alcalde se ha terminado su vaso, va a por otro.
Javier Alcalde se ha bebido un vaso. Lleva bebidos 0.6 l, y su tasa de alcoholemia UBE es de : 0.0216 En el barril quedan 29.100002 l
Javier Alcalde se ha terminado su vaso, va a por otro.
Javier Alcalde se ha bebido un vaso. Lleva bebidos 0.90000004 l, y su tasa de alcoholemia UBE es de : 0.0324 En el barril quedan 28.500004 l
Javier Alcalde se ha terminado su vaso, va a por otro.
Javier Alcalde se ha bebido un vaso. Lleva bebidos 1.2 l, y su tasa de alcoholemia UBE es de : 0.0432 En el barril quedan 26.40001 l
Javier Alcalde se ha terminado su vaso, va a por otro.
Javier Alcalde se ha bebido un vaso. Lleva bebidos 1.5 l, y su tasa de alcoholemia UBE es de : 0.054 En el barril quedan 23.700016 l
Javier Alcalde se ha terminado su vaso, va a por otro.
Javier Alcalde se ha bebido un vaso. Lleva bebidos 1.8 l, y su tasa de alcoholemia UBE es de : 0.064799994 En el barril quedan 17.100033 l
Javier Alcalde se ha terminado su vaso, va a por otro.
Javier Alcalde se ha bebido un vaso. Lleva bebidos 2.1 l, y su tasa de alcoholemia UBE es de : 0.0756 En el barril quedan 15.900035 l
Javier Alcalde se ha terminado su vaso, va a por otro.
Javier Alcalde se ha bebido un vaso. Lleva bebidos 2.3999999 l, y su tasa de alcoholemia UBE es de : 0.086399995 En el barril quedan 15.600035 l
Javier Alcalde se ha terminado su vaso, va a por otro.
Javier Alcalde se ha bebido un vaso. Lleva bebidos 2.6999998 l, y su tasa de alcoholemia UBE es de : 0.097200006 En el barril quedan 13.200033 l
Javier Alcalde se ha terminado su vaso, va a por otro.
Javier Alcalde se ha bebido un vaso. Lleva bebidos 2.9999998 l, y su tasa de alcoholemia UBE es de : 0.107999995 En el barril quedan 12.600033 l
Javier Alcalde se ha terminado su vaso, va a por otro.
Javier Alcalde se ha bebido un vaso. Lleva bebidos 3.2999997 l, y su tasa de alcoholemia UBE es de : 0.11879999 En el barril quedan 11.700032 l
Javier Alcalde se ha terminado su vaso, va a por otro.
Javier Alcalde se ha bebido un vaso. Lleva bebidos 3.5999997 l, y su tasa de alcoholemia UBE es de : 0.12959999 En el barril quedan 9.300031 l
Javier Alcalde se ha terminado su vaso, va a por otro.
Javier Alcalde se ha bebido un vaso. Lleva bebidos 3.8999996 l, y su tasa de alcoholemia UBE es de : 0.14039999 En el barril quedan 9.0000305 l
Javier Alcalde se ha terminado su vaso, va a por otro.
Javier Alcalde se ha bebido un vaso. Lleva bebidos 4.2 l, y su tasa de alcoholemia UBE es de : 0.1512 En el barril quedan 7.5000296 l
Javier Alcalde se ha terminado su vaso, va a por otro.
Javier Alcalde se ha bebido un vaso. Lleva bebidos 4.5 l, y su tasa de alcoholemia UBE es de : 0.162 En el barril quedan 6.0000286 l
Javier Alcalde se ha terminado su vaso, va a por otro.
Javier Alcalde se ha bebido un vaso. Lleva bebidos 4.8 l, y su tasa de alcoholemia UBE es de : 0.1728 En el barril quedan 5.400028 l
Javier Alcalde se ha terminado su vaso, va a por otro.
Javier Alcalde se ha bebido un vaso. Lleva bebidos 5.1000004 l, y su tasa de alcoholemia UBE es de : 0.18360001 En el barril quedan 2.4000278 l
Javier Alcalde se ha terminado su vaso, va a por otro.
SoyJavier Alcalde me dispongo a pimplar cerveza
Javier Alcalde se ha bebido un vaso. Lleva bebidos 0.3 l, y su tasa de alcoholemia UBE es de : 0.0108 En el barril quedan 27.300007 l
Javier Alcalde se ha terminado su vaso, va a por otro.
Javier Alcalde se ha bebido un vaso. Lleva bebidos 0.6 l, y su tasa de alcoholemia UBE es de : 0.0216 En el barril quedan 24.900013 l
Javier Alcalde se ha terminado su vaso, va a por otro.
Javier Alcalde se ha bebido un vaso. Lleva bebidos 0.90000004 l, y su tasa de alcoholemia UBE es de : 0.0324 En el barril quedan 21.000023 l
Javier Alcalde se ha terminado su vaso, va a por otro.
Javier Alcalde se ha bebido un vaso. Lleva bebidos 1.2 l, y su tasa de alcoholemia UBE es de : 0.0432 En el barril quedan 18.900028 l
Javier Alcalde se ha terminado su vaso, va a por otro.
Javier Alcalde se ha bebido un vaso. Lleva bebidos 1.5 l, y su tasa de alcoholemia UBE es de : 0.054 En el barril quedan 15.3000345 l
Javier Alcalde se ha terminado su vaso, va a por otro.
Javier Alcalde se ha bebido un vaso. Lleva bebidos 1.8 l, y su tasa de alcoholemia UBE es de : 0.064799994 En el barril quedan 12.300033 l
Javier Alcalde se ha terminado su vaso, va a por otro.
Javier Alcalde se ha bebido un vaso. Lleva bebidos 2.1 l, y su tasa de alcoholemia UBE es de : 0.0756 En el barril quedan 10.800032 l
Javier Alcalde se ha terminado su vaso, va a por otro.
Javier Alcalde se ha bebido un vaso. Lleva bebidos 2.3999999 l, y su tasa de alcoholemia UBE es de : 0.086399995 En el barril quedan 9.900031 l
Javier Alcalde se ha terminado su vaso, va a por otro.
Javier Alcalde se ha bebido un vaso. Lleva bebidos 2.6999998 l, y su tasa de alcoholemia UBE es de : 0.097200006 En el barril quedan 8.70003 l
Javier Alcalde se ha terminado su vaso, va a por otro.
Javier Alcalde se ha bebido un vaso. Lleva bebidos 2.9999998 l, y su tasa de alcoholemia UBE es de : 0.107999995 En el barril quedan 6.600029 l
Javier Alcalde se ha terminado su vaso, va a por otro.
Javier Alcalde se ha bebido un vaso. Lleva bebidos 3.2999997 l, y su tasa de alcoholemia UBE es de : 0.11879999 En el barril quedan 5.400028 l
Javier Alcalde se ha terminado su vaso, va a por otro.
Javier Alcalde se ha bebido un vaso. Lleva bebidos 3.5999997 l, y su tasa de alcoholemia UBE es de : 0.12959999 En el barril quedan 3.6000276 l
Javier Alcalde se ha terminado su vaso, va a por otro.
Javier Alcalde se ha bebido un vaso. Lleva bebidos 3.8999996 l, y su tasa de alcoholemia UBE es de : 0.14039999 En el barril quedan 2.7000277 l
Javier Alcalde se ha terminado su vaso, va a por otro.
Javier Alcalde se ha bebido un vaso. Lleva bebidos 4.2 l, y su tasa de alcoholemia UBE es de : 0.1512 En el barril quedan 2.1000278 l
Javier Alcalde se ha terminado su vaso, va a por otro.
Javier Alcalde se ha bebido un vaso. Lleva bebidos 4.5 l, y su tasa de alcoholemia UBE es de : 0.162 En el barril quedan 2.7906895E-5 l
Javier Alcalde se ha terminado su vaso, va a por otro.
SoyJavier Alcalde me dispongo a pimplar cerveza
Javier Alcalde se ha bebido un vaso. Lleva bebidos 0.3 l, y su tasa de alcoholemia UBE es de : 0.0108 En el barril quedan 29.400002 l
Javier Alcalde se ha terminado su vaso, va a por otro.
Javier Alcalde se ha bebido un vaso. Lleva bebidos 0.6 l, y su tasa de alcoholemia UBE es de : 0.0216 En el barril quedan 29.100002 l
Javier Alcalde se ha terminado su vaso, va a por otro.
Javier Alcalde se ha bebido un vaso. Lleva bebidos 0.90000004 l, y su tasa de alcoholemia UBE es de : 0.0324 En el barril quedan 27.900005 l
Javier Alcalde se ha terminado su vaso, va a por otro.
Javier Alcalde se ha bebido un vaso. Lleva bebidos 1.2 l, y su tasa de alcoholemia UBE es de : 0.0432 En el barril quedan 23.400017 l
Javier Alcalde se ha terminado su vaso, va a por otro.
SoyJavier Alcalde me dispongo a pimplar cerveza
Javier Alcalde se ha bebido un vaso. Lleva bebidos 0.3 l, y su tasa de alcoholemia UBE es de : 0.0108 En el barril quedan 28.500004 l
Javier Alcalde se ha terminado su vaso, va a por otro.
Javier Alcalde se ha bebido un vaso. Lleva bebidos 0.6 l, y su tasa de alcoholemia UBE es de : 0.0216 En el barril quedan 27.600006 l
Javier Alcalde se ha terminado su vaso, va a por otro.
Javier Alcalde se ha bebido un vaso. Lleva bebidos 0.90000004 l, y su tasa de alcoholemia UBE es de : 0.0324 En el barril quedan 26.40001 l
Javier Alcalde se ha terminado su vaso, va a por otro.
Javier Alcalde se ha bebido un vaso. Lleva bebidos 1.2 l, y su tasa de alcoholemia UBE es de : 0.0432 En el barril quedan 24.900013 l
Javier Alcalde se ha terminado su vaso, va a por otro.
Javier Alcalde se ha bebido un vaso. Lleva bebidos 1.5 l, y su tasa de alcoholemia UBE es de : 0.054 En el barril quedan 22.800018 l
Javier Alcalde se ha terminado su vaso, va a por otro.
Javier Alcalde se ha bebido un vaso. Lleva bebidos 1.8 l, y su tasa de alcoholemia UBE es de : 0.064799994 En el barril quedan 20.100025 l
Javier Alcalde se ha terminado su vaso, va a por otro.
Javier Alcalde se ha bebido un vaso. Lleva bebidos 2.1 l, y su tasa de alcoholemia UBE es de : 0.0756 En el barril quedan 19.500027 l
Javier Alcalde se ha terminado su vaso, va a por otro.
Javier Alcalde se ha bebido un vaso. Lleva bebidos 2.3999999 l, y su tasa de alcoholemia UBE es de : 0.086399995 En el barril quedan 17.400032 l
Javier Alcalde se ha terminado su vaso, va a por otro.
Javier Alcalde se ha bebido un vaso. Lleva bebidos 2.6999998 l, y su tasa de alcoholemia UBE es de : 0.097200006 En el barril quedan 14.700034 l
Javier Alcalde se ha terminado su vaso, va a por otro.
Javier Alcalde se ha bebido un vaso. Lleva bebidos 2.9999998 l, y su tasa de alcoholemia UBE es de : 0.107999995 En el barril quedan 13.800034 l
Javier Alcalde se ha terminado su vaso, va a por otro.
Javier Alcalde se ha bebido un vaso. Lleva bebidos 3.2999997 l, y su tasa de alcoholemia UBE es de : 0.11879999 En el barril quedan 11.700032 l
Javier Alcalde se ha terminado su vaso, va a por otro.
Javier Alcalde se ha bebido un vaso. Lleva bebidos 3.5999997 l, y su tasa de alcoholemia UBE es de : 0.12959999 En el barril quedan 9.300031 l
Javier Alcalde se ha terminado su vaso, va a por otro.
Javier Alcalde se ha bebido un vaso. Lleva bebidos 3.8999996 l, y su tasa de alcoholemia UBE es de : 0.14039999 En el barril quedan 8.40003 l
Javier Alcalde se ha terminado su vaso, va a por otro.
Javier Alcalde se ha bebido un vaso. Lleva bebidos 4.2 l, y su tasa de alcoholemia UBE es de : 0.1512 En el barril quedan 6.600029 l
Javier Alcalde se ha terminado su vaso, va a por otro.
Javier Alcalde se ha bebido un vaso. Lleva bebidos 4.5 l, y su tasa de alcoholemia UBE es de : 0.162 En el barril quedan 4.5000277 l
Javier Alcalde se ha terminado su vaso, va a por otro.
Javier Alcalde se ha bebido un vaso. Lleva bebidos 4.8 l, y su tasa de alcoholemia UBE es de : 0.1728 En el barril quedan 2.1000278 l
Javier Alcalde se ha terminado su vaso, va a por otro.
SoyJavier Alcalde me dispongo a pimplar cerveza
Javier Alcalde se ha bebido un vaso. Lleva bebidos 0.3 l, y su tasa de alcoholemia UBE es de : 0.0108 En el barril quedan 25.80001 l
Javier Alcalde se ha terminado su vaso, va a por otro.
Javier Alcalde se ha bebido un vaso. Lleva bebidos 0.6 l, y su tasa de alcoholemia UBE es de : 0.0216 En el barril quedan 24.600014 l
Javier Alcalde se ha terminado su vaso, va a por otro.
SoyJavier Alcalde me dispongo a pimplar cerveza
Javier Alcalde se ha bebido un vaso. Lleva bebidos 0.3 l, y su tasa de alcoholemia UBE es de : 1.0800002 En el barril quedan 29.7 l
Javier Alcalde se ha terminado su vaso, va a por otro.
Javier Alcalde se ha bebido un vaso. Lleva bebidos 0.6 l, y su tasa de alcoholemia UBE es de : 2.1600003 En el barril quedan 28.800003 l
Javier Alcalde se ha terminado su vaso, va a por otro.
Javier Alcalde se ha bebido un vaso. Lleva bebidos 0.90000004 l, y su tasa de alcoholemia UBE es de : 3.24 En el barril quedan 27.300007 l
Javier Alcalde se ha terminado su vaso, va a por otro.
Javier Alcalde se ha bebido un vaso. Lleva bebidos 1.2 l, y su tasa de alcoholemia UBE es de : 4.3200006 En el barril quedan 23.700016 l
Javier Alcalde se ha terminado su vaso, va a por otro.
SoyJavier Alcalde me dispongo a pimplar cerveza
Javier Alcalde se ha bebido un vaso. Lleva bebidos 0.3 l, y su tasa de alcoholemia UBE es de : 0.10800002 En el barril quedan 29.7 l
Javier Alcalde se ha terminado su vaso, va a por otro.
Javier Alcalde se ha bebido un vaso. Lleva bebidos 0.6 l, y su tasa de alcoholemia UBE es de : 0.21600004 En el barril quedan 29.400002 l
Javier Alcalde se ha terminado su vaso, va a por otro.
Javier Alcalde se ha bebido un vaso. Lleva bebidos 0.90000004 l, y su tasa de alcoholemia UBE es de : 0.324 En el barril quedan 27.000008 l
Javier Alcalde se ha terminado su vaso, va a por otro.
Javier Alcalde se ha bebido un vaso. Lleva bebidos 1.2 l, y su tasa de alcoholemia UBE es de : 0.43200007 En el barril quedan 25.500011 l
Javier Alcalde se ha terminado su vaso, va a por otro.
Javier Alcalde se ha bebido un vaso. Lleva bebidos 1.5 l, y su tasa de alcoholemia UBE es de : 0.54 En el barril quedan 23.400017 l
Javier Alcalde se ha terminado su vaso, va a por otro.
Javier Alcalde se ha bebido un vaso. Lleva bebidos 1.8 l, y su tasa de alcoholemia UBE es de : 0.648 En el barril quedan 20.100025 l
Javier Alcalde se ha terminado su vaso, va a por otro.
Javier Alcalde se ha bebido un vaso. Lleva bebidos 2.1 l, y su tasa de alcoholemia UBE es de : 0.7559999 En el barril quedan 17.100033 l
Javier Alcalde se ha terminado su vaso, va a por otro.
Javier Alcalde se ha bebido un vaso. Lleva bebidos 2.3999999 l, y su tasa de alcoholemia UBE es de : 0.86399996 En el barril quedan 14.700034 l
Javier Alcalde se ha terminado su vaso, va a por otro.
Javier Alcalde se ha bebido un vaso. Lleva bebidos 2.6999998 l, y su tasa de alcoholemia UBE es de : 0.97199994 En el barril quedan 12.900033 l
Javier Alcalde se ha terminado su vaso, va a por otro.
Javier Alcalde se ha bebido un vaso. Lleva bebidos 2.9999998 l, y su tasa de alcoholemia UBE es de : 1.0799999 En el barril quedan 10.500031 l
Javier Alcalde se ha terminado su vaso, va a por otro.
Javier Alcalde se ha bebido un vaso. Lleva bebidos 3.2999997 l, y su tasa de alcoholemia UBE es de : 1.1879998 En el barril quedan 6.0000286 l
Javier Alcalde se ha terminado su vaso, va a por otro.
Javier Alcalde se ha bebido un vaso. Lleva bebidos 3.5999997 l, y su tasa de alcoholemia UBE es de : 1.2959999 En el barril quedan 5.400028 l
Javier Alcalde se ha terminado su vaso, va a por otro.
Javier Alcalde se ha bebido un vaso. Lleva bebidos 3.8999996 l, y su tasa de alcoholemia UBE es de : 1.4039999 En el barril quedan 3.0000277 l
Javier Alcalde se ha terminado su vaso, va a por otro.
Javier Alcalde se ha bebido un vaso. Lleva bebidos 4.2 l, y su tasa de alcoholemia UBE es de : 1.5119998 En el barril quedan 1.8000278 l
Javier Alcalde se ha terminado su vaso, va a por otro.
SoyJavier Alcalde me dispongo a pimplar cerveza
Javier Alcalde se ha bebido un vaso. Lleva bebidos 0.3 l, y su cerveza en sangre es  : 0.3 En el barril quedan 27.000008 l
Javier Alcalde se ha terminado su vaso, va a por otro.
Javier Alcalde se ha bebido un vaso. Lleva bebidos 0.6 l, y su cerveza en sangre es  : 0.6 En el barril quedan 23.700016 l
Javier Alcalde se ha terminado su vaso, va a por otro.
Javier Alcalde se ha bebido un vaso. Lleva bebidos 0.90000004 l, y su cerveza en sangre es  : 0.90000004 En el barril quedan 21.90002 l
Javier Alcalde se ha terminado su vaso, va a por otro.
Javier Alcalde se ha bebido un vaso. Lleva bebidos 1.2 l, y su cerveza en sangre es  : 1.2 En el barril quedan 19.200027 l
Javier Alcalde se ha terminado su vaso, va a por otro.
Javier Alcalde se ha bebido un vaso. Lleva bebidos 1.5 l, y su cerveza en sangre es  : 1.5 En el barril quedan 17.700031 l
Javier Alcalde se ha terminado su vaso, va a por otro.
Javier Alcalde se ha bebido un vaso. Lleva bebidos 1.8 l, y su cerveza en sangre es  : 1.8 En el barril quedan 14.100034 l
Javier Alcalde se ha terminado su vaso, va a por otro.
Javier Alcalde se ha bebido un vaso. Lleva bebidos 2.1 l, y su cerveza en sangre es  : 2.1 En el barril quedan 13.500033 l
Javier Alcalde se ha terminado su vaso, va a por otro.
Javier Alcalde se ha bebido un vaso. Lleva bebidos 2.3999999 l, y su cerveza en sangre es  : 2.3999999 En el barril quedan 9.900031 l
Javier Alcalde se ha terminado su vaso, va a por otro.
Javier Alcalde se ha bebido un vaso. Lleva bebidos 2.6999998 l, y su cerveza en sangre es  : 2.6999998 En el barril quedan 7.5000296 l
Javier Alcalde se ha terminado su vaso, va a por otro.
Javier Alcalde se ha bebido un vaso. Lleva bebidos 2.9999998 l, y su cerveza en sangre es  : 2.9999998 En el barril quedan 6.900029 l
Javier Alcalde se ha terminado su vaso, va a por otro.
Javier Alcalde se ha bebido un vaso. Lleva bebidos 3.2999997 l, y su cerveza en sangre es  : 3.2999997 En el barril quedan 3.6000276 l
Javier Alcalde se ha terminado su vaso, va a por otro.
Javier Alcalde se ha pasado bebiendo. Tiene que reposra un poco antes de seguir
Javier Alcalde se encuentra que el barril est vacio. Espera a que lo llenen
Javier Alcalde se encuentra que el barril est vacio. Espera a que lo llenen
Javier Alcalde se encuentra que el barril est vacio. Espera a que lo llenen
Javier Alcalde se encuentra que el barril est vacio. Espera a que lo llenen
Javier Alcalde se encuentra que el barril est vacio. Espera a que lo llenen
Javier Alcalde se encuentra que el barril est vacio. Espera a que lo llenen
Javier Alcalde se encuentra que el barril est vacio. Espera a que lo llenen
SoyJavier Alcalde me dispongo a pimplar cerveza
Javier Alcalde se ha bebido un vaso. Lleva bebidos 0.3 l, y su cerveza en sangre es  : 0.3su tasa de alcoholemia es: 0.10800002 En el barril quedan 27.900005 l
Javier Alcalde se ha terminado su vaso, va a por otro.
Javier Alcalde se ha bebido un vaso. Lleva bebidos 0.6 l, y su cerveza en sangre es  : 0.6su tasa de alcoholemia es: 0.21600004 En el barril quedan 25.500011 l
Javier Alcalde se ha terminado su vaso, va a por otro.
Javier Alcalde se ha bebido un vaso. Lleva bebidos 0.90000004 l, y su cerveza en sangre es  : 0.90000004su tasa de alcoholemia es: 0.324 En el barril quedan 23.400017 l
Javier Alcalde se ha terminado su vaso, va a por otro.
Javier Alcalde se ha bebido un vaso. Lleva bebidos 1.2 l, y su cerveza en sangre es  : 1.2su tasa de alcoholemia es: 0.43200007 En el barril quedan 20.400024 l
Javier Alcalde se ha terminado su vaso, va a por otro.
Javier Alcalde se ha bebido un vaso. Lleva bebidos 1.5 l, y su cerveza en sangre es  : 1.5su tasa de alcoholemia es: 0.54 En el barril quedan 18.00003 l
Javier Alcalde se ha terminado su vaso, va a por otro.
Javier Alcalde se ha bebido un vaso. Lleva bebidos 1.8 l, y su cerveza en sangre es  : 1.8su tasa de alcoholemia es: 0.648 En el barril quedan 17.100033 l
Javier Alcalde se ha terminado su vaso, va a por otro.
Javier Alcalde se ha bebido un vaso. Lleva bebidos 2.1 l, y su cerveza en sangre es  : 2.1su tasa de alcoholemia es: 0.7559999 En el barril quedan 13.800034 l
Javier Alcalde se ha terminado su vaso, va a por otro.
Javier Alcalde se ha bebido un vaso. Lleva bebidos 2.3999999 l, y su cerveza en sangre es  : 2.3999999su tasa de alcoholemia es: 0.86399996 En el barril quedan 12.600033 l
Javier Alcalde se ha terminado su vaso, va a por otro.
Javier Alcalde se ha bebido un vaso. Lleva bebidos 2.6999998 l, y su cerveza en sangre es  : 2.6999998su tasa de alcoholemia es: 0.97199994 En el barril quedan 10.500031 l
Javier Alcalde se ha terminado su vaso, va a por otro.
Javier Alcalde se ha bebido un vaso. Lleva bebidos 2.9999998 l, y su cerveza en sangre es  : 2.9999998su tasa de alcoholemia es: 1.0799999 En el barril quedan 8.40003 l
Javier Alcalde se ha terminado su vaso, va a por otro.
Javier Alcalde se ha bebido un vaso. Lleva bebidos 3.2999997 l, y su cerveza en sangre es  : 3.2999997su tasa de alcoholemia es: 1.1879998 En el barril quedan 7.5000296 l
Javier Alcalde se ha terminado su vaso, va a por otro.
Javier Alcalde se ha pasado bebiendo. Tiene que reposra un poco antes de seguir
Javier Alcalde se ha bebido un vaso. Lleva bebidos 3.5999997 l, y su cerveza en sangre es  : 2.0999997su tasa de alcoholemia es: 0.7559999 En el barril quedan 3.0000277 l
Javier Alcalde se ha terminado su vaso, va a por otro.
Javier Alcalde se ha bebido un vaso. Lleva bebidos 3.8999996 l, y su cerveza en sangre es  : 2.3999996su tasa de alcoholemia es: 0.86399996 En el barril quedan 0.3000279 l
Javier Alcalde se ha terminado su vaso, va a por otro.
