[2020-11-15T13:03:48.386758500] Lanzando barrera 99
[2020-11-15T13:03:48.388756500] La barrera 99 recibe un coche: 4939 HWF
[2020-11-15T13:05:21.609345900] Lanzando barrera 99
[2020-11-15T13:05:21.610426400] La barrera 99 recibe un coche: 2892 JJK
[2020-11-15T13:07:20.679852100] Lanzando barrera 99
[2020-11-15T13:07:20.680844500] La barrera 99 recibe un coche: 5985 BRP
[2020-11-15T13:10:49.111125700] Lanzando barrera 99
[2020-11-15T13:10:49.112125100] La barrera 99 recibe un coche: 2339 RFR
[2020-11-15T13:11:17.171509300] Lanzando barrera 99
[2020-11-15T13:11:17.173484900] La barrera 99 recibe un coche: 3488 HZC
[2020-11-15T13:11:26.018329100] Lanzando barrera 99
[2020-11-15T13:11:26.020017400] La barrera 99 recibe un coche: 6326 RFD
[2020-11-15T13:13:29.283315300] Lanzando barrera 99
[2020-11-15T13:13:29.285356900] La barrera 99 recibe un coche: 1487 YGH
[2020-11-15T13:14:30.306693400] Lanzando barrera 99
[2020-11-15T13:14:30.308690900] La barrera 99 recibe un coche: 8250 RZN
[2020-11-15T13:16:00.442036800] Lanzando barrera 99
[2020-11-15T13:16:00.444036] La barrera 99 recibe un coche: 3578 XXK
[2020-11-15T13:16:25.614625100] Lanzando barrera 99
[2020-11-15T13:16:25.616387200] La barrera 99 recibe un coche: 7876 BMM
[2020-11-15T13:19:23.321192300] Lanzando barrera 99
[2020-11-15T13:19:23.322192200] La barrera 99 recibe un coche: 6259 LWV
[2020-11-15T13:22:39.621703600] Lanzando barrera 99
[2020-11-15T13:22:39.622167300] La barrera 99 recibe un coche: 9909 BWH
[2020-11-15T13:39:47.796052] Lanzando barrera 22
[2020-11-15T13:39:51.513785600] La barrera 22 recibe un coche: 4831 NCS
[2020-11-15T13:40:03.058035300] La barrera 22 tiene un coche en espera (4831 NCS) Plazas libres: 126
[2020-11-15T13:40:07.540886] La barrera 22 deja pasar un coche: 4831 NCS Quedan 125 plaza.
[2020-11-15T13:40:19.339921400] Lanzando barrera 22
[2020-11-15T13:40:23.970546600] La barrera 22 recibe un coche: 0704 YZC
[2020-11-15T13:40:27.671029600] La barrera 22 tiene un coche en espera (0704 YZC) Plazas libres: 5
[2020-11-15T13:40:31.591453900] La barrera 22 deja pasar un coche: 0704 YZC Quedan 4 plaza.
[2020-11-15T13:40:35.031282100] Apagada la barrera 22
